CollapseTestNumberOfSpheres    = 1
CollapseTestRefineAtStart      = 1
CollapseTestUseParticles       = 0
CollapseTestUseColour          = 0
CollapseTestUseMetals          = 1
CollapseTestInitialTemperature = 150000.000000
CollapseTestInitialDensity     = 1.000000
CollapseTestUniformVelocity    = 0.000000 0.000000 0.000000
CollapseTestSphereType[0] = 11
CollapseTestSphereSubType[0] = 1
CollapseTestSphereSubTypeSlope[0] = -1.000000
CollapseTestSphereRadius[0] = 0.45
CollapseTestSphereCoreRadius[0] = 0.05
CollapseTestSphereDensity[0] = 8.000000
CollapseTestSphereTemperature[0] = 3000.000000
CollapseTestSphereMetallicity[0] = 0.000000
CollapseTestSpherePosition[0] = 0.5 0.5 0.5 
CollapseTestSphereVelocity[0] = 0 0 0 
CollapseTestFracKeplerianRot[0] = 0
CollapseTestSphereTurbulence[0] = 1
CollapseTestSphereCutOff[0] = 6.5
CollapseTestSphereAng1[0] = 0
CollapseTestSphereAng2[0] = 0
CollapseTestSphereNumShells[0] = 1
CollapseTestSphereConstantPressure[0] = 0
CollapseTestSphereSmoothSurface[0] = 0
CollapseTestSphereSmoothRadius[0] = 1.2
CollapseTestSphereHIIFraction[0] = 1e-20
CollapseTestSphereHeIIFraction[0] = 1e-20
CollapseTestSphereHeIIIFraction[0] = 1e-20
CollapseTestSphereH2IFraction[0] = 1e-20
CollapseTestSphereNumberOfBubbles[0] = 1e-20
CollapseTestSphereMetallicityDistributionCase[0] = 1e-20
CollapseTestSphereBubbleDensity[0][19] = 1
CollapseTestSphereBubbleRadius[0][19] = 3.0857e+21
CollapseTestSphereBubbleInnerRadius[0][19] = 1.54285e+21
CollapseTestSphereBubbleInnerDensity[0][19] = 4.1825e-27
CollapseTestSphereBubbleOuterDensity[0][19] = 4.1825e-26
CollapseTestSphereBubbleInnerMetallicity[0][19] = 0.01
CollapseTestSphereBubbleOuterMetallicity[0][19] = 0.001
CollapseTestSphereBubbleInnerTemperature[0][19] = 1500
CollapseTestSphereBubbleOuterTemperature[0][19] = 800
InitialCycleNumber  = 0
InitialTime         = 0
InitialCPUTime      = 0

CheckpointRestart   = 0
StopTime            = 1000
StopCycle           = 100000
StopSteps           = 10000
StopCPUTime         = 2.592e+06
ResubmitOn          = 0
ResubmitCommand     = (null)

MaximumTopGridTimeStep = 1e+20
TimeLastRestartDump = 0
dtRestartDump       = -99999
TimeLastDataDump    = -0.500005
dtDataDump          = 0.5
TimeLastHistoryDump = 0
dtHistoryDump       = 0

TracerParticleOn           = 0
TracerParticleOutputVelocity           = 0
TimeLastTracerParticleDump = 0
dtTracerParticleDump       = 0
TimeLastInterpolatedDataDump    = -99999
dtInterpolatedDataDump          = 0
NewMovieLeftEdge     = 0 0 0 
NewMovieRightEdge    = 1 1 1 
MovieSkipTimestep    = -99999
Movie3DVolumes       = 0
MovieVertexCentered  = 0
NewMovieParticleOn   = 2
MovieDataField       = -99999 -99999 -99999 -99999 -99999 -99999 
NewMovieDumpNumber   = 0
NewMovieName         = MoviePack
MovieTimestepCounter = 0

CycleLastRestartDump = 0
CycleSkipRestartDump = 0
CycleLastDataDump    = 0
CycleSkipDataDump    = 0
CycleLastHistoryDump = 0
CycleSkipHistoryDump = 0

PythonTopGridSkip       = 0
PythonSubcycleSkip      = 1
PythonReloadScript      = 0
TimingCycleSkip             = 1
CycleSkipGlobalDataDump = 0

SubcycleNumber          = 0
SubcycleSkipDataDump    = 0
SubcycleLastDataDump    = 0
OutputFirstTimeAtLevel = 0
StopFirstTimeAtLevel    = 0
NumberOfOutputsBeforeExit = 0

OutputOnDensity = 0
StartDensityOutputs = 999
CurrentDensityOutput = 999
IncrementDensityOutput = 999
StopFirstTimeAtDensity = 0
StopFirstTimeAtMetalEnrichedDensity = 0
EnrichedMetalFraction = 1e-08

FileDirectedOutput = 1
HierarchyFileInputFormat = 1
HierarchyFileOutputFormat = 1
RestartDumpNumber   = 0
DataDumpNumber      = 0
HistoryDumpNumber   = 0
TracerParticleDumpNumber = 0
RestartDumpName     = restart
DataDumpName        = DD
HistoryDumpName     = history
TracerParticleDumpName = TracerOutput
RedshiftDumpName    = RedshiftOutput

RestartDumpDir        = RS
DataDumpDir           = DD
HistoryDumpDir        = HD
TracerParticleDumpDir = TD
RedshiftDumpDir       = RD

GlobalDir           = .
NumberOfGhostZones    = 3
LoadBalancing          = 1
ResetLoadBalancing     = 0
LoadBalancingCycleSkip = 10
LoadBalancingMinLevel  = 0
LoadBalancingMaxLevel  = 50
ConductionDynamicRebuildHierarchy = 0
ConductionDynamicRebuildMinLevel  = 0
StaticHierarchy     = 0
TopGridRank         = 3
TopGridDimensions   = 128 128 128 

TopGridGravityBoundary = 0
ImplicitProblem = 0
RadiativeTransferFLD   = 0
ParticleBoundaryType   = 3
NumberOfParticles      = 0 (do not modify)
CourantSafetyNumber    = 0.200000
PPMFlatteningParameter = 0
PPMDiffusionParameter  = 0
PPMSteepeningParameter = 0

ProblemType                    = 27
HydroMethod                    = 0
huge_number                    = 1.000000e+20
tiny_number                    = 1.000000e-20
Gamma                          = 1.6667
PressureFree                   = 0
RefineBy                       = 2
MaximumRefinementLevel         = 10
MaximumGravityRefinementLevel  = 10
MaximumParticleRefinementLevel = -1
CellFlaggingMethod             = 2 -99999 -99999 -99999 -99999 -99999 -99999 -99999 -99999 
FluxCorrection                 = 1
UseCoolingTimestep             = 0
CoolingTimestepSafetyFactor    = 0.1
InterpolationMethod            = 1
ConservativeInterpolation      = 0
MinimumEfficiency              = 0.4
SubgridSizeAutoAdjust          = 1
OptimalSubgridsPerProcessor    = 16
MinimumSubgridEdge             = 4
MaximumSubgridSize             = 2000
CriticalGridRatio              = 3
NumberOfBufferZones            = 1

FastSiblingLocatorEntireDomain      = 1
MustRefineRegionMinRefinementLevel  = -1
MetallicityRefinementMinLevel       = -1
MetallicityRefinementMinMetallicity = 1e-05
MetallicityRefinementMinDensity     = -99999
DomainLeftEdge         = 0 0 0 
DomainRightEdge        = 1 1 1 
GridVelocity           = 0 0 0 
RefineRegionAutoAdjust = 0
RefineRegionLeftEdge   = 0 0 0 
RefineRegionRightEdge  = 1 1 1 
MustRefineRegionLeftEdge   = 0 0 0 
MustRefineRegionRightEdge  = 1 1 1 
RefineRegionTimeType   = -1
MustRefineParticlesLeftEdge   = 0 0 0 
MustRefineParticlesRightEdge  = 0 0 0 



DatabaseLocation       = /home/mturk/.enzo/my_runs.db


DataLabel[0]              = Density
#DataCGSConversionFactor[0] = 1.673e-27
DataLabel[1]              = TotalEnergy
DataLabel[2]              = GasEnergy
DataLabel[3]              = x-velocity
#DataCGSConversionFactor[3] = 977817916.7855
DataLabel[4]              = y-velocity
#DataCGSConversionFactor[4] = 977817916.7855
DataLabel[5]              = z-velocity
#DataCGSConversionFactor[5] = 977817916.7855
DataLabel[6]              = Electron_Density
#DataCGSConversionFactor[6] = 1.673e-27
DataLabel[7]              = HI_Density
#DataCGSConversionFactor[7] = 1.673e-27
DataLabel[8]              = HII_Density
#DataCGSConversionFactor[8] = 1.673e-27
DataLabel[9]              = HeI_Density
#DataCGSConversionFactor[9] = 1.673e-27
DataLabel[10]              = HeII_Density
#DataCGSConversionFactor[10] = 1.673e-27
DataLabel[11]              = HeIII_Density
#DataCGSConversionFactor[11] = 1.673e-27
DataLabel[12]              = HM_Density
#DataCGSConversionFactor[12] = 1.673e-27
DataLabel[13]              = H2I_Density
#DataCGSConversionFactor[13] = 1.673e-27
DataLabel[14]              = H2II_Density
#DataCGSConversionFactor[14] = 1.673e-27
DataLabel[15]              = Metal_Density
#DataCGSConversionFactor[15] = 1.673e-27
#TimeUnits                 = 31557000000000
#TemperatureUnits          = 11583238210.961

UniformGravity             = 0
UniformGravityDirection    = 0
UniformGravityConstant     = 1
PointSourceGravity           = 2
PointSourceGravityPosition   = 0.5 0.5 0.5 
PointSourceGravityConstant   = 1.989e+41
PointSourceGravityCoreRadius = 3.0857e+21

DiskGravity                        = 0
DiskGravityPosition                = 0 0 0 
DiskGravityAngularMomentum         = 0 0 1 
DiskGravityStellarDiskMass         = 1e+11
DiskGravityStellarDiskScaleHeightR = 0.004
DiskGravityStellarDiskScaleHeightz = 0.00025
DiskGravityStellarBulgeMass        = 1e+10
DiskGravityStellarBulgeR           = 0.0004
DiskGravityDarkMatterR             = 0.023
DiskGravityDarkMatterDensity       = 3.81323e-25
ExternalGravity           = 0
ExternalGravityConstant     = 0.000000
ExternalGravityRadius     = 0.000000
ExternalGravityDensity     = 0.000000
ExternalGravityPosition   = 0 0 0 
ExternalGravityOrientation   = 0 0 0 
SelfGravity                    = 1
SelfGravityGasOff              = 0
AccretionKernal                = 0
GravitationalConstant          = 1.396980e-06
S2ParticleSize                 = 3
GravityResolution              = 1
ComputePotential               = 0
PotentialIterations            = 4
WritePotential                 = 0
ParticleSubgridDepositMode     = 1
BaryonSelfGravityApproximation = 1
InlineHaloFinder               = 0
HaloFinderSubfind              = 0
HaloFinderCycleSkip            = 3
HaloFinderRunAfterOutput       = 1
HaloFinderOutputParticleList   = 0
HaloFinderMinimumSize          = 50
HaloFinderLinkingLength        = 0.200000
HaloFinderTimestep             = -99999.000000
HaloFinderLastTime             = 0.000000

GalaxySimulationRPSWind            = 0
GalaxySimulationRPSWindShockSpeed  = 0
GalaxySimulationRPSWindDelay       = 0
GalaxySimulationRPSWindDensity     = 1
GalaxySimulationRPSWindTotalEnergy = 1
GalaxySimulationRPSWindPressure    = 1
GalaxySimulationRPSWindVelocity    = 0 0 0 
GalaxySimulationPreWindDensity     = 1
GalaxySimulationPreWindTotalEnergy = 1
GalaxySimulationPreWindVelocity    = 0 0 0 
GreensFunctionMaxNumber     = 10
GreensFunctionMaxSize       = 1
DualEnergyFormalism         = 1
DualEnergyFormalismEta1     = 1.000000e-03
DualEnergyFormalismEta2     = 1.000000e-01
ParticleCourantSafetyNumber = 0.500000

RootGridCourantSafetyNumber = 1.000000

RandomForcing                  = 0
RandomForcingEdot              = -1
DrivenFlowProfile              = 0
RadiativeCooling               = 1
RadiativeCoolingModel          = 1
GadgetEquilibriumCooling       = 0
MultiSpecies                   = 2
CIECooling                     = 1
H2OpticalDepthApproximation    = 1
ThreeBodyRate                  = 0
H2FormationOnDust              = 0
CloudyCoolingGridFile          = 
IncludeCloudyHeating           = 0
CMBTemperatureFloor            = 1
CloudyElectronFractionFactor   = 0.009154
MetalCooling                   = 1
MetalCoolingTable              = metal_cool.dat
RadiativeTransfer              = 1
RadiationXRaySecondaryIon      = 0
RadiationXRayComptonHeating    = 0
CRModel                        = 0
CRDiffusion                    = 0
CRkappa                        = 0.000000
CRCourantSafetyNumber          = 0.500000
CRFeedback                     = 0.000000
CRdensFloor                    = 0.000000
CRmaxSoundSpeed                = 0.000000
CRgamma                        = 1.333333
CosmologySimulationUniformCR   = 0.000000
ShockMethod                    = 0
ShockTemperatureFloor          = 1.000000
StorePreShockFields            = 0
FindShocksOnlyOnOutput         = 0
RadiationFieldType             = 9
TabulatedLWBackground          = 0
AdjustUVBackground             = 1
AdjustUVBackgroundHighRedshift = 0
SetUVBAmplitude                = 1
SetHeIIHeatingScale            = 1.8
RadiationFieldLevelRecompute   = 0
RadiationFieldRedshift         = -99999.000000
RadiationShield                = 0
RadiationSpectrumNormalization = 1e-21
RadiationSpectrumSlope         = 1.5
CoolDataf0to3                  = 0.100000
RadiationRedshiftOn            = 7.000000
RadiationRedshiftOff           = 0.000000
RadiationRedshiftFullOn        = 6.000000
RadiationRedshiftDropOff       = 0.000000
HydrogenFractionByMass         = 0.760000
DeuteriumToHydrogenRatio       = 0.000068
SolarMetalFractionByMass       = 0.012950
NumberOfTemperatureBins        = 600
CoolDataIh2co                  = 1
CoolDataIpiht                  = 1
TemperatureStart               = 1.000000
TemperatureEnd                 = 100000000.000000
CoolDataCompXray               = 0.000000
CoolDataTempXray               = 0.000000
NumberOfDustTemperatureBins    = 250
DustTemperatureStart           = 1.000000
DustTemperatureEnd             = 1500.000000
PhotoelectricHeating           = 0
PhotoelectricHeatingRate       = 8.5e-26
VelAnyl                        = 0
BAnyl                          = 0
WriteExternalAccel             = 0
OutputCoolingTime              = 0
OutputTemperature              = 1
OutputDustTemperature          = 0
OutputSmoothedDarkMatter       = 0
SmoothedDarkMatterNeighbors    = 32
OutputGriddedStarParticle      = 2
ZEUSLinearArtificialViscosity    = 0
ZEUSQuadraticArtificialViscosity = 2
UseMinimumPressureSupport        = 0
MinimumPressureSupportParameter  = 100.000000
RefineByJeansLengthSafetyFactor  = 4.000000
JeansRefinementColdTemperature  = -1.000000
RefineByResistiveLengthSafetyFactor  = 2.000000
MustRefineParticlesRefineToLevel = 0
MustRefineParticlesCreateParticles = 0
MustRefineParticlesRefineToLevelAutoAdjust = 0
MustRefineParticlesMinimumMass = 0.000000
ParticleTypeInFile               = 1
WriteGhostZones                  = 0
ReadGhostZones                   = 0
OutputParticleTypeGrouping       = 1
MoveParticlesBetweenSiblings     = 1
ParticleSplitterIterations       = 0
ParticleSplitterRandomSeed       = 131180
ParticleSplitterChildrenParticleSeparation     = 1.000000
ResetMagneticField               = 0
ResetMagneticFieldAmplitude      = 0 0 0
MultiRefineRegionMaximumOuterLevel  = -99999
MultiRefineRegionMinimumOuterLevel  = -99999
ParallelRootGridIO              = 0
ParallelParticleIO              = 0
Unigrid                         = 0
UnigridTranspose                = 2
NumberOfRootGridTilesPerDimensionPerProcessor = 1
PartitionNestedGrids            = 0
ExtractFieldsOnly               = 0
CubeDumpEnabled                 = 0
UserDefinedRootGridLayout       = -99999 -99999 -99999
Debug1                          = 0
Debug2                          = 0
MemoryLimit                     = 4000000000
SlopeFlaggingFields = -99999 -99999 -99999 -99999 -99999 -99999 -99999
MinimumSlopeForRefinement = 0.3 0.3 0.3 0.3 0.3 0.3 0.3
SecondDerivativeFlaggingFields = -99999 -99999 -99999 -99999 -99999 -99999 -99999
MinimumSecondDerivativeForRefinement = 0.3 0.3 0.3 0.3 0.3 0.3 0.3
SecondDerivativeEpsilon = 0.01
MinimumOverDensityForRefinement = 8 1.5 1.5 1.5 1.5 1.5 1.5
MinimumMassForRefinement = 3.81469727e-06 7.15255737e-07 7.15255737e-07 7.15255737e-07 7.15255737e-07 7.15255737e-07 7.15255737e-07
MinimumMassForRefinementLevelExponent = 0.000000 0.000000 0.000000 0.000000 0.000000 0.000000 0.000000
MinimumShearForRefinement             = 1.000000e+00
OldShearMethod                        = 0
MinimumPressureJumpForRefinement      = 3.300000e-01
MinimumEnergyRatioForRefinement       = 1.000000e-01
ShockwaveRefinementMinMach            = 1.300000
ShockwaveRefinementMinVelocity        = 10000000.000000
ShockwaveRefinementMaxLevel           = 0
ComovingCoordinates                   = 0
StarParticleCreation                  = 9
BigStarFormation                      = 0
BigStarFormationDone                  = 0
BigStarSeparation                     = 0.250000
SimpleQ                               = 1e+50
SimpleRampTime                        = 0.100000
StarFormationOncePerRootGridTimeStep  = 0
StarParticleFeedback                  = 0
StarParticleRadiativeFeedback         = 1
NumberOfParticleAttributes            = 3
SinkMergeDistance                     = 10000000000000000.000000
SinkMergeMass                         = 0.100000
StellarWindFeedback                   = 0
StellarWindTurnOnMass                 = 0.100000
MSStellarWindTurnOnMass                 = 10.000000
StarMakerOverDensityThreshold         = 10000
StarMakerUseOverDensityThreshold      = 1
StarMakerMaximumFractionCell          = 0.5
StarMakerSHDensityThreshold           = 7e-26
StarMakerTimeIndependentFormation     = 0
StarMakerMassEfficiency               = 0.05
StarMakerMinimumMass                  = 1
StarMakerMinimumDynamicalTime         = 1e+07
StarMassEjectionFraction              = 1e-05
StarMetalYield                        = 0.02
StarEnergyToThermalFeedback           = 0.0001
StarEnergyToStellarUV                 = 3e-06
StarEnergyToQuasarUV                  = 5e-06
StarFeedbackKineticFraction           = 0
StarMakerExplosionDelayTime           = -1
StarFeedbackDistRadius                = 0
StarFeedbackDistCellStep              = 0
StarMakerTypeIaSNe                    = 0
StarMakerTypeIISNeMetalField          = 0
StarMakerPlanetaryNebulae             = 0
MultiMetals                           = 0

IsotropicConduction                   = 0
AnisotropicConduction                 = 0
IsotropicConductionSpitzerFraction    = 0.000000
AnisotropicConductionSpitzerFraction  = 0.000000
ConductionCourantSafetyNumber   = 0.500000
SpeedOfLightTimeStepLimit             = 0
RefineByJeansLengthUnits              = 0
IsothermalSoundSpeed                  = 1
StarClusterUseMetalField              = 0
StarClusterUnresolvedModel            = 0
StarClusterMinDynamicalTime           = 1e+07
StarClusterIonizingLuminosity         = 1e+47
StarClusterHeliumIonization           = 0
StarClusterSNEnergy                   = 6.8e+48
StarClusterSNRadius                   = 10
StarClusterFormEfficiency             = 0.1
StarClusterMinimumMass                = 1000
StarClusterCombineRadius              = 10
StarClusterRegionLeftEdge             = 0.000000 0.000000 0.000000
StarClusterRegionRightEdge            = 1.000000 1.000000 1.000000
PopIIIStarMass                        = 20
PopIIIInitialMassFunction             = 0
PopIIIInitialMassFunctionSub          = 2
PopIIIInitialMassFunctionSeed         = -99999
PopIIIInitialMassFunctionCalls        = 0
PopIIIMassRange                       = 10.000000 650.000000
PopIIIInitialMassFunctionSlope        = -1.300000
PopIIIHeliumIonization                = 1
PopIIIBlackHoles                      = 0
PopIIIBHLuminosityEfficiency          = 0.100000
PopIIIOverDensityThreshold            = 1e+06
PopIIIH2CriticalFraction              = 0.0005
PopIIIMetalCriticalFraction           = 1e-06
PopIIISupernovaExplosions             = 1
PopIIISupernovaRadius                 = 10
PopIIISupernovaUseColour              = 1
PopIIISupernovaMustRefine             = 0
PopIIISupernovaMustRefineResolution   = 32
PopIIIColorDensityThreshold           = 1e+06
PopIIIColorMass                       = 1e+06
PopIIIUseHypernova                    = 1
PopIIIOutputOnFeedback                = 0
PopIIIStellarFeedbackDistRadius       = 0
PopIIIStellarFeedbackDistCellStep     = 0

PopIIISimpleSupernovaDistRadius       = 0
PopIIISimpleSupernovaDistCellStep       = 0
PopIIIEnergyToThermalFeedback       = 1e-05
PopIIIMakerMassEfficiency       = 0.05
MBHAccretion                          = 0
MBHAccretionRadius                    = 50
MBHAccretingMassRatio                 = 1
MBHAccretionFixedTemperature          = 300000
MBHAccretionFixedRate                 = 0.001
MBHTurnOffStarFormation               = 0
MBHCombineRadius                      = 50
MBHMinDynamicalTime                   = 1e+07
MBHMinimumMass                        = 1000

MBHFeedback                           = 0
MBHFeedbackRadiativeEfficiency        = 0.1
MBHFeedbackEnergyCoupling             = 0.05
MBHFeedbackMassEjectionFraction       = 0.1
MBHFeedbackMetalYield                 = 0.02
MBHFeedbackThermalRadius              = 50
MBHFeedbackJetsThresholdMass          = 10

MBHParticleIO                         = 0
MBHParticleIOFilename               = mbh_particle_io.dat
MBHInsertLocationFilename           = mbh_insert_location.in

ClusterSMBHFeedback           = 0
ClusterSMBHJetMdot            = 3.000000
ClusterSMBHJetVelocity        = 10000.000000
ClusterSMBHJetRadius          = 6.000000
ClusterSMBHJetLaunchOffset    = 10.000000
ClusterSMBHStartTime          = 1.000000
ClusterSMBHTramp              = 0.100000
ClusterSMBHJetOpenAngleRadius = 0.000000
ClusterSMBHFastJetRadius      = 0.100000
ClusterSMBHFastJetVelocity    = 10000.000000
ClusterSMBHJetEdot            = 1.000000
ClusterSMBHKineticFraction    = 1.000000
ClusterSMBHJetAngleTheta      = 0.000000
ClusterSMBHJetAnglePhi        = 0.000000
ClusterSMBHJetPrecessionPeriod= 0.000000
ClusterSMBHCalculateGasMass   = 1
ClusterSMBHFeedbackSwitch     = 0
ClusterSMBHEnoughColdGas      = 10000000.000000
ClusterSMBHAccretionTime      = 5.000000
ClusterSMBHJetDim             = 2
ClusterSMBHAccretionEpsilon   = 0.001000
H2StarMakerEfficiency              = 0.01
H2StarMakerNumberDensityThreshold  = 0
H2StarMakerMinimumMass             = 0
H2StarMakerMinimumH2FractionForStarFormation = 1e-05
H2StarMakerStochastic              = 1
H2StarMakerUseSobolevColumn        = 0
H2StarMakerSigmaOverR              = 0.0333333
H2StarMakerAssumeColdWarmPressureBalance = 0
H2StarMakerH2DissociationFlux_MW   = 1
H2StarMakerH2FloorInColdGas        = 0

H2StarMakerColdGasTemperature      = 10000

UseHydro                   = 1
Theta_Limiter              = 1.500000
RiemannSolver              = 4
RiemannSolverFallback      = 1
ConservativeReconstruction = 0
PositiveReconstruction     = 0
ReconstructionMethod       = 1
RKOrder                    = 2
UsePhysicalUnit            = 0
UseFloor                   = 0
UseViscosity               = 0
ViscosityCoefficient       = 0
UseAmbipolarDiffusion      = 0
UseResistivity             = 0
SmallRho                   = 1e-30
SmallP                     = 1e-35
SmallT                     = 1e-10
MaximumAlvenSpeed          = 1e+30
Coordinate                 = 0
EOSType                    = 0
EOSSoundSpeed              = 26500
EOSCriticalDensity         = 1e-13
EOSGamma                   = 1.667
Mu                         = 0.6
DivBDampingLength          = 1
CoolingCutOffDensity1      = 0
CoolingCutOffDensity2      = 1e+10
CoolingCutOffTemperature   = 0
CoolingPowerCutOffDensity1 = 0
CoolingPowerCutOffDensity2 = 1e+10
UseConstantAcceleration    = 0
ConstantAcceleration       = 0 0 0
UseDrivingField            = 0
DrivingEfficiency          = 1.000000
DivergenceCleaningBoundaryBuffer = 0
UseDivergenceCleaning            = 0
DivergenceCleaningThreshold      = 0.001
PoissonApproximationThreshold    = 0.001
PoissonBoundaryType    = 0
UseGasDrag                       = 0
GasDragCoefficient               = 0.000000
AngularVelocity              = 0.001000
VelocityGradient             = 1.000000
ShearingVelocityDirection    = -1
ShearingBoxProblemType    = 0

LeftFaceBoundaryCondition  = 1 1 1 
RightFaceBoundaryCondition = 1 1 1 
MassUnits = 4.9153793710263e+40
DensityUnits    = 1.673e-27
TimeUnits    = 31557000000000
LengthUnits  = 3.0857e+22
dtPhoton                                  = 0
RadiativeTransferLoadBalance              = 0
RadiativeTransferRadiationPressure        = 0
RadiativeTransferRadiationPressureScale   = 0.000000
RadiativeTransferSourceRadius             = 0
RadiativeTransferPropagationSpeedFraction = 0
RadiativeTransferPropagationDistance      = 0
RadiativeTransferCoupledRateSolver        = 0
RadiativeTransferOpticallyThinH2          = 0
RadiativeTransferFLDCallOnLevel           = 0
RadiativeTransferPeriodicBoundary         = 0
RadiativeTransferSplitPhotonRadius        = 0.000000
RadiativeTransferFluxBackgroundLimit      = 0.000000
RadiativeTransferHubbleTimeFraction       = 0.000000
RadiativeTransferRaysPerCell              = 0.000000
RadiativeTransferTimestepVelocityLimit    = 0.000000
RadiativeTransferTimestepVelocityLevel    = 0
RadiativeTransferInitialHEALPixLevel      = 0
RadiativeTransferPhotonEscapeRadius       = 0.000000
RadiativeTransferInterpolateField         = 0
RadiativeTransferSourceClustering         = 0
RadiativeTransferPhotonMergeRadius        = 0.000000
RadiativeTransferSourceBeamAngle          = 0.000000
RadiativeTransferHIIRestrictedTimestep    = 0
RadiativeTransferAdaptiveTimestep         = 0
RadiativeTransferHydrogenOnly             = 0
RadiativeTransferTraceSpectrum            = 0
RadiativeTransferTraceSpectrumTable       = (null)

MHDCTSlopeLimiter          = 1
MHDCTDualEnergyMethod          = 2
MHDPowellSource          = 0
WriteBoundary          = 0
CT_AthenaDissipation          =0.1
MHD_WriteElectric             =1
tiny_pressure                 =1e-20
MHD_CT_Method                 =2
NumberOfGhostZones           =3
IsothermalSoundSpeed          =1
FixedTimestep          =-1
MHD_ProjectB                  =0
MHD_ProjectE                  =1
EquationOfState               =0
CorrectParentBoundaryFlux          = 0
CurrentTimeIdentifier = 1555749220
MetaDataSimulationUUID          = 2b11e1dd-c984-4aaa-900c-d93912ae20c8
MetaDataDatasetUUID             = 3ff6845c-2b9a-4ba3-ba36-d2812027cb6d
VersionNumber              = 2.500000

