 1.000E+00  1.476E-32  1.790E-40  1.090E-30  1.363E-25  2.464E-25  9.857E-41  5.453E-25  6.836E-10  3.059E-10  2.447E-27  2.734E-09  3.105E-11  1.115E-19
 1.031E+00  1.476E-32  1.781E-40  1.077E-30  1.363E-25  2.464E-25  9.806E-41  5.453E-25  6.899E-10  3.094E-10  2.337E-27  2.760E-09  3.153E-11  1.115E-19
 1.063E+00  1.475E-32  1.772E-40  1.064E-30  1.363E-25  2.464E-25  9.754E-41  5.453E-25  6.963E-10  3.129E-10  2.232E-27  2.785E-09  3.202E-11  1.115E-19
 1.097E+00  1.475E-32  1.762E-40  1.051E-30  1.363E-25  2.464E-25  9.703E-41  5.453E-25  7.027E-10  3.164E-10  2.131E-27  2.811E-09  3.251E-11  1.115E-19
 1.131E+00  1.475E-32  1.753E-40  1.038E-30  1.363E-25  2.464E-25  9.653E-41  5.453E-25  7.092E-10  3.200E-10  2.035E-27  2.837E-09  3.302E-11  1.115E-19
 1.166E+00  1.475E-32  1.744E-40  1.025E-30  1.363E-25  2.464E-25  9.602E-41  5.453E-25  7.158E-10  3.236E-10  1.943E-27  2.863E-09  3.353E-11  1.115E-19
 1.203E+00  1.475E-32  1.735E-40  1.013E-30  1.363E-25  2.464E-25  9.552E-41  5.453E-25  7.225E-10  3.272E-10  1.856E-27  2.890E-09  3.405E-11  1.115E-19
 1.240E+00  1.475E-32  1.726E-40  1.000E-30  1.363E-25  2.464E-25  9.502E-41  5.453E-25  7.291E-10  3.309E-10  1.772E-27  2.917E-09  3.457E-11  1.115E-19
 1.279E+00  1.475E-32  1.717E-40  9.881E-31  1.363E-25  2.464E-25  9.452E-41  5.453E-25  7.359E-10  3.346E-10  1.692E-27  2.944E-09  3.511E-11  1.115E-19
 1.319E+00  1.475E-32  1.708E-40  9.761E-31  1.363E-25  2.464E-25  9.403E-41  5.453E-25  7.427E-10  3.384E-10  1.616E-27  2.971E-09  3.565E-11  1.115E-19
 1.360E+00  1.475E-32  1.699E-40  9.642E-31  1.363E-25  2.464E-25  9.354E-41  5.453E-25  7.496E-10  3.422E-10  1.543E-27  2.998E-09  3.621E-11  1.115E-19
 1.403E+00  1.475E-32  1.690E-40  9.525E-31  1.363E-25  2.464E-25  9.305E-41  5.453E-25  7.566E-10  3.461E-10  1.473E-27  3.026E-09  3.677E-11  1.115E-19
 1.446E+00  1.475E-32  1.681E-40  9.408E-31  1.363E-25  2.464E-25  9.256E-41  5.453E-25  7.636E-10  3.500E-10  1.407E-27  3.054E-09  3.734E-11  1.115E-19
 1.491E+00  1.475E-32  1.672E-40  9.294E-31  1.363E-25  2.464E-25  9.208E-41  5.453E-25  7.706E-10  3.539E-10  1.344E-27  3.083E-09  3.792E-11  1.115E-19
 1.538E+00  1.474E-32  1.664E-40  9.180E-31  1.363E-25  2.464E-25  9.160E-41  5.453E-25  7.778E-10  3.579E-10  1.283E-27  3.111E-09  3.850E-11  1.115E-19
 1.586E+00  1.474E-32  1.655E-40  9.068E-31  1.363E-25  2.464E-25  9.112E-41  5.453E-25  7.850E-10  3.620E-10  1.225E-27  3.140E-09  3.910E-11  1.115E-19
 1.636E+00  1.474E-32  1.646E-40  8.958E-31  1.363E-25  2.464E-25  9.064E-41  5.453E-25  7.923E-10  3.661E-10  1.170E-27  3.169E-09  3.971E-11  1.115E-19
 1.687E+00  1.474E-32  1.638E-40  8.849E-31  1.363E-25  2.464E-25  9.016E-41  5.453E-25  7.996E-10  3.702E-10  1.117E-27  3.198E-09  4.032E-11  1.115E-19
 1.739E+00  1.474E-32  1.629E-40  8.741E-31  1.363E-25  2.464E-25  8.969E-41  5.453E-25  8.070E-10  3.744E-10  1.067E-27  3.228E-09  4.095E-11  1.115E-19
 1.794E+00  1.474E-32  1.621E-40  8.634E-31  1.363E-25  2.464E-25  8.922E-41  5.453E-25  8.145E-10  3.786E-10  1.019E-27  3.258E-09  4.158E-11  1.115E-19
 1.850E+00  1.474E-32  1.612E-40  8.529E-31  1.363E-25  2.464E-25  8.875E-41  5.453E-25  8.220E-10  3.828E-10  9.728E-28  3.288E-09  4.223E-11  1.115E-19
 1.908E+00  1.474E-32  1.604E-40  8.425E-31  1.363E-25  2.464E-25  8.829E-41  5.453E-25  8.297E-10  3.872E-10  9.290E-28  3.319E-09  4.288E-11  1.115E-19
 1.967E+00  1.474E-32  1.595E-40  8.322E-31  1.363E-25  2.464E-25  8.783E-41  5.453E-25  8.373E-10  3.915E-10  8.871E-28  3.349E-09  4.354E-11  1.115E-19
 2.029E+00  1.474E-32  1.587E-40  8.220E-31  1.363E-25  2.464E-25  8.737E-41  5.453E-25  8.451E-10  3.959E-10  8.471E-28  3.380E-09  4.422E-11  1.115E-19
 2.092E+00  1.474E-32  1.579E-40  8.120E-31  1.363E-25  2.464E-25  8.691E-41  5.453E-25  8.529E-10  4.004E-10  8.089E-28  3.412E-09  4.490E-11  1.115E-19
 2.157E+00  1.473E-32  1.570E-40  8.021E-31  1.363E-25  2.464E-25  8.645E-41  5.453E-25  8.608E-10  4.049E-10  7.724E-28  3.443E-09  4.560E-11  1.115E-19
 2.225E+00  1.473E-32  1.562E-40  7.923E-31  1.363E-25  2.464E-25  8.600E-41  5.453E-25  8.688E-10  4.095E-10  7.376E-28  3.475E-09  4.631E-11  1.115E-19
 2.294E+00  1.473E-32  1.554E-40  7.826E-31  1.363E-25  2.464E-25  8.555E-41  5.453E-25  8.769E-10  4.141E-10  7.044E-28  3.507E-09  4.703E-11  1.115E-19
 2.366E+00  1.473E-32  1.546E-40  7.731E-31  1.363E-25  2.464E-25  8.510E-41  5.453E-25  8.850E-10  4.188E-10  6.726E-28  3.540E-09  4.775E-11  1.115E-19
 2.440E+00  1.473E-32  1.538E-40  7.636E-31  1.363E-25  2.464E-25  8.465E-41  5.453E-25  8.932E-10  4.235E-10  6.423E-28  3.573E-09  4.849E-11  1.115E-19
 2.516E+00  1.473E-32  1.530E-40  7.543E-31  1.363E-25  2.464E-25  8.421E-41  5.453E-25  9.015E-10  4.283E-10  6.133E-28  3.606E-09  4.925E-11  1.115E-19
 2.594E+00  1.473E-32  1.521E-40  7.451E-31  1.363E-25  2.464E-25  8.377E-41  5.453E-25  9.098E-10  4.331E-10  5.857E-28  3.639E-09  5.001E-11  1.115E-19
 2.675E+00  1.473E-32  1.513E-40  7.360E-31  1.363E-25  2.464E-25  8.333E-41  5.453E-25  9.182E-10  4.380E-10  5.593E-28  3.673E-09  5.078E-11  1.115E-19
 2.759E+00  1.473E-32  1.506E-40  7.270E-31  1.363E-25  2.464E-25  8.289E-41  5.453E-25  9.268E-10  4.429E-10  5.341E-28  3.707E-09  5.157E-11  1.115E-19
 2.845E+00  1.472E-32  1.498E-40  7.181E-31  1.363E-25  2.464E-25  8.245E-41  5.453E-25  9.353E-10  4.479E-10  5.100E-28  3.741E-09  5.237E-11  1.115E-19
 2.934E+00  1.472E-32  1.490E-40  7.094E-31  1.363E-25  2.464E-25  8.202E-41  5.453E-25  9.440E-10  4.530E-10  4.870E-28  3.776E-09  5.318E-11  1.115E-19
 3.026E+00  1.472E-32  1.482E-40  7.007E-31  1.363E-25  2.464E-25  8.159E-41  5.453E-25  9.528E-10  4.581E-10  4.651E-28  3.811E-09  5.401E-11  1.115E-19
 3.120E+00  1.472E-32  1.474E-40  6.921E-31  1.363E-25  2.464E-25  8.116E-41  5.453E-25  9.616E-10  4.633E-10  4.441E-28  3.846E-09  5.484E-11  1.115E-19
 3.217E+00  1.472E-32  1.466E-40  6.837E-31  1.363E-25  2.464E-25  8.073E-41  5.453E-25  9.705E-10  4.685E-10  4.241E-28  3.882E-09  5.569E-11  1.115E-19
 3.318E+00  1.472E-32  1.459E-40  6.753E-31  1.363E-25  2.464E-25  8.031E-41  5.453E-25  9.795E-10  4.738E-10  4.049E-28  3.918E-09  5.656E-11  1.115E-19
 3.422E+00  1.472E-32  1.451E-40  6.671E-31  1.363E-25  2.464E-25  7.988E-41  5.453E-25  9.886E-10  4.791E-10  3.867E-28  3.954E-09  5.743E-11  1.115E-19
 3.528E+00  1.472E-32  1.443E-40  6.589E-31  1.363E-25  2.464E-25  7.946E-41  5.453E-25  9.977E-10  4.845E-10  3.693E-28  3.991E-09  5.832E-11  1.115E-19
 3.639E+00  1.471E-32  1.436E-40  6.509E-31  1.363E-25  2.464E-25  7.905E-41  5.453E-25  1.007E-09  4.900E-10  3.526E-28  4.028E-09  5.923E-11  1.115E-19
 3.752E+00  1.471E-32  1.428E-40  6.429E-31  1.363E-25  2.464E-25  7.863E-41  5.453E-25  1.016E-09  4.955E-10  3.367E-28  4.065E-09  6.014E-11  1.115E-19
 3.869E+00  1.471E-32  1.421E-40  6.350E-31  1.363E-25  2.464E-25  7.821E-41  5.453E-25  1.026E-09  5.011E-10  3.215E-28  4.103E-09  6.108E-11  1.115E-19
 3.990E+00  1.471E-32  1.413E-40  6.273E-31  1.363E-25  2.464E-25  7.780E-41  5.453E-25  1.035E-09  5.068E-10  3.070E-28  4.141E-09  6.202E-11  1.115E-19
 4.115E+00  1.471E-32  1.406E-40  6.196E-31  1.363E-25  2.464E-25  7.739E-41  5.453E-25  1.045E-09  5.125E-10  2.932E-28  4.179E-09  6.298E-11  1.115E-19
 4.243E+00  1.471E-32  1.398E-40  6.120E-31  1.363E-25  2.464E-25  7.698E-41  5.453E-25  1.054E-09  5.182E-10  2.800E-28  4.218E-09  6.396E-11  1.115E-19
 4.376E+00  1.471E-32  1.391E-40  6.045E-31  1.363E-25  2.464E-25  7.658E-41  5.453E-25  1.064E-09  5.241E-10  2.674E-28  4.257E-09  6.495E-11  1.115E-19
 4.513E+00  1.470E-32  1.384E-40  5.971E-31  1.363E-25  2.464E-25  7.617E-41  5.453E-25  1.074E-09  5.300E-10  2.553E-28  4.296E-09  6.596E-11  1.115E-19
 4.653E+00  1.470E-32  1.376E-40  5.898E-31  1.363E-25  2.464E-25  7.577E-41  5.453E-25  1.084E-09  5.360E-10  2.438E-28  4.336E-09  6.698E-11  1.115E-19
 4.799E+00  1.470E-32  1.369E-40  5.826E-31  1.363E-25  2.464E-25  7.537E-41  5.453E-25  1.094E-09  5.420E-10  2.328E-28  4.376E-09  6.802E-11  1.115E-19
 4.949E+00  1.470E-32  1.362E-40  5.755E-31  1.363E-25  2.464E-25  7.497E-41  5.453E-25  1.104E-09  5.481E-10  2.223E-28  4.417E-09  6.907E-11  1.115E-19
 5.103E+00  1.470E-32  1.355E-40  5.684E-31  1.363E-25  2.464E-25  7.458E-41  5.453E-25  1.114E-09  5.543E-10  2.123E-28  4.458E-09  7.014E-11  1.115E-19
 5.263E+00  1.470E-32  1.347E-40  5.615E-31  1.363E-25  2.464E-25  7.418E-41  5.453E-25  1.125E-09  5.606E-10  2.027E-28  4.499E-09  7.123E-11  1.115E-19
 5.427E+00  1.469E-32  1.340E-40  5.546E-31  1.363E-25  2.464E-25  7.379E-41  5.453E-25  1.135E-09  5.669E-10  1.936E-28  4.541E-09  7.234E-11  1.115E-19
 5.596E+00  1.469E-32  1.333E-40  5.478E-31  1.363E-25  2.464E-25  7.340E-41  5.453E-25  1.146E-09  5.733E-10  1.849E-28  4.583E-09  7.346E-11  1.115E-19
 5.771E+00  1.469E-32  1.326E-40  5.411E-31  1.363E-25  2.464E-25  7.301E-41  5.453E-25  1.156E-09  5.798E-10  1.765E-28  4.625E-09  7.460E-11  1.115E-19
 5.951E+00  1.469E-32  1.319E-40  5.345E-31  1.363E-25  2.464E-25  7.263E-41  5.453E-25  1.167E-09  5.863E-10  1.686E-28  4.668E-09  7.575E-11  1.115E-19
 6.137E+00  1.469E-32  1.312E-40  5.279E-31  1.363E-25  2.464E-25  7.224E-41  5.453E-25  1.178E-09  5.929E-10  1.610E-28  4.711E-09  7.693E-11  1.115E-19
 6.329E+00  1.469E-32  1.305E-40  5.215E-31  1.363E-25  2.464E-25  7.186E-41  5.453E-25  1.189E-09  5.996E-10  1.537E-28  4.755E-09  7.812E-11  1.115E-19
 6.527E+00  1.468E-32  1.298E-40  5.151E-31  1.363E-25  2.464E-25  7.148E-41  5.453E-25  1.200E-09  6.064E-10  1.468E-28  4.799E-09  7.933E-11  1.115E-19
 6.730E+00  1.468E-32  1.291E-40  5.088E-31  1.363E-25  2.464E-25  7.110E-41  5.453E-25  1.211E-09  6.132E-10  1.402E-28  4.844E-09  8.056E-11  1.115E-19
 6.941E+00  1.468E-32  1.285E-40  5.025E-31  1.363E-25  2.464E-25  7.072E-41  5.453E-25  1.222E-09  6.201E-10  1.338E-28  4.888E-09  8.181E-11  1.115E-19
 7.157E+00  1.468E-32  1.278E-40  4.964E-31  1.363E-25  2.464E-25  7.035E-41  5.453E-25  1.233E-09  6.271E-10  1.278E-28  4.934E-09  8.308E-11  1.115E-19
 7.381E+00  1.468E-32  1.271E-40  4.903E-31  1.363E-25  2.464E-25  6.998E-41  5.453E-25  1.245E-09  6.342E-10  1.220E-28  4.979E-09  8.437E-11  1.115E-19
 7.611E+00  1.467E-32  1.264E-40  4.843E-31  1.363E-25  2.464E-25  6.961E-41  5.453E-25  1.256E-09  6.413E-10  1.165E-28  5.026E-09  8.567E-11  1.115E-19
 7.849E+00  1.467E-32  1.258E-40  4.783E-31  1.363E-25  2.464E-25  6.924E-41  5.453E-25  1.268E-09  6.486E-10  1.113E-28  5.072E-09  8.700E-11  1.115E-19
 8.094E+00  1.467E-32  1.251E-40  4.724E-31  1.363E-25  2.464E-25  6.887E-41  5.453E-25  1.280E-09  6.559E-10  1.063E-28  5.119E-09  8.835E-11  1.115E-19
 8.347E+00  1.467E-32  1.244E-40  4.666E-31  1.363E-25  2.464E-25  6.850E-41  5.453E-25  1.292E-09  6.633E-10  1.015E-28  5.167E-09  8.972E-11  1.115E-19
 8.608E+00  1.467E-32  1.238E-40  4.609E-31  1.363E-25  2.464E-25  6.814E-41  5.453E-25  1.304E-09  6.708E-10  9.691E-29  5.214E-09  9.111E-11  1.115E-19
 8.877E+00  1.466E-32  1.231E-40  4.553E-31  1.363E-25  2.464E-25  6.778E-41  5.453E-25  1.316E-09  6.783E-10  9.254E-29  5.263E-09  9.253E-11  1.115E-19
 9.154E+00  1.466E-32  1.225E-40  4.497E-31  1.363E-25  2.464E-25  6.742E-41  5.453E-25  1.328E-09  6.860E-10  8.837E-29  5.311E-09  9.396E-11  1.115E-19
 9.440E+00  1.466E-32  1.218E-40  4.442E-31  1.363E-25  2.464E-25  6.706E-41  5.453E-25  1.340E-09  6.937E-10  8.438E-29  5.361E-09  9.542E-11  1.115E-19
 9.735E+00  1.466E-32  1.212E-40  4.387E-31  1.363E-25  2.464E-25  6.670E-41  5.453E-25  1.353E-09  7.015E-10  8.058E-29  5.410E-09  9.690E-11  1.115E-19
 1.004E+01  1.466E-32  1.205E-40  4.333E-31  1.363E-25  2.464E-25  6.634E-41  5.453E-25  1.365E-09  7.094E-10  7.695E-29  5.460E-09  9.840E-11  1.115E-19
 1.035E+01  1.465E-32  1.199E-40  4.280E-31  1.363E-25  2.464E-25  6.599E-41  5.453E-25  1.378E-09  7.174E-10  7.348E-29  5.511E-09  9.993E-11  1.115E-19
 1.068E+01  1.465E-32  1.192E-40  4.227E-31  1.363E-25  2.464E-25  6.564E-41  5.453E-25  1.390E-09  7.255E-10  7.017E-29  5.562E-09  1.015E-10  1.115E-19
 1.101E+01  1.465E-32  1.186E-40  4.175E-31  1.363E-25  2.464E-25  6.529E-41  5.453E-25  1.403E-09  7.337E-10  6.700E-29  5.613E-09  1.031E-10  1.115E-19
 1.135E+01  1.465E-32  1.180E-40  4.124E-31  1.363E-25  2.464E-25  6.494E-41  5.453E-25  1.416E-09  7.420E-10  6.398E-29  5.665E-09  1.047E-10  1.115E-19
 1.171E+01  1.464E-32  1.173E-40  4.073E-31  1.363E-25  2.464E-25  6.459E-41  5.453E-25  1.429E-09  7.504E-10  6.110E-29  5.718E-09  1.063E-10  1.115E-19
 1.207E+01  1.464E-32  1.167E-40  4.023E-31  1.363E-25  2.464E-25  6.425E-41  5.453E-25  1.443E-09  7.588E-10  5.834E-29  5.771E-09  1.079E-10  1.115E-19
 1.245E+01  1.464E-32  1.161E-40  3.974E-31  1.363E-25  2.464E-25  6.391E-41  5.453E-25  1.456E-09  7.674E-10  5.571E-29  5.824E-09  1.096E-10  1.115E-19
 1.284E+01  1.464E-32  1.155E-40  3.925E-31  1.363E-25  2.464E-25  6.357E-41  5.453E-25  1.470E-09  7.760E-10  5.320E-29  5.878E-09  1.113E-10  1.115E-19
 1.324E+01  1.463E-32  1.148E-40  3.876E-31  1.363E-25  2.464E-25  6.323E-41  5.453E-25  1.483E-09  7.848E-10  5.080E-29  5.933E-09  1.130E-10  1.115E-19
 1.365E+01  1.463E-32  1.142E-40  3.829E-31  1.363E-25  2.464E-25  6.289E-41  5.453E-25  1.497E-09  7.936E-10  4.851E-29  5.988E-09  1.148E-10  1.115E-19
 1.408E+01  1.463E-32  1.136E-40  3.782E-31  1.363E-25  2.464E-25  6.255E-41  5.453E-25  1.511E-09  8.026E-10  4.633E-29  6.043E-09  1.166E-10  1.115E-19
 1.452E+01  1.463E-32  1.130E-40  3.735E-31  1.363E-25  2.464E-25  6.222E-41  5.453E-25  1.525E-09  8.117E-10  4.424E-29  6.099E-09  1.184E-10  1.115E-19
 1.497E+01  1.462E-32  1.124E-40  3.689E-31  1.363E-25  2.464E-25  6.188E-41  5.453E-25  1.539E-09  8.208E-10  4.224E-29  6.156E-09  1.202E-10  1.115E-19
 1.544E+01  1.462E-32  1.118E-40  3.644E-31  1.363E-25  2.464E-25  6.155E-41  5.453E-25  1.553E-09  8.301E-10  4.034E-29  6.213E-09  1.221E-10  1.115E-19
 1.592E+01  1.462E-32  1.112E-40  3.599E-31  1.363E-25  2.464E-25  6.122E-41  5.453E-25  1.568E-09  8.394E-10  3.852E-29  6.270E-09  1.240E-10  1.115E-19
 1.642E+01  1.462E-32  1.106E-40  3.554E-31  1.363E-25  2.464E-25  6.089E-41  5.453E-25  1.582E-09  8.489E-10  3.678E-29  6.328E-09  1.259E-10  1.115E-19
 1.693E+01  1.461E-32  1.100E-40  3.511E-31  1.363E-25  2.464E-25  6.056E-41  5.453E-25  1.597E-09  8.585E-10  3.513E-29  6.387E-09  1.278E-10  1.115E-19
 1.746E+01  1.461E-32  1.094E-40  3.467E-31  1.363E-25  2.464E-25  6.024E-41  5.453E-25  1.611E-09  8.682E-10  3.354E-29  6.446E-09  1.298E-10  1.115E-19
 1.801E+01  1.461E-32  1.088E-40  3.424E-31  1.363E-25  2.464E-25  5.992E-41  5.453E-25  1.626E-09  8.779E-10  3.203E-29  6.505E-09  1.318E-10  1.115E-19
 1.857E+01  1.460E-32  1.082E-40  3.382E-31  1.363E-25  2.464E-25  5.959E-41  5.453E-25  1.641E-09  8.878E-10  3.059E-29  6.566E-09  1.339E-10  1.115E-19
 1.915E+01  1.460E-32  1.077E-40  3.341E-31  1.363E-25  2.464E-25  5.927E-41  5.453E-25  1.657E-09  8.979E-10  2.921E-29  6.626E-09  1.360E-10  1.115E-19
 1.975E+01  1.460E-32  1.071E-40  3.299E-31  1.363E-25  2.464E-25  5.895E-41  5.453E-25  1.672E-09  9.080E-10  2.789E-29  6.688E-09  1.381E-10  1.115E-19
 2.036E+01  1.459E-32  1.065E-40  3.259E-31  1.363E-25  2.464E-25  5.864E-41  5.453E-25  1.687E-09  9.182E-10  2.663E-29  6.750E-09  1.402E-10  1.115E-19
 2.100E+01  1.459E-32  1.059E-40  3.218E-31  1.363E-25  2.464E-25  5.832E-41  5.453E-25  1.703E-09  9.286E-10  2.543E-29  6.812E-09  1.424E-10  1.115E-19
 2.166E+01  1.459E-32  1.054E-40  3.179E-31  1.363E-25  2.464E-25  5.800E-41  5.453E-25  1.719E-09  9.391E-10  2.429E-29  6.875E-09  1.446E-10  1.115E-19
 2.233E+01  1.458E-32  1.048E-40  3.139E-31  1.363E-25  2.464E-25  5.769E-41  5.453E-25  1.735E-09  9.496E-10  2.319E-29  6.939E-09  1.469E-10  1.115E-19
 2.303E+01  1.458E-32  1.042E-40  3.100E-31  1.363E-25  2.464E-25  5.738E-41  5.453E-25  1.751E-09  9.604E-10  2.215E-29  7.003E-09  1.491E-10  1.115E-19
 2.375E+01  1.458E-32  1.037E-40  3.062E-31  1.363E-25  2.464E-25  5.707E-41  5.453E-25  1.767E-09  9.712E-10  2.115E-29  7.068E-09  1.515E-10  1.115E-19
 2.449E+01  1.457E-32  1.031E-40  3.024E-31  1.363E-25  2.464E-25  5.676E-41  5.453E-25  1.783E-09  9.821E-10  2.019E-29  7.133E-09  1.538E-10  1.115E-19
 2.525E+01  1.457E-32  1.025E-40  2.987E-31  1.363E-25  2.464E-25  5.645E-41  5.453E-25  1.800E-09  9.932E-10  1.928E-29  7.199E-09  1.562E-10  1.115E-19
 2.604E+01  1.457E-32  1.020E-40  2.950E-31  1.363E-25  2.464E-25  5.615E-41  5.453E-25  1.817E-09  1.004E-09  1.841E-29  7.266E-09  1.586E-10  1.115E-19
 2.686E+01  1.456E-32  1.014E-40  2.913E-31  1.363E-25  2.464E-25  5.584E-41  5.453E-25  1.833E-09  1.016E-09  1.758E-29  7.333E-09  1.611E-10  1.115E-19
 2.770E+01  1.456E-32  1.009E-40  2.877E-31  1.363E-25  2.464E-25  5.554E-41  5.453E-25  1.850E-09  1.027E-09  1.679E-29  7.401E-09  1.636E-10  1.115E-19
 2.856E+01  1.456E-32  1.003E-40  2.842E-31  1.363E-25  2.464E-25  5.524E-41  5.453E-25  1.867E-09  1.039E-09  1.603E-29  7.470E-09  1.661E-10  1.115E-19
 2.945E+01  1.455E-32  9.979E-41  2.806E-31  1.363E-25  2.464E-25  5.494E-41  5.453E-25  1.885E-09  1.051E-09  1.531E-29  7.539E-09  1.687E-10  1.115E-19
 3.037E+01  1.455E-32  9.925E-41  2.772E-31  1.363E-25  2.464E-25  5.464E-41  5.453E-25  1.902E-09  1.062E-09  1.462E-29  7.609E-09  1.713E-10  1.115E-19
 3.132E+01  1.455E-32  9.871E-41  2.737E-31  1.363E-25  2.464E-25  5.434E-41  5.453E-25  1.920E-09  1.074E-09  1.396E-29  7.679E-09  1.740E-10  1.115E-19
 3.230E+01  1.454E-32  9.817E-41  2.703E-31  1.363E-25  2.464E-25  5.405E-41  5.453E-25  1.938E-09  1.086E-09  1.333E-29  7.750E-09  1.767E-10  1.115E-19
 3.331E+01  1.454E-32  9.764E-41  2.670E-31  1.363E-25  2.464E-25  5.375E-41  5.453E-25  1.955E-09  1.099E-09  1.273E-29  7.822E-09  1.795E-10  1.115E-19
 3.435E+01  1.453E-32  9.710E-41  2.637E-31  1.363E-25  2.464E-25  5.346E-41  5.453E-25  1.974E-09  1.111E-09  1.216E-29  7.894E-09  1.823E-10  1.115E-19
 3.542E+01  1.453E-32  9.658E-41  2.604E-31  1.363E-25  2.464E-25  5.317E-41  5.453E-25  1.992E-09  1.124E-09  1.161E-29  7.967E-09  1.851E-10  1.115E-19
 3.653E+01  1.453E-32  9.605E-41  2.572E-31  1.363E-25  2.464E-25  5.288E-41  5.453E-25  2.010E-09  1.136E-09  1.109E-29  8.041E-09  1.880E-10  1.115E-19
 3.767E+01  1.452E-32  9.552E-41  2.540E-31  1.363E-25  2.464E-25  5.259E-41  5.453E-25  2.029E-09  1.149E-09  1.059E-29  8.115E-09  1.909E-10  1.115E-19
 3.884E+01  1.452E-32  9.500E-41  2.508E-31  1.363E-25  2.464E-25  5.230E-41  5.453E-25  2.048E-09  1.162E-09  1.011E-29  8.190E-09  1.939E-10  1.115E-19
 4.006E+01  1.451E-32  9.448E-41  2.477E-31  1.363E-25  2.464E-25  5.202E-41  5.453E-25  2.067E-09  1.175E-09  9.654E-30  8.266E-09  1.969E-10  1.115E-19
 4.131E+01  1.451E-32  9.396E-41  2.446E-31  1.363E-25  2.464E-25  5.173E-41  5.453E-25  2.086E-09  1.188E-09  9.219E-30  8.343E-09  1.999E-10  1.115E-19
 4.260E+01  1.450E-32  9.345E-41  2.416E-31  1.363E-25  2.464E-25  5.145E-41  5.453E-25  2.105E-09  1.202E-09  8.803E-30  8.420E-09  2.031E-10  1.115E-19
 4.393E+01  1.450E-32  9.294E-41  2.386E-31  1.363E-25  2.464E-25  5.117E-41  5.453E-25  2.124E-09  1.215E-09  8.406E-30  8.498E-09  2.062E-10  1.115E-19
 4.530E+01  1.449E-32  9.243E-41  2.356E-31  1.363E-25  2.464E-25  5.088E-41  5.453E-25  2.144E-09  1.229E-09  8.027E-30  8.576E-09  2.094E-10  1.115E-19
 4.671E+01  1.449E-32  9.192E-41  2.327E-31  1.363E-25  2.464E-25  5.061E-41  5.453E-25  2.164E-09  1.243E-09  7.665E-30  8.655E-09  2.127E-10  1.115E-19
 4.817E+01  1.448E-32  9.141E-41  2.298E-31  1.363E-25  2.464E-25  5.033E-41  5.453E-25  2.184E-09  1.257E-09  7.320E-30  8.736E-09  2.160E-10  1.115E-19
 4.968E+01  1.448E-32  9.091E-41  2.269E-31  1.363E-25  2.464E-25  5.005E-41  5.453E-25  2.204E-09  1.271E-09  6.990E-30  8.816E-09  2.194E-10  1.115E-19
 5.123E+01  1.448E-32  9.041E-41  2.241E-31  1.363E-25  2.464E-25  4.977E-41  5.453E-25  2.224E-09  1.286E-09  6.675E-30  8.898E-09  2.228E-10  1.115E-19
 5.283E+01  1.447E-32  8.991E-41  2.213E-31  1.363E-25  2.464E-25  4.950E-41  5.453E-25  2.245E-09  1.300E-09  6.374E-30  8.980E-09  2.263E-10  1.115E-19
 5.448E+01  1.447E-32  8.941E-41  2.185E-31  1.363E-25  2.464E-25  4.923E-41  5.453E-25  2.266E-09  1.315E-09  6.086E-30  9.063E-09  2.298E-10  1.115E-19
 5.618E+01  1.446E-32  8.892E-41  2.158E-31  1.363E-25  2.464E-25  4.895E-41  5.453E-25  2.287E-09  1.329E-09  5.812E-30  9.147E-09  2.334E-10  1.115E-19
 5.793E+01  1.445E-32  8.843E-41  2.131E-31  1.363E-25  2.464E-25  4.868E-41  5.453E-25  2.308E-09  1.344E-09  5.550E-30  9.231E-09  2.370E-10  1.115E-19
 5.974E+01  1.445E-32  8.794E-41  2.104E-31  1.363E-25  2.464E-25  4.841E-41  5.453E-25  2.329E-09  1.360E-09  5.300E-30  9.317E-09  2.407E-10  1.115E-19
 6.161E+01  1.444E-32  8.745E-41  2.078E-31  1.363E-25  2.464E-25  4.815E-41  5.453E-25  2.351E-09  1.375E-09  5.061E-30  9.403E-09  2.445E-10  1.115E-19
 6.353E+01  1.444E-32  8.696E-41  2.052E-31  1.363E-25  2.464E-25  4.788E-41  5.453E-25  2.372E-09  1.390E-09  4.833E-30  9.490E-09  2.483E-10  1.115E-19
 6.552E+01  1.443E-32  8.648E-41  2.026E-31  1.363E-25  2.464E-25  4.761E-41  5.453E-25  2.394E-09  1.406E-09  4.615E-30  9.578E-09  2.521E-10  1.115E-19
 6.756E+01  1.443E-32  8.600E-41  2.001E-31  1.363E-25  2.464E-25  4.735E-41  5.453E-25  2.417E-09  1.422E-09  4.407E-30  9.666E-09  2.561E-10  1.115E-19
 6.967E+01  1.442E-32  8.552E-41  1.976E-31  1.363E-25  2.464E-25  4.708E-41  5.453E-25  2.439E-09  1.438E-09  4.208E-30  9.755E-09  2.601E-10  1.115E-19
 7.185E+01  1.442E-32  8.505E-41  1.951E-31  1.363E-25  2.464E-25  4.682E-41  5.453E-25  2.461E-09  1.454E-09  4.018E-30  9.846E-09  2.641E-10  1.115E-19
 7.409E+01  1.441E-32  8.457E-41  1.927E-31  1.363E-25  2.464E-25  4.656E-41  5.453E-25  2.484E-09  1.471E-09  3.837E-30  9.937E-09  2.683E-10  1.115E-19
 7.641E+01  1.440E-32  8.410E-41  1.903E-31  1.363E-25  2.464E-25  4.630E-41  5.453E-25  2.507E-09  1.487E-09  3.664E-30  1.003E-08  2.725E-10  1.115E-19
 7.879E+01  1.440E-32  8.363E-41  1.879E-31  1.363E-25  2.464E-25  4.604E-41  5.453E-25  2.530E-09  1.504E-09  3.499E-30  1.012E-08  2.767E-10  1.115E-19
 8.125E+01  1.439E-32  8.316E-41  1.855E-31  1.363E-25  2.464E-25  4.578E-41  5.453E-25  2.554E-09  1.521E-09  3.341E-30  1.021E-08  2.810E-10  1.115E-19
 8.379E+01  1.439E-32  8.270E-41  1.832E-31  1.363E-25  2.464E-25  4.553E-41  5.453E-25  2.577E-09  1.538E-09  3.191E-30  1.031E-08  2.854E-10  1.115E-19
 8.641E+01  1.438E-32  8.223E-41  1.809E-31  1.363E-25  2.464E-25  4.527E-41  5.453E-25  2.601E-09  1.556E-09  3.047E-30  1.040E-08  2.899E-10  1.115E-19
 8.911E+01  1.437E-32  8.177E-41  1.786E-31  1.363E-25  2.464E-25  4.502E-41  5.453E-25  2.625E-09  1.573E-09  2.910E-30  1.050E-08  2.944E-10  1.115E-19
 9.189E+01  1.437E-32  8.131E-41  1.764E-31  1.363E-25  2.464E-25  4.477E-41  5.453E-25  2.649E-09  1.591E-09  2.778E-30  1.060E-08  2.990E-10  1.115E-19
 9.476E+01  1.436E-32  8.085E-41  1.741E-31  1.363E-25  2.464E-25  4.451E-41  5.453E-25  2.674E-09  1.609E-09  2.653E-30  1.070E-08  3.037E-10  1.115E-19
 9.772E+01  1.435E-32  8.040E-41  1.719E-31  1.363E-25  2.464E-25  4.426E-41  5.453E-25  2.698E-09  1.627E-09  2.534E-30  1.079E-08  3.085E-10  1.115E-19
 1.008E+02  1.435E-32  7.994E-41  1.698E-31  1.363E-25  2.464E-25  4.401E-41  5.453E-25  2.723E-09  1.645E-09  2.419E-30  1.089E-08  3.133E-10  1.115E-19
 1.039E+02  1.434E-32  7.949E-41  1.676E-31  1.363E-25  2.464E-25  4.376E-41  5.453E-25  2.749E-09  1.664E-09  2.310E-30  1.099E-08  3.182E-10  1.115E-19
 1.072E+02  1.433E-32  7.904E-41  1.655E-31  1.363E-25  2.464E-25  4.352E-41  5.453E-25  2.774E-09  1.683E-09  2.206E-30  1.110E-08  3.232E-10  1.115E-19
 1.105E+02  1.433E-32  7.860E-41  1.634E-31  1.363E-25  2.464E-25  4.327E-41  5.453E-25  2.800E-09  1.702E-09  2.107E-30  1.120E-08  3.283E-10  1.115E-19
 1.140E+02  1.432E-32  7.815E-41  1.614E-31  1.363E-25  2.464E-25  4.303E-41  5.453E-25  2.825E-09  1.721E-09  2.012E-30  1.130E-08  3.334E-10  1.115E-19
 1.175E+02  1.431E-32  7.771E-41  1.593E-31  1.363E-25  2.464E-25  4.278E-41  5.453E-25  2.851E-09  1.740E-09  1.921E-30  1.141E-08  3.386E-10  1.115E-19
 1.212E+02  1.430E-32  7.726E-41  1.573E-31  1.363E-25  2.464E-25  4.254E-41  5.453E-25  2.878E-09  1.760E-09  1.834E-30  1.151E-08  3.439E-10  1.115E-19
 1.250E+02  1.430E-32  7.682E-41  1.553E-31  1.363E-25  2.464E-25  4.230E-41  5.453E-25  2.904E-09  1.780E-09  1.752E-30  1.162E-08  3.493E-10  1.115E-19
 1.289E+02  1.429E-32  7.639E-41  1.534E-31  1.363E-25  2.464E-25  4.205E-41  5.453E-25  2.931E-09  1.800E-09  1.673E-30  1.172E-08  3.548E-10  1.115E-19
 1.329E+02  1.428E-32  7.595E-41  1.514E-31  1.363E-25  2.464E-25  4.181E-41  5.453E-25  2.958E-09  1.820E-09  1.597E-30  1.183E-08  3.604E-10  1.115E-19
 1.371E+02  1.427E-32  7.552E-41  1.495E-31  1.363E-25  2.464E-25  4.158E-41  5.453E-25  2.985E-09  1.841E-09  1.525E-30  1.194E-08  3.660E-10  1.115E-19
 1.413E+02  1.427E-32  7.508E-41  1.476E-31  1.363E-25  2.464E-25  4.134E-41  5.453E-25  3.013E-09  1.861E-09  1.457E-30  1.205E-08  3.718E-10  1.115E-19
 1.457E+02  1.426E-32  7.465E-41  1.457E-31  1.363E-25  2.464E-25  4.110E-41  5.453E-25  3.041E-09  1.882E-09  1.391E-30  1.216E-08  3.776E-10  1.115E-19
 1.503E+02  1.425E-32  7.422E-41  1.439E-31  1.363E-25  2.464E-25  4.086E-41  5.453E-25  3.069E-09  1.903E-09  1.328E-30  1.228E-08  3.836E-10  1.115E-19
 1.550E+02  1.424E-32  7.380E-41  1.421E-31  1.363E-25  2.464E-25  4.063E-41  5.453E-25  3.097E-09  1.925E-09  1.268E-30  1.239E-08  3.896E-10  1.115E-19
 1.598E+02  1.423E-32  7.337E-41  1.403E-31  1.363E-25  2.464E-25  4.040E-41  5.453E-25  3.126E-09  1.947E-09  1.211E-30  1.250E-08  3.957E-10  1.115E-19
 1.648E+02  1.423E-32  7.295E-41  1.385E-31  1.363E-25  2.464E-25  4.016E-41  5.453E-25  3.155E-09  1.969E-09  1.157E-30  1.262E-08  4.020E-10  1.115E-19
 1.700E+02  1.422E-32  7.253E-41  1.367E-31  1.363E-25  2.464E-25  3.993E-41  5.453E-25  3.184E-09  1.991E-09  1.104E-30  1.273E-08  4.083E-10  1.115E-19
 1.753E+02  1.421E-32  7.211E-41  1.350E-31  1.363E-25  2.464E-25  3.970E-41  5.453E-25  3.213E-09  2.013E-09  1.055E-30  1.285E-08  4.147E-10  1.115E-19
 1.808E+02  1.420E-32  7.169E-41  1.332E-31  1.363E-25  2.464E-25  3.947E-41  5.453E-25  3.243E-09  2.036E-09  1.007E-30  1.297E-08  4.213E-10  1.115E-19
 1.864E+02  1.419E-32  7.128E-41  1.315E-31  1.363E-25  2.464E-25  3.924E-41  5.453E-25  3.272E-09  2.059E-09  9.617E-31  1.309E-08  4.279E-10  1.115E-19
 1.922E+02  1.418E-32  1.188E-40  1.299E-31  1.363E-25  2.464E-25  3.901E-41  5.453E-25  3.303E-09  2.082E-09  9.183E-31  1.321E-08  4.347E-10  1.115E-19
 1.982E+02  1.417E-32  9.419E-40  1.282E-31  1.363E-25  2.464E-25  3.879E-41  5.453E-25  3.333E-09  2.106E-09  8.769E-31  1.333E-08  4.415E-10  1.115E-19
 2.044E+02  1.416E-32  7.013E-39  1.266E-31  1.363E-25  2.464E-25  3.856E-41  5.453E-25  3.364E-09  2.129E-09  8.374E-31  1.345E-08  4.485E-10  1.115E-19
 2.108E+02  1.415E-32  4.912E-38  1.249E-31  1.363E-25  2.464E-25  3.833E-41  5.453E-25  3.395E-09  2.153E-09  7.996E-31  1.358E-08  4.556E-10  1.115E-19
 2.174E+02  1.414E-32  3.244E-37  1.233E-31  1.363E-25  2.464E-25  3.811E-41  5.453E-25  3.426E-09  2.178E-09  7.636E-31  1.370E-08  4.628E-10  1.115E-19
 2.242E+02  1.413E-32  2.022E-36  1.218E-31  1.363E-25  2.464E-25  3.789E-41  5.453E-25  3.458E-09  2.202E-09  7.292E-31  1.383E-08  4.701E-10  1.115E-19
 2.312E+02  1.412E-32  1.193E-35  1.202E-31  1.363E-25  2.464E-25  3.766E-41  5.453E-25  3.489E-09  2.227E-09  6.963E-31  1.396E-08  4.775E-10  1.115E-19
 2.384E+02  1.411E-32  6.664E-35  1.187E-31  1.363E-25  2.464E-25  3.744E-41  5.453E-25  3.521E-09  2.252E-09  6.649E-31  1.409E-08  4.851E-10  1.115E-19
 2.458E+02  1.410E-32  3.534E-34  1.171E-31  1.363E-25  2.464E-25  3.722E-41  5.453E-25  3.554E-09  2.278E-09  6.349E-31  1.422E-08  4.928E-10  1.115E-19
 2.535E+02  1.409E-32  1.781E-33  1.156E-31  1.363E-25  2.464E-25  3.700E-41  5.453E-25  3.587E-09  2.303E-09  6.063E-31  1.435E-08  5.006E-10  1.115E-19
 2.614E+02  1.408E-32  8.549E-33  1.141E-31  1.363E-25  2.464E-25  3.678E-41  5.453E-25  3.620E-09  2.329E-09  5.790E-31  1.448E-08  5.085E-10  1.115E-19
 2.696E+02  1.407E-32  3.911E-32  1.127E-31  1.363E-25  2.464E-25  3.657E-41  5.453E-25  3.653E-09  2.356E-09  5.529E-31  1.461E-08  5.166E-10  1.115E-19
 2.780E+02  1.406E-32  1.709E-31  1.112E-31  1.363E-25  2.464E-25  3.635E-41  5.453E-25  3.687E-09  2.382E-09  5.279E-31  1.475E-08  5.248E-10  1.115E-19
 2.867E+02  1.405E-32  7.138E-31  1.098E-31  1.363E-25  2.464E-25  3.613E-41  5.453E-25  3.720E-09  2.409E-09  5.041E-31  1.488E-08  5.331E-10  1.115E-19
 2.957E+02  1.404E-32  2.855E-30  1.084E-31  1.363E-25  2.464E-25  3.592E-41  5.453E-25  3.755E-09  2.436E-09  4.814E-31  1.502E-08  5.416E-10  1.115E-19
 3.049E+02  1.403E-32  1.094E-29  1.070E-31  1.363E-25  2.464E-25  3.570E-41  5.453E-25  3.789E-09  2.464E-09  4.597E-31  1.516E-08  5.502E-10  1.115E-19
 3.144E+02  1.402E-32  4.028E-29  1.056E-31  1.363E-25  2.464E-25  3.549E-41  5.453E-25  3.824E-09  2.491E-09  4.390E-31  1.530E-08  5.589E-10  1.115E-19
 3.242E+02  1.401E-32  1.425E-28  1.042E-31  1.363E-25  2.464E-25  3.528E-41  5.453E-25  3.859E-09  2.520E-09  4.192E-31  1.544E-08  5.678E-10  1.115E-19
 3.344E+02  1.399E-32  4.851E-28  1.029E-31  1.363E-25  2.464E-25  3.506E-41  5.453E-25  3.895E-09  2.548E-09  4.003E-31  1.558E-08  5.769E-10  1.115E-19
 3.448E+02  1.398E-32  1.591E-27  1.015E-31  1.363E-25  2.464E-25  3.485E-41  5.453E-25  3.930E-09  2.577E-09  3.823E-31  1.572E-08  5.860E-10  1.115E-19
 3.556E+02  1.397E-32  5.031E-27  1.002E-31  1.363E-25  2.464E-25  3.464E-41  5.453E-25  3.966E-09  2.606E-09  3.650E-31  1.587E-08  5.954E-10  1.115E-19
 3.667E+02  1.396E-32  1.537E-26  9.891E-32  1.363E-25  2.464E-25  3.443E-41  5.453E-25  4.003E-09  2.635E-09  3.486E-31  1.601E-08  6.049E-10  1.115E-19
 3.781E+02  1.395E-32  4.536E-26  9.762E-32  1.363E-25  2.464E-25  3.423E-41  5.453E-25  4.040E-09  2.665E-09  3.329E-31  1.616E-08  6.145E-10  1.115E-19
 3.899E+02  1.393E-32  1.295E-25  9.635E-32  1.363E-25  2.464E-25  3.402E-41  5.453E-25  4.077E-09  2.695E-09  3.179E-31  1.631E-08  6.243E-10  1.115E-19
 4.021E+02  1.392E-32  3.583E-25  9.510E-32  1.363E-25  2.464E-25  3.381E-41  5.453E-25  4.114E-09  2.725E-09  3.035E-31  1.646E-08  6.343E-10  1.115E-19
 4.147E+02  1.391E-32  9.610E-25  9.386E-32  1.363E-25  2.464E-25  3.361E-41  5.453E-25  4.152E-09  2.756E-09  2.898E-31  1.661E-08  6.445E-10  1.115E-19
 4.276E+02  1.389E-32  2.501E-24  9.263E-32  1.363E-25  2.464E-25  3.340E-41  5.453E-25  4.190E-09  2.787E-09  2.768E-31  1.676E-08  6.548E-10  1.115E-19
 4.410E+02  1.388E-32  6.320E-24  9.142E-32  1.363E-25  2.464E-25  3.320E-41  5.453E-25  4.228E-09  2.819E-09  2.643E-31  1.691E-08  6.652E-10  1.115E-19
 4.547E+02  1.387E-32  1.553E-23  9.022E-32  1.363E-25  2.464E-25  3.299E-41  5.453E-25  4.267E-09  2.850E-09  2.524E-31  1.707E-08  6.759E-10  1.115E-19
 4.689E+02  1.385E-32  3.712E-23  8.904E-32  1.363E-25  2.464E-25  3.279E-41  5.453E-25  4.306E-09  2.882E-09  2.410E-31  1.723E-08  6.867E-10  1.115E-19
 4.836E+02  1.384E-32  8.642E-23  8.787E-32  1.363E-25  2.464E-25  3.259E-41  5.453E-25  4.346E-09  2.915E-09  2.301E-31  1.738E-08  6.977E-10  1.115E-19
 4.987E+02  1.383E-32  1.960E-22  8.672E-32  1.363E-25  2.464E-25  3.239E-41  5.453E-25  4.386E-09  2.948E-09  2.198E-31  1.754E-08  7.089E-10  1.115E-19
 5.143E+02  1.381E-32  4.337E-22  8.558E-32  1.363E-25  2.464E-25  3.219E-41  5.453E-25  4.426E-09  2.981E-09  2.099E-31  1.770E-08  7.203E-10  1.115E-19
 5.303E+02  1.380E-32  9.366E-22  8.445E-32  1.363E-25  2.464E-25  3.199E-41  5.453E-25  4.466E-09  3.015E-09  2.004E-31  1.787E-08  7.319E-10  1.115E-19
 5.469E+02  1.378E-32  1.976E-21  8.334E-32  1.363E-25  2.464E-25  3.179E-41  5.453E-25  4.507E-09  3.049E-09  1.914E-31  1.803E-08  7.437E-10  1.115E-19
 5.640E+02  1.377E-32  4.073E-21  8.224E-32  1.363E-25  2.464E-25  3.159E-41  5.453E-25  4.549E-09  3.083E-09  1.827E-31  1.819E-08  7.556E-10  1.115E-19
 5.816E+02  1.375E-32  8.214E-21  8.116E-32  1.363E-25  2.464E-25  3.139E-41  5.453E-25  4.590E-09  3.118E-09  1.745E-31  1.836E-08  7.678E-10  1.115E-19
 5.997E+02  1.374E-32  1.621E-20  8.008E-32  1.363E-25  2.464E-25  3.119E-41  5.453E-25  4.632E-09  3.153E-09  1.666E-31  1.853E-08  7.802E-10  1.115E-19
 6.185E+02  1.372E-32  3.134E-20  7.902E-32  1.363E-25  2.464E-25  3.100E-41  5.453E-25  4.675E-09  3.189E-09  1.591E-31  1.870E-08  7.928E-10  1.115E-19
 6.378E+02  1.371E-32  5.938E-20  7.798E-32  1.363E-25  2.464E-25  3.080E-41  5.453E-25  4.717E-09  3.225E-09  1.519E-31  1.887E-08  8.056E-10  1.115E-19
 6.577E+02  1.369E-32  1.103E-19  7.694E-32  1.363E-25  2.464E-25  3.061E-41  5.453E-25  4.760E-09  3.261E-09  1.451E-31  1.904E-08  8.186E-10  1.115E-19
 6.782E+02  1.368E-32  2.011E-19  7.592E-32  1.363E-25  2.464E-25  3.042E-41  5.453E-25  4.804E-09  3.298E-09  1.386E-31  1.922E-08  8.318E-10  1.115E-19
 6.994E+02  1.366E-32  3.600E-19  7.491E-32  1.363E-25  2.464E-25  3.022E-41  5.453E-25  4.848E-09  3.335E-09  1.323E-31  1.939E-08  8.453E-10  1.115E-19
 7.213E+02  1.364E-32  6.329E-19  7.391E-32  1.363E-25  2.464E-25  3.003E-41  5.453E-25  4.892E-09  3.373E-09  1.263E-31  1.957E-08  8.590E-10  1.115E-19
 7.438E+02  1.363E-32  1.094E-18  7.293E-32  1.363E-25  2.464E-25  2.984E-41  5.453E-25  4.937E-09  3.411E-09  1.206E-31  1.975E-08  8.729E-10  1.115E-19
 7.670E+02  1.361E-32  1.858E-18  7.195E-32  1.363E-25  2.464E-25  2.965E-41  5.453E-25  4.982E-09  3.449E-09  1.152E-31  1.993E-08  8.870E-10  1.115E-19
 7.910E+02  1.359E-32  3.107E-18  7.099E-32  1.363E-25  2.464E-25  2.946E-41  5.453E-25  5.027E-09  3.488E-09  1.100E-31  2.011E-08  9.014E-10  1.115E-19
 8.157E+02  1.358E-32  5.113E-18  7.004E-32  1.363E-25  2.464E-25  1.006E-40  5.453E-25  5.073E-09  3.527E-09  1.051E-31  2.029E-08  9.161E-10  1.115E-19
 8.412E+02  1.356E-32  8.286E-18  6.910E-32  1.363E-25  2.464E-25  7.800E-40  5.453E-25  5.119E-09  3.567E-09  1.003E-31  2.048E-08  9.309E-10  1.115E-19
 8.674E+02  1.354E-32  1.323E-17  6.818E-32  1.363E-25  2.464E-25  5.682E-39  5.453E-25  5.166E-09  3.607E-09  9.580E-32  2.066E-08  9.461E-10  1.115E-19
 8.945E+02  1.352E-32  2.083E-17  6.726E-32  1.363E-25  2.464E-25  3.897E-38  5.453E-25  5.213E-09  3.648E-09  9.148E-32  2.085E-08  9.615E-10  1.115E-19
 9.224E+02  1.351E-32  3.233E-17  6.636E-32  1.363E-25  2.464E-25  2.521E-37  5.453E-25  5.261E-09  3.689E-09  8.736E-32  2.104E-08  9.771E-10  1.115E-19
 9.513E+02  1.349E-32  4.950E-17  6.546E-32  1.363E-25  2.464E-25  1.541E-36  5.453E-25  5.308E-09  3.731E-09  8.342E-32  2.123E-08  9.931E-10  1.115E-19
 9.810E+02  1.347E-32  7.481E-17  6.458E-32  1.363E-25  2.464E-25  8.913E-36  5.453E-25  5.357E-09  3.773E-09  7.966E-32  2.143E-08  1.009E-09  1.115E-19
 1.012E+03  1.345E-32  1.116E-16  6.371E-32  1.363E-25  2.464E-25  4.888E-35  5.453E-25  5.406E-09  3.815E-09  7.607E-32  2.162E-08  1.026E-09  1.115E-19
 1.043E+03  1.343E-32  1.645E-16  6.284E-32  1.363E-25  2.464E-25  2.545E-34  5.453E-25  5.455E-09  3.858E-09  7.264E-32  2.182E-08  1.043E-09  1.115E-19
 1.076E+03  1.341E-32  2.396E-16  6.199E-32  1.363E-25  2.464E-25  1.261E-33  5.453E-25  5.504E-09  3.902E-09  6.936E-32  2.202E-08  1.060E-09  1.115E-19
 1.109E+03  1.339E-32  3.450E-16  6.115E-32  1.363E-25  2.464E-25  5.946E-33  5.453E-25  5.554E-09  3.946E-09  6.624E-32  2.222E-08  1.077E-09  1.115E-19
 1.144E+03  1.337E-32  4.911E-16  6.032E-32  1.363E-25  2.464E-25  2.675E-32  5.453E-25  5.605E-09  3.990E-09  6.325E-32  2.242E-08  1.095E-09  1.115E-19
 1.180E+03  1.335E-32  6.915E-16  5.950E-32  1.363E-25  2.464E-25  1.150E-31  5.453E-25  5.656E-09  4.035E-09  6.040E-32  2.262E-08  1.113E-09  1.115E-19
 1.217E+03  1.333E-32  9.634E-16  5.869E-32  1.363E-25  2.464E-25  4.728E-31  5.453E-25  5.707E-09  4.081E-09  5.768E-32  2.283E-08  1.131E-09  1.115E-19
 1.255E+03  1.331E-32  1.328E-15  5.789E-32  1.363E-25  2.464E-25  1.862E-30  5.453E-25  5.759E-09  4.127E-09  5.508E-32  2.303E-08  1.149E-09  1.115E-19
 1.294E+03  1.329E-32  1.814E-15  5.710E-32  1.363E-25  2.464E-25  7.035E-30  5.453E-25  5.811E-09  4.174E-09  5.259E-32  2.324E-08  1.168E-09  1.115E-19
 1.334E+03  1.327E-32  2.453E-15  5.631E-32  1.363E-25  2.464E-25  2.552E-29  5.453E-25  5.864E-09  4.221E-09  5.022E-32  2.345E-08  1.187E-09  1.115E-19
 1.376E+03  1.325E-32  3.285E-15  5.554E-32  1.363E-25  2.464E-25  8.901E-29  5.453E-25  5.917E-09  4.268E-09  4.796E-32  2.367E-08  1.207E-09  1.115E-19
 1.419E+03  1.323E-32  4.361E-15  5.478E-32  1.363E-25  2.464E-25  2.989E-28  5.453E-25  5.970E-09  4.316E-09  4.580E-32  2.388E-08  1.227E-09  1.115E-19
 1.463E+03  1.321E-32  5.739E-15  5.402E-32  1.363E-25  2.464E-25  9.672E-28  5.453E-25  6.024E-09  4.365E-09  4.373E-32  2.410E-08  1.247E-09  1.115E-19
 1.509E+03  1.318E-32  7.487E-15  5.328E-32  1.363E-25  2.464E-25  3.020E-27  5.453E-25  6.079E-09  4.414E-09  4.176E-32  2.431E-08  1.268E-09  1.115E-19
 1.556E+03  1.316E-32  9.687E-15  5.254E-32  1.363E-25  2.464E-25  9.107E-27  5.453E-25  6.134E-09  4.464E-09  3.988E-32  2.453E-08  1.289E-09  1.115E-19
 1.605E+03  1.314E-32  1.243E-14  5.182E-32  1.363E-25  2.464E-25  2.656E-26  5.453E-25  6.189E-09  4.514E-09  3.808E-32  2.476E-08  1.310E-09  1.115E-19
 1.655E+03  1.312E-32  1.584E-14  5.110E-32  1.363E-25  2.464E-25  7.495E-26  5.453E-25  6.245E-09  4.565E-09  3.636E-32  2.498E-08  1.332E-09  1.115E-19
 1.706E+03  1.309E-32  2.002E-14  5.039E-32  1.363E-25  2.464E-25  2.049E-25  5.453E-25  6.301E-09  4.617E-09  3.472E-32  2.521E-08  1.354E-09  1.115E-19
 1.760E+03  8.053E-32  2.511E-14  4.969E-32  1.363E-25  2.464E-25  5.434E-25  5.453E-25  6.358E-09  4.669E-09  3.316E-32  2.543E-08  1.376E-09  1.115E-19
 1.815E+03  6.163E-31  3.129E-14  4.900E-32  1.363E-25  2.464E-25  1.399E-24  5.453E-25  6.415E-09  4.722E-09  3.166E-32  2.566E-08  1.399E-09  1.115E-19
 1.871E+03  4.434E-30  3.871E-14  4.831E-32  1.363E-25  2.464E-25  3.498E-24  5.453E-25  6.473E-09  4.775E-09  3.024E-32  2.589E-08  1.422E-09  1.115E-19
 1.930E+03  3.005E-29  4.758E-14  4.764E-32  1.363E-25  2.464E-25  8.506E-24  5.453E-25  6.531E-09  4.829E-09  2.887E-32  2.613E-08  1.446E-09  1.115E-19
 1.990E+03  1.922E-28  5.810E-14  4.697E-32  1.363E-25  2.464E-25  2.013E-23  5.453E-25  6.590E-09  4.883E-09  2.757E-32  2.636E-08  1.470E-09  1.115E-19
 2.052E+03  1.162E-27  7.050E-14  4.631E-32  1.363E-25  2.464E-25  4.640E-23  5.453E-25  6.649E-09  4.938E-09  2.633E-32  2.660E-08  1.495E-09  1.115E-19
 2.116E+03  6.649E-27  8.503E-14  4.566E-32  1.363E-25  2.464E-25  1.042E-22  5.453E-25  6.709E-09  4.994E-09  2.514E-32  2.684E-08  1.519E-09  1.115E-19
 2.182E+03  3.610E-26  1.020E-13  4.502E-32  1.363E-25  2.464E-25  2.285E-22  5.453E-25  6.769E-09  5.050E-09  2.401E-32  2.708E-08  1.545E-09  1.115E-19
 2.250E+03  1.862E-25  1.215E-13  4.439E-32  1.363E-25  2.464E-25  4.890E-22  5.453E-25  6.830E-09  5.107E-09  2.293E-32  2.732E-08  1.571E-09  1.115E-19
 2.321E+03  9.135E-25  1.441E-13  4.376E-32  1.363E-25  2.464E-25  1.022E-21  5.453E-25  6.891E-09  5.165E-09  2.189E-32  2.757E-08  1.597E-09  1.115E-19
 2.393E+03  4.271E-24  1.699E-13  4.314E-32  1.363E-25  2.464E-25  2.090E-21  5.453E-25  6.953E-09  5.223E-09  2.091E-32  2.781E-08  1.624E-09  1.115E-19
 2.468E+03  1.906E-23  1.993E-13  4.253E-32  1.363E-25  2.464E-25  4.179E-21  5.453E-25  7.015E-09  5.282E-09  1.996E-32  2.806E-08  1.651E-09  1.115E-19
 2.545E+03  8.126E-23  2.325E-13  4.192E-32  1.363E-25  2.464E-25  8.181E-21  5.453E-25  7.078E-09  5.341E-09  1.906E-32  2.831E-08  1.678E-09  1.115E-19
 2.624E+03  3.316E-22  2.700E-13  4.133E-32  1.363E-25  2.464E-25  1.569E-20  5.453E-25  7.141E-09  5.402E-09  1.820E-32  2.857E-08  1.707E-09  1.115E-19
 2.706E+03  1.296E-21  3.121E-13  4.074E-32  1.363E-25  2.464E-25  2.950E-20  5.453E-25  7.205E-09  5.463E-09  1.738E-32  2.882E-08  1.735E-09  1.115E-19
 2.791E+03  4.864E-21  3.590E-13  4.015E-32  2.555E-25  2.464E-25  5.439E-20  5.453E-25  7.269E-09  5.524E-09  1.660E-32  2.908E-08  1.764E-09  1.115E-19
 2.878E+03  1.753E-20  4.112E-13  3.958E-32  9.599E-25  2.464E-25  9.842E-20  5.453E-25  7.334E-09  5.587E-09  1.585E-32  2.934E-08  1.794E-09  1.115E-19
 2.968E+03  6.075E-20  4.688E-13  3.901E-32  3.494E-24  2.464E-25  1.749E-19  5.453E-25  7.400E-09  5.650E-09  1.514E-32  2.960E-08  1.824E-09  1.115E-19
 3.061E+03  2.028E-19  5.323E-13  3.845E-32  1.233E-23  2.464E-25  3.053E-19  5.453E-25  7.465E-09  5.713E-09  1.445E-32  2.986E-08  1.855E-09  1.115E-19
 3.156E+03  6.526E-19  6.020E-13  3.790E-32  4.222E-23  2.464E-25  5.239E-19  5.453E-25  7.532E-09  5.778E-09  1.380E-32  3.013E-08  1.886E-09  1.115E-19
 3.255E+03  2.027E-18  6.780E-13  3.735E-32  1.403E-22  2.464E-25  8.843E-19  5.453E-25  7.599E-09  5.843E-09  1.318E-32  3.040E-08  1.918E-09  1.115E-19
 3.356E+03  6.081E-18  7.607E-13  3.681E-32  4.532E-22  2.464E-25  1.469E-18  5.453E-25  7.666E-09  5.909E-09  1.259E-32  3.067E-08  1.950E-09  1.115E-19
 3.461E+03  1.765E-17  8.502E-13  3.628E-32  1.422E-21  2.464E-25  2.402E-18  5.453E-25  7.734E-09  5.975E-09  1.202E-32  3.094E-08  1.983E-09  1.115E-19
 3.569E+03  4.958E-17  9.469E-13  3.575E-32  4.343E-21  2.464E-25  3.868E-18  5.453E-25  7.803E-09  6.043E-09  1.148E-32  3.121E-08  2.017E-09  1.115E-19
 3.681E+03  1.350E-16  1.051E-12  3.523E-32  1.290E-20  2.464E-25  6.138E-18  5.453E-25  7.872E-09  6.111E-09  1.096E-32  3.149E-08  2.051E-09  1.115E-19
 3.796E+03  3.566E-16  1.162E-12  3.471E-32  3.734E-20  2.464E-25  9.604E-18  5.453E-25  7.941E-09  6.180E-09  1.047E-32  3.177E-08  2.086E-09  1.115E-19
 3.914E+03  9.144E-16  1.281E-12  3.421E-32  1.053E-19  2.464E-25  1.482E-17  5.453E-25  8.012E-09  6.250E-09  9.994E-33  3.205E-08  2.121E-09  1.115E-19
 4.037E+03  2.279E-15  1.408E-12  3.370E-32  2.895E-19  2.464E-25  2.256E-17  5.453E-25  8.082E-09  6.320E-09  9.543E-33  3.233E-08  2.157E-09  1.115E-19
 4.163E+03  5.523E-15  1.542E-12  3.321E-32  7.765E-19  2.464E-25  3.391E-17  5.453E-25  8.154E-09  6.391E-09  9.113E-33  3.261E-08  2.193E-09  1.115E-19
 4.293E+03  1.303E-14  1.684E-12  3.272E-32  2.033E-18  2.464E-25  5.033E-17  5.453E-25  8.225E-09  6.463E-09  8.702E-33  3.290E-08  2.231E-09  1.115E-19
 4.427E+03  2.995E-14  1.834E-12  3.224E-32  5.198E-18  2.464E-25  7.378E-17  5.453E-25  8.298E-09  6.536E-09  8.310E-33  3.319E-08  2.269E-09  1.115E-19
 4.565E+03  6.713E-14  1.991E-12  3.176E-32  1.299E-17  2.464E-25  1.069E-16  5.453E-25  8.371E-09  6.610E-09  7.935E-33  3.348E-08  2.307E-09  1.115E-19
 4.707E+03  1.468E-13  2.156E-12  3.129E-32  3.173E-17  2.464E-25  1.531E-16  5.453E-25  8.444E-09  6.685E-09  7.577E-33  3.378E-08  2.346E-09  1.115E-19
 4.854E+03  3.134E-13  2.328E-12  3.083E-32  7.581E-17  2.464E-25  2.168E-16  5.453E-25  8.518E-09  6.760E-09  7.236E-33  3.407E-08  2.386E-09  1.115E-19
 5.006E+03  6.540E-13  2.507E-12  3.037E-32  1.773E-16  2.464E-25  3.038E-16  5.453E-25  8.593E-09  6.836E-09  6.910E-33  3.437E-08  2.427E-09  1.115E-19
 5.162E+03  1.334E-12  2.694E-12  2.991E-32  4.060E-16  2.464E-25  4.212E-16  5.453E-25  8.668E-09  6.913E-09  6.598E-33  3.467E-08  2.468E-09  1.115E-19
 5.324E+03  2.664E-12  2.887E-12  2.947E-32  9.107E-16  2.464E-25  5.781E-16  5.453E-25  8.743E-09  6.991E-09  6.301E-33  3.497E-08  2.511E-09  1.115E-19
 5.490E+03  5.208E-12  3.087E-12  2.902E-32  2.002E-15  2.464E-25  7.855E-16  5.453E-25  8.820E-09  7.070E-09  6.017E-33  3.528E-08  2.553E-09  1.115E-19
 5.661E+03  9.976E-12  3.292E-12  2.859E-32  4.317E-15  2.464E-25  1.057E-15  5.453E-25  8.896E-09  7.150E-09  5.745E-33  3.559E-08  2.597E-09  1.115E-19
 5.838E+03  1.873E-11  3.504E-12  2.816E-32  9.130E-15  2.464E-25  1.410E-15  5.453E-25  8.974E-09  7.231E-09  5.486E-33  3.590E-08  2.641E-09  1.115E-19
 6.021E+03  3.451E-11  3.722E-12  2.773E-32  1.895E-14  2.464E-25  1.864E-15  5.453E-25  9.052E-09  7.312E-09  5.239E-33  3.621E-08  2.687E-09  1.115E-19
 6.209E+03  6.239E-11  3.944E-12  2.731E-32  3.863E-14  2.464E-25  2.441E-15  5.453E-25  9.130E-09  7.395E-09  5.003E-33  3.652E-08  2.733E-09  1.115E-19
 6.402E+03  1.108E-10  4.171E-12  2.690E-32  7.733E-14  2.464E-25  3.172E-15  5.453E-25  9.209E-09  7.478E-09  4.777E-33  3.684E-08  2.779E-09  1.115E-19
 6.602E+03  1.933E-10  4.403E-12  2.649E-32  1.522E-13  2.464E-25  4.087E-15  5.453E-25  9.289E-09  7.562E-09  4.562E-33  3.716E-08  2.827E-09  1.115E-19
 6.809E+03  3.316E-10  4.638E-12  2.608E-32  2.943E-13  2.464E-25  5.224E-15  5.453E-25  9.369E-09  7.648E-09  4.565E-33  3.748E-08  2.875E-09  1.115E-19
 7.021E+03  5.596E-10  4.877E-12  1.297E-31  5.599E-13  2.464E-25  6.626E-15  5.453E-25  9.450E-09  7.734E-09  3.526E-32  3.780E-08  2.925E-09  1.115E-19
 7.240E+03  9.293E-10  5.119E-12  9.849E-31  1.048E-12  2.464E-25  8.341E-15  5.453E-25  9.531E-09  7.821E-09  2.557E-31  3.813E-08  2.975E-09  1.115E-19
 7.467E+03  1.520E-09  5.364E-12  7.031E-30  1.931E-12  2.464E-25  1.042E-14  5.453E-25  9.613E-09  7.909E-09  1.744E-30  3.845E-08  3.026E-09  1.115E-19
 7.700E+03  2.448E-09  5.610E-12  4.727E-29  3.502E-12  2.464E-25  1.294E-14  5.453E-25  9.696E-09  7.999E-09  1.120E-29  3.878E-08  3.078E-09  1.115E-19
 7.940E+03  3.885E-09  5.858E-12  2.998E-28  6.258E-12  2.464E-25  1.595E-14  5.453E-25  9.779E-09  8.089E-09  6.793E-29  3.911E-08  3.131E-09  1.115E-19
 8.188E+03  6.081E-09  6.108E-12  1.797E-27  1.102E-11  2.464E-25  1.953E-14  5.453E-25  9.862E-09  8.180E-09  3.896E-28  3.945E-08  3.184E-09  1.115E-19
 8.444E+03  9.388E-09  6.358E-12  1.020E-26  1.913E-11  2.464E-25  2.375E-14  5.453E-25  9.946E-09  8.272E-09  2.116E-27  3.979E-08  3.239E-09  1.115E-19
 8.708E+03  1.430E-08  6.608E-12  5.490E-26  3.273E-11  2.464E-25  2.872E-14  5.453E-25  1.003E-08  8.366E-09  1.090E-26  4.012E-08  3.295E-09  1.115E-19
 8.980E+03  2.151E-08  6.858E-12  2.806E-25  5.526E-11  2.464E-25  3.451E-14  5.453E-25  1.012E-08  8.460E-09  5.338E-26  4.047E-08  3.352E-09  1.115E-19
 9.260E+03  3.195E-08  7.107E-12  1.365E-24  9.205E-11  2.464E-25  4.123E-14  5.453E-25  1.020E-08  8.555E-09  2.488E-25  4.081E-08  3.409E-09  1.115E-19
 9.549E+03  4.688E-08  7.355E-12  6.322E-24  1.514E-10  3.358E-16  4.898E-14  2.261E-28  1.029E-08  8.652E-09  1.105E-24  4.116E-08  3.468E-09  1.115E-19
 9.847E+03  6.798E-08  7.601E-12  2.795E-23  2.457E-10  7.965E-16  5.786E-14  1.086E-27  1.038E-08  8.749E-09  4.684E-24  4.150E-08  3.528E-09  1.115E-19
 1.015E+04  9.746E-08  7.846E-12  1.180E-22  3.940E-10  1.846E-15  6.799E-14  5.019E-27  1.046E-08  8.848E-09  1.898E-23  4.185E-08  3.588E-09  1.115E-19
 1.047E+04  1.382E-07  8.088E-12  4.770E-22  6.242E-10  4.181E-15  7.947E-14  2.230E-26  1.055E-08  8.948E-09  7.362E-23  4.221E-08  3.650E-09  1.115E-19
 1.080E+04  1.939E-07  8.327E-12  1.847E-21  9.772E-10  9.263E-15  9.243E-14  9.544E-26  1.064E-08  9.049E-09  2.737E-22  4.256E-08  3.713E-09  1.115E-19
 1.114E+04  2.691E-07  8.563E-12  6.860E-21  1.512E-09  2.008E-14  1.070E-13  3.936E-25  1.073E-08  9.151E-09  9.765E-22  4.292E-08  3.777E-09  1.115E-19
 1.148E+04  3.699E-07  8.795E-12  2.448E-20  2.314E-09  4.263E-14  1.232E-13  1.566E-24  1.082E-08  9.254E-09  3.347E-21  4.328E-08  3.842E-09  1.115E-19
 1.184E+04  5.034E-07  9.024E-12  8.398E-20  3.503E-09  8.867E-14  1.413E-13  6.012E-24  1.091E-08  9.358E-09  1.104E-20  4.364E-08  3.909E-09  1.115E-19
 1.221E+04  6.786E-07  9.248E-12  2.774E-19  5.247E-09  1.808E-13  1.613E-13  2.231E-23  1.100E-08  9.464E-09  3.507E-20  4.400E-08  3.976E-09  1.115E-19
 1.259E+04  9.064E-07  9.468E-12  8.835E-19  7.776E-09  3.614E-13  1.833E-13  8.003E-23  1.109E-08  9.571E-09  1.074E-19  4.437E-08  4.045E-09  1.115E-19
 1.299E+04  1.200E-06  9.683E-12  2.715E-18  1.141E-08  7.090E-13  2.075E-13  2.778E-22  1.118E-08  9.679E-09  3.176E-19  4.473E-08  4.114E-09  1.115E-19
 1.339E+04  1.575E-06  9.893E-12  8.060E-18  1.657E-08  1.365E-12  2.339E-13  9.342E-22  1.128E-08  9.788E-09  9.075E-19  4.510E-08  4.185E-09  1.115E-19
 1.381E+04  2.050E-06  1.010E-11  2.314E-17  2.385E-08  2.583E-12  2.626E-13  3.044E-21  1.137E-08  9.898E-09  2.508E-18  4.548E-08  4.257E-09  1.115E-19
 1.424E+04  2.646E-06  1.030E-11  6.431E-17  3.399E-08  4.800E-12  2.937E-13  9.620E-21  1.146E-08  1.001E-08  6.714E-18  4.585E-08  4.331E-09  1.115E-19
 1.469E+04  3.388E-06  1.049E-11  1.732E-16  4.800E-08  8.771E-12  3.273E-13  2.951E-20  1.156E-08  1.012E-08  1.742E-17  4.623E-08  4.406E-09  1.115E-19
 1.515E+04  4.306E-06  1.068E-11  4.524E-16  6.718E-08  1.576E-11  3.634E-13  8.793E-20  1.165E-08  1.024E-08  4.384E-17  4.660E-08  4.482E-09  1.115E-19
 1.562E+04  5.432E-06  1.086E-11  1.147E-15  9.322E-08  2.788E-11  4.021E-13  2.546E-19  1.175E-08  1.035E-08  1.072E-16  4.698E-08  4.559E-09  1.115E-19
 1.611E+04  6.804E-06  1.103E-11  2.826E-15  1.283E-07  4.853E-11  4.434E-13  7.172E-19  1.184E-08  1.047E-08  2.546E-16  4.737E-08  4.638E-09  1.115E-19
 1.661E+04  8.462E-06  1.120E-11  6.773E-15  1.750E-07  8.320E-11  4.873E-13  1.966E-18  1.194E-08  1.059E-08  5.884E-16  4.775E-08  4.718E-09  1.115E-19
 1.713E+04  1.045E-05  1.136E-11  1.580E-14  2.369E-07  1.405E-10  5.338E-13  5.249E-18  1.203E-08  1.071E-08  1.324E-15  4.814E-08  4.799E-09  1.115E-19
 1.766E+04  1.283E-05  1.152E-11  3.589E-14  3.181E-07  2.339E-10  5.830E-13  1.366E-17  1.213E-08  1.083E-08  2.903E-15  4.853E-08  4.882E-09  1.115E-19
 1.822E+04  1.564E-05  1.167E-11  7.950E-14  4.239E-07  3.840E-10  6.348E-13  3.465E-17  1.223E-08  1.095E-08  6.207E-15  4.892E-08  4.966E-09  1.115E-19
 1.878E+04  1.895E-05  1.181E-11  1.718E-13  5.607E-07  6.217E-10  6.892E-13  8.576E-17  1.233E-08  1.107E-08  1.295E-14  4.931E-08  5.052E-09  1.115E-19
 1.937E+04  2.283E-05  1.195E-11  3.625E-13  7.363E-07  9.933E-10  7.461E-13  2.073E-16  1.243E-08  1.120E-08  2.639E-14  4.970E-08  5.139E-09  1.115E-19
 1.998E+04  2.734E-05  1.207E-11  7.475E-13  9.601E-07  1.566E-09  8.055E-13  4.894E-16  1.252E-08  1.132E-08  5.257E-14  5.010E-08  5.227E-09  1.115E-19
 2.060E+04  3.256E-05  1.220E-11  1.507E-12  1.243E-06  2.439E-09  8.673E-13  1.129E-15  1.262E-08  1.145E-08  1.024E-13  5.050E-08  5.318E-09  1.115E-19
 2.124E+04  3.856E-05  1.231E-11  2.972E-12  1.599E-06  3.752E-09  9.314E-13  2.549E-15  1.272E-08  1.158E-08  1.953E-13  5.089E-08  5.409E-09  1.115E-19
 2.191E+04  4.543E-05  1.242E-11  5.740E-12  2.044E-06  5.703E-09  9.978E-13  5.630E-15  1.282E-08  1.171E-08  3.646E-13  5.130E-08  5.502E-09  1.115E-19
 2.259E+04  5.324E-05  1.252E-11  1.086E-11  2.595E-06  8.569E-09  1.066E-12  1.217E-14  1.292E-08  1.184E-08  6.671E-13  5.170E-08  5.597E-09  1.115E-19
 2.330E+04  6.209E-05  1.261E-11  2.014E-11  3.274E-06  1.273E-08  1.137E-12  2.578E-14  1.303E-08  1.198E-08  1.197E-12  5.210E-08  5.694E-09  1.115E-19
 2.402E+04  7.205E-05  1.270E-11  3.665E-11  4.107E-06  1.870E-08  1.209E-12  5.352E-14  1.313E-08  1.211E-08  2.107E-12  5.251E-08  5.792E-09  1.115E-19
 2.477E+04  8.322E-05  1.278E-11  6.544E-11  5.121E-06  2.719E-08  1.283E-12  1.090E-13  1.323E-08  1.225E-08  3.642E-12  5.292E-08  5.891E-09  1.115E-19
 2.555E+04  9.568E-05  1.286E-11  1.147E-10  6.348E-06  3.912E-08  1.359E-12  2.176E-13  1.333E-08  1.239E-08  6.182E-12  5.333E-08  5.993E-09  1.115E-19
 2.635E+04  1.095E-04  1.292E-11  1.977E-10  7.826E-06  5.572E-08  1.436E-12  4.265E-13  1.343E-08  1.253E-08  1.031E-11  5.374E-08  6.096E-09  1.115E-19
 2.717E+04  1.248E-04  1.298E-11  3.349E-10  9.596E-06  7.859E-08  1.515E-12  8.210E-13  1.354E-08  1.267E-08  1.692E-11  5.415E-08  6.200E-09  1.115E-19
 2.802E+04  1.417E-04  1.304E-11  5.580E-10  1.170E-05  1.098E-07  1.594E-12  1.553E-12  1.364E-08  1.281E-08  2.732E-11  5.456E-08  6.307E-09  1.115E-19
 2.889E+04  1.601E-04  1.309E-11  9.148E-10  1.420E-05  1.520E-07  1.675E-12  2.886E-12  1.374E-08  1.296E-08  4.340E-11  5.498E-08  6.415E-09  1.115E-19
 2.979E+04  1.803E-04  1.313E-11  1.477E-09  1.714E-05  2.085E-07  1.756E-12  5.274E-12  1.385E-08  1.310E-08  6.791E-11  5.540E-08  6.525E-09  1.115E-19
 3.072E+04  2.023E-04  1.317E-11  2.348E-09  2.060E-05  2.835E-07  1.838E-12  9.484E-12  1.395E-08  1.325E-08  1.047E-10  5.581E-08  6.637E-09  1.115E-19
 3.168E+04  2.260E-04  1.320E-11  3.679E-09  2.462E-05  3.822E-07  1.920E-12  1.678E-11  1.406E-08  1.340E-08  1.591E-10  5.623E-08  6.751E-09  1.115E-19
 3.267E+04  2.517E-04  1.322E-11  5.684E-09  2.931E-05  5.111E-07  2.003E-12  2.924E-11  1.416E-08  1.355E-08  2.385E-10  5.665E-08  6.866E-09  1.115E-19
 3.369E+04  2.793E-04  1.324E-11  8.661E-09  3.472E-05  6.780E-07  2.086E-12  5.017E-11  1.427E-08  1.370E-08  3.525E-10  5.707E-08  6.984E-09  1.115E-19
 3.475E+04  3.089E-04  1.325E-11  1.302E-08  4.095E-05  8.924E-07  2.168E-12  8.483E-11  1.437E-08  1.386E-08  5.144E-10  5.750E-08  7.103E-09  1.115E-19
 3.583E+04  3.405E-04  1.326E-11  1.933E-08  4.810E-05  1.166E-06  2.251E-12  1.414E-10  1.448E-08  1.401E-08  7.412E-10  5.792E-08  7.225E-09  1.115E-19
 3.695E+04  3.742E-04  1.326E-11  2.833E-08  5.625E-05  1.512E-06  2.333E-12  2.324E-10  1.459E-08  1.417E-08  1.055E-09  5.834E-08  7.348E-09  1.115E-19
 3.810E+04  4.099E-04  1.326E-11  4.102E-08  6.553E-05  1.946E-06  2.414E-12  3.767E-10  1.469E-08  1.433E-08  1.483E-09  5.877E-08  7.474E-09  1.115E-19
 3.929E+04  4.477E-04  1.325E-11  5.870E-08  7.603E-05  2.489E-06  2.495E-12  6.028E-10  1.480E-08  1.449E-08  2.062E-09  5.919E-08  7.601E-09  1.115E-19
 4.052E+04  4.875E-04  1.324E-11  8.303E-08  8.787E-05  3.161E-06  2.575E-12  9.519E-10  1.491E-08  1.466E-08  2.834E-09  5.962E-08  7.731E-09  1.115E-19
 4.179E+04  5.294E-04  1.322E-11  1.162E-07  1.012E-04  3.988E-06  2.654E-12  1.485E-09  1.501E-08  1.482E-08  3.854E-09  6.005E-08  7.863E-09  1.115E-19
 4.309E+04  5.733E-04  1.320E-11  1.608E-07  1.161E-04  5.001E-06  2.731E-12  2.287E-09  1.512E-08  1.499E-08  5.185E-09  6.048E-08  7.996E-09  1.115E-19
 4.444E+04  6.192E-04  1.317E-11  2.202E-07  1.327E-04  6.231E-06  2.808E-12  3.482E-09  1.523E-08  1.516E-08  6.904E-09  6.091E-08  8.132E-09  1.115E-19
 4.582E+04  6.671E-04  1.314E-11  2.986E-07  1.512E-04  7.718E-06  2.883E-12  5.239E-09  1.533E-08  1.533E-08  9.103E-09  6.133E-08  8.271E-09  1.115E-19
 4.726E+04  7.169E-04  1.310E-11  4.008E-07  1.716E-04  9.505E-06  2.956E-12  7.794E-09  1.544E-08  1.550E-08  1.189E-08  6.176E-08  8.411E-09  1.115E-19
 4.873E+04  7.686E-04  1.306E-11  5.330E-07  1.942E-04  1.164E-05  3.028E-12  1.147E-08  1.555E-08  1.568E-08  1.538E-08  6.219E-08  8.554E-09  1.115E-19
 5.025E+04  8.220E-04  1.302E-11  7.023E-07  2.191E-04  1.417E-05  3.098E-12  1.670E-08  1.566E-08  1.585E-08  1.972E-08  6.262E-08  8.699E-09  1.115E-19
 5.182E+04  8.771E-04  1.297E-11  9.170E-07  2.464E-04  1.717E-05  3.166E-12  2.406E-08  1.576E-08  1.603E-08  2.506E-08  6.305E-08  8.846E-09  1.115E-19
 5.344E+04  9.339E-04  1.292E-11  1.187E-06  2.763E-04  2.069E-05  3.232E-12  3.431E-08  1.587E-08  1.621E-08  3.157E-08  6.348E-08  8.996E-09  1.115E-19
 5.511E+04  9.921E-04  1.287E-11  1.524E-06  3.088E-04  2.481E-05  3.296E-12  4.845E-08  1.598E-08  1.640E-08  3.945E-08  6.391E-08  9.148E-09  1.115E-19
 5.683E+04  1.052E-03  1.281E-11  1.940E-06  3.442E-04  2.961E-05  3.358E-12  6.777E-08  1.609E-08  1.658E-08  4.891E-08  6.434E-08  9.302E-09  1.115E-19
 5.861E+04  1.113E-03  1.275E-11  2.450E-06  3.826E-04  3.516E-05  3.418E-12  9.390E-08  1.619E-08  1.677E-08  6.017E-08  6.477E-08  9.459E-09  1.115E-19
 6.044E+04  1.175E-03  1.268E-11  3.071E-06  4.241E-04  4.157E-05  3.476E-12  1.289E-07  1.630E-08  1.696E-08  7.346E-08  6.520E-08  9.618E-09  1.115E-19
 6.232E+04  1.239E-03  1.262E-11  3.821E-06  4.689E-04  4.893E-05  3.531E-12  1.755E-07  1.641E-08  1.715E-08  8.903E-08  6.563E-08  9.780E-09  1.115E-19
 6.427E+04  1.303E-03  1.255E-11  4.719E-06  5.171E-04  5.733E-05  3.584E-12  2.368E-07  1.651E-08  1.734E-08  1.071E-07  6.606E-08  9.945E-09  1.115E-19
 6.628E+04  1.368E-03  1.247E-11  5.787E-06  5.688E-04  6.691E-05  3.635E-12  3.169E-07  1.662E-08  1.754E-08  1.280E-07  6.648E-08  1.011E-08  1.115E-19
 6.835E+04  1.434E-03  1.240E-11  7.049E-06  6.241E-04  7.776E-05  3.683E-12  4.207E-07  1.673E-08  1.774E-08  1.520E-07  6.691E-08  1.028E-08  1.115E-19
 7.048E+04  1.501E-03  1.232E-11  8.530E-06  6.832E-04  9.002E-05  3.729E-12  5.540E-07  1.683E-08  1.794E-08  1.793E-07  6.734E-08  1.045E-08  1.115E-19
 7.268E+04  1.568E-03  1.224E-11  1.026E-05  7.461E-04  1.038E-04  3.772E-12  7.240E-07  1.694E-08  1.814E-08  2.102E-07  6.776E-08  1.063E-08  1.115E-19
 7.495E+04  1.636E-03  1.215E-11  1.225E-05  8.130E-04  1.193E-04  3.813E-12  9.392E-07  1.705E-08  1.834E-08  2.449E-07  6.819E-08  1.081E-08  1.115E-19
 7.729E+04  1.704E-03  1.207E-11  1.455E-05  8.839E-04  1.365E-04  3.851E-12  1.209E-06  1.715E-08  1.855E-08  2.836E-07  6.861E-08  1.099E-08  1.115E-19
 7.971E+04  1.772E-03  1.198E-11  1.718E-05  9.590E-04  1.557E-04  3.887E-12  1.546E-06  1.726E-08  1.876E-08  3.265E-07  6.903E-08  1.117E-08  1.115E-19
 8.220E+04  1.840E-03  1.189E-11  2.018E-05  1.038E-03  1.770E-04  3.920E-12  1.964E-06  1.736E-08  1.897E-08  3.739E-07  6.945E-08  1.136E-08  1.115E-19
 8.476E+04  1.908E-03  1.180E-11  2.356E-05  1.122E-03  2.006E-04  3.951E-12  2.477E-06  1.747E-08  1.918E-08  4.259E-07  6.987E-08  1.154E-08  1.115E-19
 8.741E+04  1.975E-03  1.171E-11  2.736E-05  1.210E-03  2.266E-04  3.980E-12  3.105E-06  1.757E-08  1.940E-08  4.825E-07  7.028E-08  1.174E-08  1.115E-19
 9.014E+04  2.043E-03  1.162E-11  3.161E-05  1.302E-03  2.551E-04  4.006E-12  3.867E-06  1.767E-08  1.962E-08  5.439E-07  7.070E-08  1.193E-08  1.115E-19
 9.296E+04  2.110E-03  1.152E-11  3.634E-05  1.398E-03  2.863E-04  4.030E-12  4.787E-06  1.778E-08  1.984E-08  6.101E-07  7.111E-08  1.213E-08  1.115E-19
 9.586E+04  2.176E-03  1.142E-11  4.157E-05  1.499E-03  3.205E-04  4.051E-12  5.890E-06  1.788E-08  2.006E-08  6.811E-07  7.152E-08  1.233E-08  1.115E-19
 9.885E+04  2.242E-03  1.132E-11  4.733E-05  1.605E-03  3.577E-04  4.070E-12  7.205E-06  1.798E-08  2.029E-08  7.568E-07  7.193E-08  1.253E-08  1.115E-19
 1.019E+05  2.307E-03  1.122E-11  5.364E-05  1.715E-03  3.980E-04  4.086E-12  8.766E-06  1.808E-08  2.052E-08  8.371E-07  7.234E-08  1.274E-08  1.115E-19
 1.051E+05  2.371E-03  1.112E-11  6.053E-05  1.829E-03  4.418E-04  4.101E-12  1.061E-05  1.819E-08  2.075E-08  9.220E-07  7.274E-08  1.295E-08  1.115E-19
 1.084E+05  2.434E-03  1.102E-11  6.800E-05  1.947E-03  4.890E-04  4.113E-12  1.276E-05  1.829E-08  2.098E-08  1.011E-06  7.315E-08  1.316E-08  1.115E-19
 1.118E+05  2.496E-03  1.092E-11  7.608E-05  2.070E-03  5.400E-04  4.123E-12  1.528E-05  1.839E-08  2.122E-08  1.104E-06  7.354E-08  1.338E-08  1.115E-19
 1.153E+05  2.557E-03  1.081E-11  8.477E-05  2.198E-03  5.947E-04  4.130E-12  1.820E-05  1.849E-08  2.146E-08  1.201E-06  7.394E-08  1.360E-08  1.115E-19
 1.189E+05  2.617E-03  1.071E-11  9.408E-05  2.329E-03  6.535E-04  4.136E-12  2.158E-05  1.858E-08  2.170E-08  1.302E-06  7.433E-08  1.382E-08  1.115E-19
 1.226E+05  2.675E-03  1.060E-11  1.040E-04  2.465E-03  7.164E-04  4.139E-12  2.547E-05  1.868E-08  2.195E-08  1.405E-06  7.472E-08  1.405E-08  1.115E-19
 1.264E+05  2.733E-03  1.050E-11  1.146E-04  2.604E-03  7.835E-04  4.141E-12  2.991E-05  1.878E-08  2.219E-08  1.511E-06  7.511E-08  1.428E-08  1.115E-19
 1.304E+05  2.788E-03  1.039E-11  1.258E-04  2.748E-03  8.551E-04  4.141E-12  3.497E-05  1.887E-08  2.245E-08  1.620E-06  7.549E-08  1.451E-08  1.115E-19
 1.344E+05  2.842E-03  1.029E-11  1.375E-04  2.896E-03  9.311E-04  4.138E-12  4.071E-05  1.897E-08  2.270E-08  1.730E-06  7.587E-08  1.474E-08  1.115E-19
 1.386E+05  2.895E-03  1.018E-11  1.499E-04  3.047E-03  1.012E-03  4.134E-12  4.720E-05  1.906E-08  2.295E-08  1.841E-06  7.625E-08  1.498E-08  1.115E-19
 1.430E+05  2.946E-03  1.007E-11  1.629E-04  3.202E-03  1.097E-03  4.128E-12  5.450E-05  1.916E-08  2.321E-08  1.954E-06  7.662E-08  1.523E-08  1.115E-19
 1.474E+05  2.996E-03  9.962E-12  1.764E-04  3.361E-03  1.188E-03  4.120E-12  6.267E-05  1.925E-08  2.347E-08  2.067E-06  7.699E-08  1.547E-08  1.115E-19
 1.520E+05  3.044E-03  9.853E-12  1.904E-04  3.523E-03  1.283E-03  4.111E-12  7.179E-05  1.934E-08  2.374E-08  2.179E-06  7.736E-08  1.572E-08  1.115E-19
 1.568E+05  3.090E-03  9.745E-12  2.050E-04  3.688E-03  1.383E-03  4.100E-12  8.194E-05  1.943E-08  2.401E-08  2.291E-06  7.772E-08  1.598E-08  1.115E-19
 1.617E+05  3.134E-03  9.636E-12  2.200E-04  3.857E-03  1.489E-03  4.087E-12  9.317E-05  1.952E-08  2.428E-08  2.402E-06  7.807E-08  1.623E-08  1.115E-19
 1.667E+05  3.177E-03  9.527E-12  2.355E-04  4.028E-03  1.600E-03  4.073E-12  1.056E-04  1.961E-08  2.455E-08  2.511E-06  7.842E-08  1.650E-08  1.115E-19
 1.719E+05  3.218E-03  9.418E-12  2.513E-04  4.202E-03  1.716E-03  4.058E-12  1.192E-04  1.969E-08  2.483E-08  2.618E-06  7.877E-08  1.676E-08  1.115E-19
 1.773E+05  3.257E-03  9.309E-12  2.675E-04  4.379E-03  1.837E-03  4.041E-12  1.342E-04  1.978E-08  2.511E-08  2.723E-06  7.911E-08  1.703E-08  1.115E-19
 1.829E+05  3.294E-03  9.201E-12  2.840E-04  4.558E-03  1.964E-03  4.022E-12  1.505E-04  1.986E-08  2.539E-08  2.824E-06  7.945E-08  1.730E-08  1.115E-19
 1.886E+05  3.330E-03  9.092E-12  3.008E-04  4.740E-03  2.096E-03  4.003E-12  1.683E-04  1.994E-08  2.568E-08  2.922E-06  7.978E-08  1.758E-08  1.115E-19
 1.945E+05  3.364E-03  8.984E-12  3.178E-04  4.924E-03  2.234E-03  3.982E-12  1.876E-04  2.003E-08  2.597E-08  3.016E-06  8.010E-08  1.786E-08  1.115E-19
 2.005E+05  3.396E-03  8.876E-12  3.349E-04  5.109E-03  2.377E-03  3.960E-12  2.086E-04  2.011E-08  2.626E-08  3.106E-06  8.042E-08  1.814E-08  1.115E-19
 2.068E+05  3.426E-03  8.768E-12  3.522E-04  5.296E-03  2.525E-03  3.937E-12  2.312E-04  2.018E-08  2.656E-08  3.192E-06  8.074E-08  1.843E-08  1.115E-19
 2.132E+05  3.454E-03  8.660E-12  3.695E-04  5.485E-03  2.679E-03  3.912E-12  2.555E-04  2.026E-08  2.686E-08  3.272E-06  8.105E-08  1.873E-08  1.115E-19
 2.199E+05  3.481E-03  8.553E-12  3.869E-04  5.675E-03  2.838E-03  3.887E-12  2.816E-04  2.034E-08  2.716E-08  3.348E-06  8.135E-08  1.902E-08  1.115E-19
 2.268E+05  3.505E-03  8.446E-12  4.042E-04  5.866E-03  3.003E-03  3.861E-12  3.096E-04  2.041E-08  2.747E-08  3.418E-06  8.165E-08  1.932E-08  1.115E-19
 2.339E+05  3.528E-03  8.339E-12  4.214E-04  6.058E-03  3.173E-03  3.834E-12  3.395E-04  2.048E-08  2.778E-08  3.482E-06  8.194E-08  1.963E-08  1.115E-19
 2.412E+05  3.550E-03  8.233E-12  4.386E-04  6.251E-03  3.348E-03  3.806E-12  3.713E-04  2.056E-08  2.809E-08  3.541E-06  8.222E-08  1.994E-08  1.115E-19
 2.487E+05  3.569E-03  8.127E-12  4.555E-04  6.444E-03  3.529E-03  3.777E-12  4.051E-04  2.062E-08  2.841E-08  3.594E-06  8.250E-08  2.025E-08  1.115E-19
 2.565E+05  3.587E-03  8.022E-12  4.722E-04  6.638E-03  3.714E-03  3.747E-12  4.410E-04  2.069E-08  2.873E-08  3.642E-06  8.277E-08  2.057E-08  1.115E-19
 2.645E+05  3.603E-03  7.918E-12  4.886E-04  6.832E-03  3.905E-03  3.717E-12  4.789E-04  2.076E-08  2.905E-08  3.683E-06  8.304E-08  2.089E-08  1.115E-19
 2.727E+05  3.617E-03  7.814E-12  5.048E-04  7.025E-03  4.100E-03  3.686E-12  5.190E-04  2.082E-08  2.938E-08  3.719E-06  8.329E-08  2.122E-08  1.115E-19
 2.812E+05  3.630E-03  7.710E-12  5.205E-04  7.219E-03  4.301E-03  3.654E-12  5.611E-04  2.089E-08  2.971E-08  3.748E-06  8.354E-08  2.155E-08  1.115E-19
 2.900E+05  3.641E-03  7.607E-12  5.359E-04  7.412E-03  4.506E-03  3.622E-12  6.055E-04  2.095E-08  3.004E-08  3.772E-06  8.379E-08  2.189E-08  1.115E-19
 2.991E+05  3.651E-03  7.505E-12  5.509E-04  7.604E-03  4.716E-03  3.589E-12  6.520E-04  2.101E-08  3.038E-08  3.789E-06  8.402E-08  2.223E-08  1.115E-19
 3.084E+05  3.659E-03  7.403E-12  5.654E-04  7.795E-03  4.930E-03  3.555E-12  7.007E-04  2.106E-08  3.073E-08  3.801E-06  8.425E-08  2.257E-08  1.115E-19
 3.181E+05  3.666E-03  7.303E-12  5.794E-04  7.986E-03  5.148E-03  3.521E-12  7.515E-04  2.112E-08  3.107E-08  3.808E-06  8.447E-08  2.292E-08  1.115E-19
 3.280E+05  3.671E-03  7.202E-12  5.929E-04  8.175E-03  5.371E-03  3.487E-12  8.045E-04  2.117E-08  3.142E-08  3.809E-06  8.468E-08  2.328E-08  1.115E-19
 3.382E+05  3.675E-03  7.103E-12  6.058E-04  8.362E-03  5.597E-03  3.452E-12  8.598E-04  2.122E-08  3.178E-08  3.805E-06  8.489E-08  2.364E-08  1.115E-19
 3.488E+05  3.677E-03  7.004E-12  6.182E-04  8.548E-03  5.828E-03  3.417E-12  9.171E-04  2.127E-08  3.214E-08  3.795E-06  8.508E-08  2.400E-08  1.115E-19
 3.597E+05  3.678E-03  6.906E-12  6.300E-04  8.733E-03  6.062E-03  3.382E-12  9.766E-04  2.132E-08  3.250E-08  3.781E-06  8.527E-08  2.437E-08  1.115E-19
 3.709E+05  3.677E-03  6.809E-12  6.412E-04  8.915E-03  6.299E-03  3.346E-12  1.038E-03  2.136E-08  3.286E-08  3.762E-06  8.545E-08  2.474E-08  1.115E-19
 3.825E+05  3.675E-03  6.713E-12  6.517E-04  9.095E-03  6.540E-03  3.310E-12  1.102E-03  2.141E-08  3.324E-08  3.738E-06  8.562E-08  2.512E-08  1.115E-19
 3.945E+05  3.672E-03  6.617E-12  6.616E-04  9.273E-03  6.784E-03  3.274E-12  1.168E-03  2.145E-08  3.361E-08  3.710E-06  8.578E-08  2.551E-08  1.115E-19
 4.068E+05  3.668E-03  6.522E-12  6.709E-04  9.449E-03  7.031E-03  3.237E-12  1.236E-03  2.148E-08  3.399E-08  3.678E-06  8.594E-08  2.590E-08  1.115E-19
 4.195E+05  3.663E-03  6.428E-12  6.795E-04  9.622E-03  7.280E-03  3.201E-12  1.305E-03  2.152E-08  3.437E-08  3.642E-06  8.608E-08  2.629E-08  1.115E-19
 4.326E+05  3.656E-03  6.335E-12  6.874E-04  9.792E-03  7.532E-03  3.164E-12  1.377E-03  2.156E-08  3.476E-08  3.603E-06  8.622E-08  2.669E-08  1.115E-19
 4.461E+05  3.648E-03  6.243E-12  6.947E-04  9.959E-03  7.785E-03  3.127E-12  1.450E-03  2.159E-08  3.515E-08  3.560E-06  8.635E-08  2.710E-08  1.115E-19
 4.600E+05  3.639E-03  6.151E-12  7.013E-04  1.012E-02  8.041E-03  3.090E-12  1.526E-03  2.162E-08  3.555E-08  3.514E-06  8.647E-08  2.751E-08  1.115E-19
 4.744E+05  3.629E-03  6.061E-12  7.073E-04  1.029E-02  8.299E-03  3.053E-12  1.603E-03  2.164E-08  3.595E-08  3.466E-06  8.658E-08  2.792E-08  1.115E-19
 4.892E+05  3.619E-03  5.971E-12  7.126E-04  1.044E-02  8.558E-03  3.016E-12  1.682E-03  2.167E-08  3.636E-08  3.414E-06  8.668E-08  2.835E-08  1.115E-19
 5.045E+05  3.607E-03  5.882E-12  7.172E-04  1.060E-02  8.819E-03  2.979E-12  1.762E-03  2.169E-08  3.677E-08  3.360E-06  8.677E-08  2.877E-08  1.115E-19
 5.202E+05  3.594E-03  5.794E-12  7.212E-04  1.075E-02  9.080E-03  2.942E-12  1.844E-03  2.171E-08  3.718E-08  3.304E-06  8.685E-08  2.921E-08  1.115E-19
 5.365E+05  3.580E-03  5.707E-12  7.246E-04  1.090E-02  9.342E-03  2.905E-12  1.927E-03  2.173E-08  3.760E-08  3.247E-06  8.692E-08  2.965E-08  1.115E-19
 5.532E+05  3.566E-03  5.621E-12  7.273E-04  1.104E-02  9.605E-03  2.868E-12  2.012E-03  2.175E-08  3.802E-08  3.187E-06  8.698E-08  3.009E-08  1.115E-19
 5.705E+05  3.550E-03  5.536E-12  7.294E-04  1.118E-02  9.868E-03  2.831E-12  2.098E-03  2.176E-08  3.845E-08  3.126E-06  8.703E-08  3.054E-08  1.115E-19
 5.883E+05  3.534E-03  5.452E-12  7.310E-04  1.132E-02  1.013E-02  2.794E-12  2.186E-03  2.177E-08  3.889E-08  3.063E-06  8.708E-08  3.100E-08  1.115E-19
 6.067E+05  3.517E-03  5.368E-12  7.319E-04  1.145E-02  1.039E-02  2.757E-12  2.274E-03  2.178E-08  3.932E-08  3.000E-06  8.711E-08  3.146E-08  1.115E-19
 6.256E+05  3.499E-03  5.286E-12  7.322E-04  1.158E-02  1.066E-02  2.720E-12  2.364E-03  2.178E-08  3.977E-08  2.936E-06  8.713E-08  3.193E-08  1.115E-19
 6.452E+05  3.481E-03  5.204E-12  7.320E-04  1.170E-02  1.092E-02  2.684E-12  2.454E-03  2.179E-08  4.022E-08  2.870E-06  8.715E-08  3.240E-08  1.115E-19
 6.653E+05  3.462E-03  5.123E-12  7.313E-04  1.182E-02  1.118E-02  2.648E-12  2.546E-03  2.179E-08  4.067E-08  2.805E-06  8.715E-08  3.288E-08  1.115E-19
 6.861E+05  3.442E-03  5.044E-12  7.300E-04  1.194E-02  1.144E-02  2.611E-12  2.638E-03  2.179E-08  4.113E-08  2.739E-06  8.715E-08  3.337E-08  1.115E-19
 7.075E+05  3.422E-03  4.965E-12  7.282E-04  1.205E-02  1.170E-02  2.575E-12  2.731E-03  2.178E-08  4.159E-08  2.672E-06  8.713E-08  3.386E-08  1.115E-19
 7.296E+05  3.401E-03  4.887E-12  7.259E-04  1.216E-02  1.195E-02  2.539E-12  2.824E-03  2.178E-08  4.206E-08  2.606E-06  8.710E-08  3.436E-08  1.115E-19
 7.524E+05  3.379E-03  4.810E-12  7.232E-04  1.226E-02  1.221E-02  2.504E-12  2.918E-03  2.177E-08  4.254E-08  2.539E-06  8.707E-08  3.487E-08  1.115E-19
 7.759E+05  3.357E-03  4.734E-12  7.200E-04  1.236E-02  1.246E-02  2.468E-12  3.013E-03  2.176E-08  4.302E-08  2.473E-06  8.702E-08  3.538E-08  1.115E-19
 8.002E+05  3.335E-03  4.659E-12  7.163E-04  1.246E-02  1.271E-02  2.433E-12  3.108E-03  2.174E-08  4.350E-08  2.407E-06  8.697E-08  3.590E-08  1.115E-19
 8.251E+05  3.312E-03  4.584E-12  7.123E-04  1.255E-02  1.296E-02  2.398E-12  3.203E-03  2.173E-08  4.399E-08  2.342E-06  8.690E-08  3.643E-08  1.115E-19
 8.509E+05  3.288E-03  4.511E-12  7.078E-04  1.263E-02  1.321E-02  2.363E-12  3.298E-03  2.171E-08  4.449E-08  2.277E-06  8.682E-08  3.696E-08  1.115E-19
 8.775E+05  3.265E-03  4.438E-12  7.030E-04  1.272E-02  1.345E-02  2.329E-12  3.393E-03  2.168E-08  4.499E-08  2.212E-06  8.674E-08  3.750E-08  1.115E-19
 9.049E+05  3.240E-03  4.367E-12  6.978E-04  1.279E-02  1.369E-02  2.295E-12  3.488E-03  2.166E-08  4.550E-08  2.149E-06  8.664E-08  3.805E-08  1.115E-19
 9.331E+05  3.216E-03  4.296E-12  6.923E-04  1.287E-02  1.392E-02  2.261E-12  3.584E-03  2.163E-08  4.601E-08  2.086E-06  8.654E-08  3.860E-08  1.115E-19
 9.623E+05  3.191E-03  4.227E-12  6.865E-04  1.294E-02  1.415E-02  2.227E-12  3.678E-03  2.161E-08  4.653E-08  2.024E-06  8.642E-08  3.916E-08  1.115E-19
 9.923E+05  3.166E-03  4.158E-12  6.804E-04  1.300E-02  1.438E-02  2.194E-12  3.773E-03  2.157E-08  4.705E-08  1.962E-06  8.630E-08  3.973E-08  1.115E-19
 1.023E+06  3.140E-03  4.090E-12  6.740E-04  1.306E-02  1.461E-02  2.161E-12  3.867E-03  2.154E-08  4.758E-08  1.902E-06  8.616E-08  4.031E-08  1.115E-19
 1.055E+06  3.115E-03  4.023E-12  6.673E-04  1.312E-02  1.483E-02  2.128E-12  3.961E-03  2.150E-08  4.812E-08  1.843E-06  8.602E-08  4.089E-08  1.115E-19
 1.088E+06  3.089E-03  3.957E-12  6.604E-04  1.317E-02  1.504E-02  2.095E-12  4.054E-03  2.147E-08  4.866E-08  1.785E-06  8.586E-08  4.148E-08  1.115E-19
 1.122E+06  3.062E-03  3.891E-12  6.533E-04  1.321E-02  1.525E-02  2.063E-12  4.147E-03  2.142E-08  4.921E-08  1.728E-06  8.570E-08  4.208E-08  1.115E-19
 1.157E+06  3.036E-03  3.827E-12  6.460E-04  1.326E-02  1.546E-02  2.031E-12  4.239E-03  2.138E-08  4.977E-08  1.672E-06  8.552E-08  4.269E-08  1.115E-19
 1.193E+06  3.009E-03  3.763E-12  6.385E-04  1.330E-02  1.566E-02  2.000E-12  4.330E-03  2.134E-08  5.033E-08  1.617E-06  8.534E-08  4.330E-08  1.115E-19
 1.231E+06  2.983E-03  3.701E-12  6.308E-04  1.333E-02  1.586E-02  1.969E-12  4.421E-03  2.129E-08  5.090E-08  1.564E-06  8.515E-08  4.392E-08  1.115E-19
 1.269E+06  2.956E-03  3.639E-12  6.229E-04  1.336E-02  1.605E-02  1.938E-12  4.510E-03  2.124E-08  5.147E-08  1.511E-06  8.495E-08  4.455E-08  1.115E-19
 1.309E+06  2.928E-03  3.578E-12  6.149E-04  1.339E-02  1.624E-02  1.907E-12  4.598E-03  2.118E-08  5.205E-08  1.460E-06  8.474E-08  4.519E-08  1.115E-19
 1.350E+06  2.901E-03  3.518E-12  6.068E-04  1.341E-02  1.642E-02  1.877E-12  4.686E-03  2.113E-08  5.264E-08  1.410E-06  8.451E-08  4.583E-08  1.115E-19
 1.392E+06  2.874E-03  3.458E-12  5.985E-04  1.343E-02  1.660E-02  1.847E-12  4.772E-03  2.107E-08  5.323E-08  1.362E-06  8.428E-08  4.649E-08  1.115E-19
 1.435E+06  2.847E-03  3.400E-12  5.902E-04  1.344E-02  1.677E-02  1.818E-12  4.857E-03  2.101E-08  5.383E-08  1.314E-06  8.405E-08  4.715E-08  1.115E-19
 1.480E+06  2.819E-03  3.342E-12  5.817E-04  1.345E-02  1.693E-02  1.788E-12  4.941E-03  2.095E-08  5.444E-08  1.268E-06  8.380E-08  4.782E-08  1.115E-19
 1.526E+06  2.792E-03  3.285E-12  5.732E-04  1.346E-02  1.709E-02  1.760E-12  5.023E-03  2.089E-08  5.505E-08  1.223E-06  8.354E-08  4.850E-08  1.115E-19
 1.574E+06  2.764E-03  3.229E-12  5.646E-04  1.346E-02  1.724E-02  1.731E-12  5.104E-03  2.082E-08  5.567E-08  1.179E-06  8.328E-08  4.919E-08  1.115E-19
 1.623E+06  2.737E-03  3.174E-12  5.560E-04  1.346E-02  1.739E-02  1.703E-12  5.184E-03  2.075E-08  5.630E-08  1.137E-06  8.300E-08  4.989E-08  1.115E-19
 1.674E+06  2.709E-03  3.120E-12  5.473E-04  1.346E-02  1.753E-02  1.675E-12  5.262E-03  2.068E-08  5.694E-08  1.096E-06  8.272E-08  5.059E-08  1.115E-19
 1.726E+06  2.681E-03  3.066E-12  5.387E-04  1.345E-02  1.767E-02  1.647E-12  5.339E-03  2.061E-08  5.758E-08  1.055E-06  8.243E-08  5.131E-08  1.115E-19
 1.780E+06  2.654E-03  3.014E-12  5.299E-04  1.344E-02  1.780E-02  1.620E-12  5.414E-03  2.053E-08  5.823E-08  1.017E-06  8.213E-08  5.203E-08  1.115E-19
 1.836E+06  2.626E-03  2.962E-12  5.212E-04  1.343E-02  1.793E-02  1.593E-12  5.487E-03  2.046E-08  5.889E-08  9.789E-07  8.183E-08  5.277E-08  1.115E-19
 1.893E+06  2.599E-03  2.910E-12  5.125E-04  1.341E-02  1.804E-02  1.567E-12  5.559E-03  2.038E-08  5.955E-08  9.424E-07  8.151E-08  5.351E-08  1.115E-19
 1.952E+06  2.571E-03  2.860E-12  5.038E-04  1.339E-02  1.816E-02  1.541E-12  5.629E-03  2.030E-08  6.022E-08  9.070E-07  8.119E-08  5.426E-08  1.115E-19
 2.013E+06  2.544E-03  2.810E-12  4.951E-04  1.336E-02  1.826E-02  1.515E-12  5.698E-03  2.022E-08  6.090E-08  8.727E-07  8.086E-08  5.503E-08  1.115E-19
 2.076E+06  2.517E-03  2.761E-12  4.864E-04  1.334E-02  1.836E-02  1.490E-12  5.764E-03  2.013E-08  6.159E-08  8.396E-07  8.053E-08  5.580E-08  1.115E-19
 2.141E+06  2.489E-03  2.713E-12  4.778E-04  1.331E-02  1.846E-02  1.464E-12  5.829E-03  2.005E-08  6.228E-08  8.075E-07  8.018E-08  5.658E-08  1.115E-19
 2.208E+06  2.462E-03  2.665E-12  4.692E-04  1.327E-02  1.855E-02  1.440E-12  5.892E-03  1.996E-08  6.298E-08  7.765E-07  7.983E-08  5.737E-08  1.115E-19
 2.276E+06  2.435E-03  2.619E-12  4.606E-04  1.324E-02  1.863E-02  1.415E-12  5.954E-03  1.987E-08  6.370E-08  7.465E-07  7.947E-08  5.818E-08  1.115E-19
 2.348E+06  2.408E-03  2.573E-12  4.521E-04  1.320E-02  1.871E-02  1.391E-12  6.013E-03  1.978E-08  6.441E-08  7.175E-07  7.911E-08  5.899E-08  1.115E-19
 2.421E+06  2.381E-03  2.527E-12  4.437E-04  1.316E-02  1.878E-02  1.367E-12  6.071E-03  1.968E-08  6.514E-08  6.895E-07  7.873E-08  5.981E-08  1.115E-19
 2.496E+06  2.354E-03  2.483E-12  4.353E-04  1.311E-02  1.884E-02  1.344E-12  6.126E-03  1.959E-08  6.587E-08  6.625E-07  7.836E-08  6.065E-08  1.115E-19
 2.574E+06  2.328E-03  2.439E-12  4.270E-04  1.307E-02  1.890E-02  1.321E-12  6.180E-03  1.949E-08  6.662E-08  6.364E-07  7.797E-08  6.149E-08  1.115E-19
 2.655E+06  2.301E-03  2.395E-12  4.187E-04  1.302E-02  1.896E-02  1.298E-12  6.232E-03  1.939E-08  6.737E-08  6.112E-07  7.758E-08  6.235E-08  1.115E-19
 2.738E+06  2.275E-03  2.353E-12  4.105E-04  1.297E-02  1.900E-02  1.276E-12  6.282E-03  1.930E-08  6.813E-08  5.869E-07  7.718E-08  6.322E-08  1.115E-19
 2.823E+06  2.248E-03  2.311E-12  4.025E-04  1.291E-02  1.905E-02  1.253E-12  6.329E-03  1.919E-08  6.890E-08  5.635E-07  7.678E-08  6.409E-08  1.115E-19
 2.911E+06  2.222E-03  2.270E-12  3.945E-04  1.286E-02  1.908E-02  1.232E-12  6.375E-03  1.909E-08  6.967E-08  5.410E-07  7.637E-08  6.499E-08  1.115E-19
 3.002E+06  2.196E-03  2.229E-12  3.865E-04  1.280E-02  1.911E-02  1.210E-12  6.419E-03  1.899E-08  7.046E-08  5.192E-07  7.596E-08  6.589E-08  1.115E-19
 3.096E+06  2.170E-03  2.189E-12  3.787E-04  1.274E-02  1.914E-02  1.189E-12  6.462E-03  1.888E-08  7.125E-08  4.983E-07  7.554E-08  6.680E-08  1.115E-19
 3.193E+06  2.145E-03  2.150E-12  3.710E-04  1.268E-02  1.916E-02  1.168E-12  6.502E-03  1.878E-08  7.206E-08  4.781E-07  7.511E-08  6.773E-08  1.115E-19
 3.293E+06  2.119E-03  2.111E-12  3.633E-04  1.261E-02  1.918E-02  1.148E-12  6.540E-03  1.867E-08  7.287E-08  4.587E-07  7.468E-08  6.866E-08  1.115E-19
 3.395E+06  2.094E-03  2.073E-12  3.558E-04  1.255E-02  1.919E-02  1.127E-12  6.576E-03  1.856E-08  7.369E-08  4.400E-07  7.425E-08  6.962E-08  1.115E-19
 3.501E+06  2.069E-03  2.036E-12  3.484E-04  1.248E-02  1.919E-02  1.107E-12  6.610E-03  1.845E-08  7.452E-08  4.220E-07  7.381E-08  7.058E-08  1.115E-19
 3.611E+06  2.044E-03  1.999E-12  3.410E-04  1.241E-02  1.919E-02  1.088E-12  6.643E-03  1.834E-08  7.536E-08  4.047E-07  7.337E-08  7.155E-08  1.115E-19
 3.724E+06  2.019E-03  1.963E-12  3.338E-04  1.234E-02  1.919E-02  1.068E-12  6.673E-03  1.823E-08  7.621E-08  3.881E-07  7.292E-08  7.254E-08  1.115E-19
 3.840E+06  1.994E-03  1.927E-12  3.267E-04  1.227E-02  1.918E-02  1.049E-12  6.702E-03  1.812E-08  7.707E-08  3.720E-07  7.247E-08  7.354E-08  1.115E-19
 3.960E+06  1.970E-03  1.892E-12  3.197E-04  1.220E-02  1.916E-02  1.031E-12  6.729E-03  1.800E-08  7.794E-08  3.567E-07  7.201E-08  7.456E-08  1.115E-19
 4.083E+06  1.946E-03  1.858E-12  3.127E-04  1.212E-02  1.914E-02  1.012E-12  6.753E-03  1.789E-08  7.882E-08  3.419E-07  7.155E-08  7.559E-08  1.115E-19
 4.211E+06  1.922E-03  1.824E-12  3.059E-04  1.205E-02  1.912E-02  9.941E-13  6.776E-03  1.777E-08  7.971E-08  3.276E-07  7.109E-08  7.663E-08  1.115E-19
 4.342E+06  1.898E-03  1.791E-12  2.992E-04  1.197E-02  1.909E-02  9.763E-13  6.797E-03  1.766E-08  8.061E-08  3.140E-07  7.062E-08  7.768E-08  1.115E-19
 4.478E+06  1.874E-03  1.758E-12  2.926E-04  1.189E-02  1.906E-02  9.587E-13  6.817E-03  1.754E-08  8.152E-08  3.008E-07  7.015E-08  7.875E-08  1.115E-19
 4.618E+06  1.851E-03  1.726E-12  2.862E-04  1.181E-02  1.903E-02  9.414E-13  6.834E-03  1.742E-08  8.244E-08  2.882E-07  6.968E-08  7.984E-08  1.115E-19
 4.762E+06  1.828E-03  1.694E-12  2.798E-04  1.173E-02  1.899E-02  9.244E-13  6.850E-03  1.730E-08  8.337E-08  2.761E-07  6.920E-08  8.094E-08  1.115E-19
 4.911E+06  1.805E-03  1.663E-12  2.735E-04  1.165E-02  1.894E-02  9.077E-13  6.864E-03  1.718E-08  8.431E-08  2.645E-07  6.873E-08  8.205E-08  1.115E-19
 5.064E+06  1.782E-03  1.632E-12  2.674E-04  1.156E-02  1.889E-02  8.912E-13  6.876E-03  1.706E-08  8.526E-08  2.534E-07  6.825E-08  8.318E-08  1.115E-19
 5.222E+06  1.759E-03  1.602E-12  2.613E-04  1.148E-02  1.884E-02  8.750E-13  6.887E-03  1.694E-08  8.622E-08  2.426E-07  6.776E-08  8.432E-08  1.115E-19
 5.385E+06  1.737E-03  1.573E-12  2.554E-04  1.140E-02  1.879E-02  8.590E-13  6.896E-03  1.682E-08  8.719E-08  2.324E-07  6.728E-08  8.548E-08  1.115E-19
 5.554E+06  1.714E-03  1.544E-12  2.496E-04  1.131E-02  1.873E-02  8.434E-13  6.903E-03  1.670E-08  8.818E-08  2.225E-07  6.679E-08  8.666E-08  1.115E-19
 5.727E+06  1.692E-03  1.515E-12  2.438E-04  1.123E-02  1.867E-02  8.279E-13  6.909E-03  1.657E-08  8.917E-08  2.130E-07  6.630E-08  8.785E-08  1.115E-19
 5.906E+06  1.671E-03  1.487E-12  2.382E-04  1.114E-02  1.860E-02  8.128E-13  6.913E-03  1.645E-08  9.018E-08  2.040E-07  6.581E-08  8.906E-08  1.115E-19
 6.090E+06  1.649E-03  1.459E-12  2.327E-04  1.105E-02  1.853E-02  7.978E-13  6.915E-03  1.633E-08  9.119E-08  1.953E-07  6.531E-08  9.028E-08  1.115E-19
 6.281E+06  1.628E-03  1.432E-12  2.273E-04  1.096E-02  1.846E-02  7.832E-13  6.916E-03  1.620E-08  9.222E-08  1.869E-07  6.482E-08  9.152E-08  1.115E-19
 6.477E+06  1.606E-03  1.405E-12  2.220E-04  1.088E-02  1.839E-02  7.688E-13  6.916E-03  1.608E-08  9.326E-08  1.789E-07  6.432E-08  9.278E-08  1.115E-19
 6.679E+06  1.585E-03  1.379E-12  2.168E-04  1.079E-02  1.831E-02  7.546E-13  6.914E-03  1.596E-08  9.432E-08  1.712E-07  6.383E-08  9.405E-08  1.115E-19
 6.888E+06  1.565E-03  1.354E-12  2.117E-04  1.070E-02  1.823E-02  7.406E-13  6.911E-03  1.583E-08  9.538E-08  1.639E-07  6.333E-08  9.534E-08  1.115E-19
 7.103E+06  1.544E-03  1.328E-12  2.067E-04  1.061E-02  1.815E-02  7.269E-13  6.906E-03  1.571E-08  9.645E-08  1.568E-07  6.283E-08  9.665E-08  1.115E-19
 7.324E+06  1.524E-03  1.303E-12  2.018E-04  1.052E-02  1.807E-02  7.135E-13  6.900E-03  1.558E-08  9.754E-08  1.501E-07  6.233E-08  9.798E-08  1.115E-19
 7.553E+06  1.504E-03  1.279E-12  1.970E-04  1.043E-02  1.798E-02  7.002E-13  6.892E-03  1.546E-08  9.864E-08  1.436E-07  6.183E-08  9.933E-08  1.115E-19
 7.789E+06  1.484E-03  1.255E-12  1.924E-04  1.034E-02  1.789E-02  6.872E-13  6.883E-03  1.533E-08  9.976E-08  1.374E-07  6.133E-08  1.007E-07  1.115E-19
 8.032E+06  1.464E-03  1.231E-12  1.878E-04  1.025E-02  1.780E-02  6.744E-13  6.873E-03  1.521E-08  1.009E-07  1.315E-07  6.083E-08  1.021E-07  1.115E-19
 8.283E+06  1.445E-03  1.208E-12  1.833E-04  1.015E-02  1.771E-02  6.618E-13  6.862E-03  1.508E-08  1.020E-07  1.258E-07  6.033E-08  1.035E-07  1.115E-19
 8.542E+06  1.425E-03  1.186E-12  1.788E-04  1.006E-02  1.761E-02  6.495E-13  6.850E-03  1.496E-08  1.032E-07  1.203E-07  5.983E-08  1.049E-07  1.115E-19
 8.809E+06  1.406E-03  1.163E-12  1.745E-04  9.972E-03  1.751E-02  6.373E-13  6.836E-03  1.483E-08  1.043E-07  1.151E-07  5.932E-08  1.063E-07  1.115E-19
 9.084E+06  1.387E-03  1.141E-12  1.703E-04  9.881E-03  1.741E-02  6.254E-13  6.821E-03  1.471E-08  1.055E-07  1.101E-07  5.882E-08  1.078E-07  1.115E-19
 9.367E+06  1.369E-03  1.120E-12  1.662E-04  9.790E-03  1.731E-02  6.137E-13  6.805E-03  1.458E-08  1.067E-07  1.053E-07  5.832E-08  1.093E-07  1.115E-19
 9.660E+06  1.350E-03  1.098E-12  1.621E-04  9.698E-03  1.721E-02  6.021E-13  6.788E-03  1.446E-08  1.079E-07  1.007E-07  5.782E-08  1.108E-07  1.115E-19
 9.962E+06  1.332E-03  1.078E-12  1.582E-04  9.607E-03  1.711E-02  5.908E-13  6.770E-03  1.433E-08  1.091E-07  9.632E-08  5.732E-08  1.123E-07  1.115E-19
 1.027E+07  1.314E-03  1.057E-12  1.543E-04  9.516E-03  1.700E-02  5.797E-13  6.751E-03  1.421E-08  1.104E-07  9.212E-08  5.682E-08  1.139E-07  1.115E-19
 1.059E+07  1.296E-03  1.037E-12  1.505E-04  9.425E-03  1.689E-02  5.688E-13  6.731E-03  1.408E-08  1.116E-07  8.809E-08  5.632E-08  1.154E-07  1.115E-19
 1.092E+07  1.279E-03  1.018E-12  1.468E-04  9.333E-03  1.678E-02  5.580E-13  6.711E-03  1.396E-08  1.129E-07  8.424E-08  5.583E-08  1.170E-07  1.115E-19
 1.127E+07  1.261E-03  9.982E-13  1.432E-04  9.242E-03  1.668E-02  5.475E-13  6.689E-03  1.383E-08  1.141E-07  8.055E-08  5.533E-08  1.186E-07  1.115E-19
 1.162E+07  1.244E-03  9.792E-13  1.397E-04  9.152E-03  1.656E-02  5.371E-13  6.666E-03  1.371E-08  1.154E-07  7.702E-08  5.484E-08  1.203E-07  1.115E-19
 1.198E+07  1.227E-03  9.605E-13  1.362E-04  9.061E-03  1.645E-02  5.270E-13  6.643E-03  1.359E-08  1.167E-07  7.364E-08  5.434E-08  1.219E-07  1.115E-19
 1.235E+07  1.210E-03  9.422E-13  1.329E-04  8.970E-03  1.634E-02  5.170E-13  6.618E-03  1.346E-08  1.180E-07  7.041E-08  5.385E-08  1.236E-07  1.115E-19
 1.274E+07  1.194E-03  9.242E-13  1.295E-04  8.880E-03  1.623E-02  5.071E-13  6.593E-03  1.334E-08  1.194E-07  6.732E-08  5.336E-08  1.253E-07  1.115E-19
 1.314E+07  1.177E-03  9.066E-13  1.263E-04  8.790E-03  1.611E-02  4.975E-13  6.567E-03  1.322E-08  1.207E-07  6.436E-08  5.287E-08  1.271E-07  1.115E-19
 1.355E+07  1.161E-03  8.892E-13  1.232E-04  8.700E-03  1.600E-02  4.880E-13  6.541E-03  1.309E-08  1.221E-07  6.153E-08  5.238E-08  1.288E-07  1.115E-19
 1.397E+07  1.145E-03  8.722E-13  1.201E-04  8.611E-03  1.588E-02  4.787E-13  6.514E-03  1.297E-08  1.234E-07  5.882E-08  5.189E-08  1.306E-07  1.115E-19
 1.441E+07  1.129E-03  8.555E-13  1.171E-04  8.521E-03  1.576E-02  4.696E-13  6.486E-03  1.285E-08  1.248E-07  5.622E-08  5.141E-08  1.324E-07  1.115E-19
 1.486E+07  1.113E-03  8.391E-13  1.141E-04  8.432E-03  1.565E-02  4.607E-13  6.457E-03  1.273E-08  1.262E-07  5.375E-08  5.092E-08  1.342E-07  1.115E-19
 1.532E+07  1.098E-03  8.230E-13  1.113E-04  8.344E-03  1.553E-02  4.518E-13  6.428E-03  1.261E-08  1.277E-07  5.137E-08  5.044E-08  1.361E-07  1.115E-19
 1.580E+07  1.083E-03  8.072E-13  1.085E-04  8.256E-03  1.541E-02  4.432E-13  6.398E-03  1.249E-08  1.291E-07  4.911E-08  4.996E-08  1.380E-07  1.115E-19
 1.629E+07  1.068E-03  7.917E-13  1.057E-04  8.168E-03  1.529E-02  4.347E-13  6.368E-03  1.237E-08  1.306E-07  4.694E-08  4.948E-08  1.399E-07  1.115E-19
 1.680E+07  1.053E-03  7.764E-13  1.031E-04  8.080E-03  1.517E-02  4.264E-13  6.337E-03  1.225E-08  1.320E-07  4.486E-08  4.901E-08  1.418E-07  1.115E-19
 1.733E+07  1.038E-03  7.615E-13  1.005E-04  7.993E-03  1.505E-02  4.182E-13  6.306E-03  1.213E-08  1.335E-07  4.288E-08  4.854E-08  1.438E-07  1.115E-19
 1.787E+07  1.024E-03  7.468E-13  9.791E-05  7.906E-03  1.493E-02  4.102E-13  6.274E-03  1.202E-08  1.350E-07  4.098E-08  4.807E-08  1.458E-07  1.115E-19
 1.843E+07  1.009E-03  7.324E-13  9.542E-05  7.820E-03  1.481E-02  4.023E-13  6.241E-03  1.190E-08  1.366E-07  3.916E-08  4.760E-08  1.478E-07  1.115E-19
 1.900E+07  9.950E-04  7.182E-13  9.300E-05  7.734E-03  1.469E-02  3.946E-13  6.209E-03  1.178E-08  1.381E-07  3.743E-08  4.713E-08  1.499E-07  1.115E-19
 1.960E+07  9.810E-04  7.044E-13  9.063E-05  7.648E-03  1.457E-02  3.870E-13  6.175E-03  1.167E-08  1.397E-07  3.577E-08  4.667E-08  1.520E-07  1.115E-19
 2.021E+07  9.672E-04  6.907E-13  8.832E-05  7.563E-03  1.445E-02  3.795E-13  6.142E-03  1.155E-08  1.412E-07  3.418E-08  4.620E-08  1.541E-07  1.115E-19
 2.084E+07  9.536E-04  6.774E-13  8.606E-05  7.478E-03  1.433E-02  3.722E-13  6.108E-03  1.144E-08  1.428E-07  3.267E-08  4.575E-08  1.563E-07  1.115E-19
 2.149E+07  9.401E-04  6.643E-13  8.386E-05  7.394E-03  1.421E-02  3.650E-13  6.074E-03  1.132E-08  1.444E-07  3.122E-08  4.529E-08  1.584E-07  1.115E-19
 2.216E+07  9.268E-04  6.514E-13  8.171E-05  7.310E-03  1.409E-02  3.579E-13  6.039E-03  1.121E-08  1.461E-07  2.983E-08  4.484E-08  1.607E-07  1.115E-19
 2.285E+07  9.137E-04  6.388E-13  7.962E-05  7.227E-03  1.396E-02  3.510E-13  6.004E-03  1.110E-08  1.477E-07  2.850E-08  4.438E-08  1.629E-07  1.115E-19
 2.357E+07  9.008E-04  6.264E-13  7.757E-05  7.144E-03  1.384E-02  3.442E-13  5.969E-03  1.098E-08  1.494E-07  2.724E-08  4.394E-08  1.652E-07  1.115E-19
 2.430E+07  8.880E-04  6.142E-13  7.558E-05  7.062E-03  1.372E-02  3.376E-13  5.933E-03  1.087E-08  1.511E-07  2.603E-08  4.349E-08  1.675E-07  1.115E-19
 2.506E+07  8.754E-04  6.023E-13  7.363E-05  6.980E-03  1.360E-02  3.310E-13  5.897E-03  1.076E-08  1.528E-07  2.487E-08  4.305E-08  1.699E-07  1.115E-19
 2.584E+07  8.629E-04  5.905E-13  7.174E-05  6.899E-03  1.348E-02  3.246E-13  5.861E-03  1.065E-08  1.545E-07  2.376E-08  4.261E-08  1.722E-07  1.115E-19
 2.665E+07  8.506E-04  5.790E-13  6.989E-05  6.818E-03  1.336E-02  3.183E-13  5.825E-03  1.054E-08  1.562E-07  2.270E-08  4.217E-08  1.747E-07  1.115E-19
 2.748E+07  8.385E-04  5.678E-13  6.808E-05  6.738E-03  1.324E-02  3.121E-13  5.789E-03  1.043E-08  1.580E-07  2.169E-08  4.174E-08  1.771E-07  1.115E-19
 2.834E+07  8.265E-04  5.567E-13  6.632E-05  6.658E-03  1.312E-02  3.060E-13  5.752E-03  1.033E-08  1.598E-07  2.072E-08  4.130E-08  1.796E-07  1.115E-19
 2.923E+07  8.147E-04  5.458E-13  6.460E-05  6.579E-03  1.300E-02  3.001E-13  5.715E-03  1.022E-08  1.616E-07  1.980E-08  4.088E-08  1.821E-07  1.115E-19
 3.014E+07  8.031E-04  5.352E-13  6.293E-05  6.500E-03  1.288E-02  2.942E-13  5.678E-03  1.011E-08  1.634E-07  1.892E-08  4.045E-08  1.847E-07  1.115E-19
 3.108E+07  7.916E-04  5.247E-13  6.130E-05  6.422E-03  1.276E-02  2.885E-13  5.641E-03  1.001E-08  1.652E-07  1.807E-08  4.003E-08  1.873E-07  1.115E-19
 3.205E+07  7.802E-04  5.145E-13  5.971E-05  6.344E-03  1.264E-02  2.829E-13  5.604E-03  9.902E-09  1.671E-07  1.727E-08  3.961E-08  1.900E-07  1.115E-19
 3.305E+07  7.690E-04  5.044E-13  5.816E-05  6.267E-03  1.252E-02  2.774E-13  5.566E-03  9.798E-09  1.690E-07  1.650E-08  3.919E-08  1.927E-07  1.115E-19
 3.408E+07  7.580E-04  4.946E-13  5.664E-05  6.191E-03  1.240E-02  2.719E-13  5.529E-03  9.694E-09  1.709E-07  1.576E-08  3.878E-08  1.954E-07  1.115E-19
 3.515E+07  7.471E-04  4.849E-13  5.517E-05  6.115E-03  1.228E-02  2.666E-13  5.491E-03  9.592E-09  1.728E-07  1.506E-08  3.837E-08  1.982E-07  1.115E-19
 3.625E+07  7.363E-04  4.754E-13  5.373E-05  6.039E-03  1.216E-02  2.614E-13  5.453E-03  9.490E-09  1.748E-07  1.438E-08  3.796E-08  2.010E-07  1.115E-19
 3.738E+07  7.257E-04  4.661E-13  5.233E-05  5.965E-03  1.205E-02  2.563E-13  5.415E-03  9.389E-09  1.767E-07  1.374E-08  3.756E-08  2.038E-07  1.115E-19
 3.855E+07  7.152E-04  4.569E-13  5.096E-05  5.890E-03  1.193E-02  2.513E-13  5.378E-03  9.289E-09  1.787E-07  1.313E-08  3.715E-08  2.067E-07  1.115E-19
 3.975E+07  7.049E-04  4.480E-13  4.963E-05  5.817E-03  1.181E-02  2.464E-13  5.340E-03  9.189E-09  1.808E-07  1.254E-08  3.676E-08  2.097E-07  1.115E-19
 4.099E+07  6.947E-04  4.392E-13  4.833E-05  5.744E-03  1.170E-02  2.415E-13  5.302E-03  9.091E-09  1.828E-07  1.198E-08  3.636E-08  2.126E-07  1.115E-19
 4.227E+07  6.847E-04  4.306E-13  4.707E-05  5.671E-03  1.158E-02  2.368E-13  5.263E-03  8.993E-09  1.849E-07  1.144E-08  3.597E-08  2.157E-07  1.115E-19
 4.359E+07  6.748E-04  4.221E-13  4.584E-05  5.599E-03  1.146E-02  2.322E-13  5.225E-03  8.896E-09  1.869E-07  1.093E-08  3.558E-08  2.188E-07  1.115E-19
 4.495E+07  6.650E-04  4.138E-13  4.464E-05  5.528E-03  1.135E-02  2.276E-13  5.187E-03  8.799E-09  1.890E-07  1.044E-08  3.520E-08  2.219E-07  1.115E-19
 4.636E+07  6.553E-04  4.057E-13  4.346E-05  5.457E-03  1.123E-02  2.231E-13  5.149E-03  8.704E-09  1.912E-07  9.974E-09  3.482E-08  2.251E-07  1.115E-19
 4.780E+07  6.458E-04  3.977E-13  4.232E-05  5.387E-03  1.112E-02  2.187E-13  5.111E-03  8.609E-09  1.933E-07  9.528E-09  3.444E-08  2.283E-07  1.115E-19
 4.930E+07  6.364E-04  3.898E-13  4.121E-05  5.317E-03  1.101E-02  2.144E-13  5.073E-03  8.515E-09  1.955E-07  9.101E-09  3.406E-08  2.315E-07  1.115E-19
 5.084E+07  6.272E-04  3.822E-13  4.013E-05  5.248E-03  1.089E-02  2.102E-13  5.035E-03  8.422E-09  1.977E-07  8.693E-09  3.369E-08  2.349E-07  1.115E-19
 5.242E+07  6.181E-04  3.746E-13  3.907E-05  5.180E-03  1.078E-02  2.061E-13  4.997E-03  8.330E-09  2.000E-07  8.304E-09  3.332E-08  2.382E-07  1.115E-19
 5.406E+07  6.091E-04  3.672E-13  3.804E-05  5.112E-03  1.067E-02  2.020E-13  4.959E-03  8.238E-09  2.022E-07  7.932E-09  3.295E-08  2.417E-07  1.115E-19
 5.575E+07  6.002E-04  3.600E-13  3.704E-05  5.045E-03  1.056E-02  1.980E-13  4.920E-03  8.148E-09  2.045E-07  7.576E-09  3.259E-08  2.451E-07  1.115E-19
 5.749E+07  5.914E-04  3.529E-13  3.607E-05  4.978E-03  1.045E-02  1.941E-13  4.882E-03  8.058E-09  2.068E-07  7.237E-09  3.223E-08  2.487E-07  1.115E-19
 5.929E+07  5.828E-04  3.459E-13  3.512E-05  4.912E-03  1.033E-02  1.903E-13  4.844E-03  7.969E-09  2.091E-07  6.912E-09  3.187E-08  2.523E-07  1.115E-19
 6.114E+07  5.743E-04  3.391E-13  3.419E-05  4.847E-03  1.022E-02  1.866E-13  4.806E-03  7.880E-09  2.115E-07  6.602E-09  3.152E-08  2.559E-07  1.115E-19
 6.305E+07  5.659E-04  3.324E-13  3.329E-05  4.782E-03  1.012E-02  1.829E-13  4.769E-03  7.793E-09  2.139E-07  6.306E-09  3.117E-08  2.596E-07  1.115E-19
 6.502E+07  5.576E-04  3.258E-13  3.241E-05  4.718E-03  1.001E-02  1.793E-13  4.731E-03  7.706E-09  2.163E-07  6.023E-09  3.082E-08  2.633E-07  1.115E-19
 6.705E+07  5.495E-04  3.194E-13  3.155E-05  4.654E-03  9.899E-03  1.757E-13  4.693E-03  7.620E-09  2.187E-07  5.753E-09  3.048E-08  2.671E-07  1.115E-19
 6.914E+07  5.414E-04  3.130E-13  3.072E-05  4.591E-03  9.792E-03  1.722E-13  4.655E-03  7.535E-09  2.212E-07  5.495E-09  3.014E-08  2.710E-07  1.115E-19
 7.130E+07  5.335E-04  3.068E-13  2.990E-05  4.529E-03  9.685E-03  1.688E-13  4.618E-03  7.451E-09  2.237E-07  5.248E-09  2.980E-08  2.749E-07  1.115E-19
 7.353E+07  5.256E-04  3.008E-13  2.911E-05  4.467E-03  9.580E-03  1.655E-13  4.580E-03  7.367E-09  2.262E-07  5.013E-09  2.947E-08  2.789E-07  1.115E-19
 7.582E+07  5.179E-04  2.948E-13  2.834E-05  4.406E-03  9.474E-03  1.622E-13  4.543E-03  7.284E-09  2.288E-07  4.788E-09  2.914E-08  2.830E-07  1.115E-19
 7.819E+07  5.103E-04  2.890E-13  2.759E-05  4.346E-03  9.370E-03  1.590E-13  4.505E-03  7.202E-09  2.313E-07  4.573E-09  2.881E-08  2.871E-07  1.115E-19
 8.063E+07  5.028E-04  2.832E-13  2.686E-05  4.286E-03  9.266E-03  1.558E-13  4.468E-03  7.121E-09  2.339E-07  4.367E-09  2.848E-08  2.913E-07  1.115E-19
 8.315E+07  4.954E-04  2.776E-13  2.615E-05  4.226E-03  9.163E-03  1.528E-13  4.431E-03  7.041E-09  2.366E-07  4.171E-09  2.816E-08  2.955E-07  1.115E-19
 8.575E+07  4.881E-04  2.721E-13  2.545E-05  4.168E-03  9.060E-03  1.497E-13  4.393E-03  6.961E-09  2.393E-07  3.984E-09  2.784E-08  2.998E-07  1.115E-19
 8.843E+07  4.810E-04  2.667E-13  2.478E-05  4.110E-03  8.959E-03  1.468E-13  4.356E-03  6.882E-09  2.420E-07  3.805E-09  2.753E-08  3.042E-07  1.115E-19
 9.119E+07  4.739E-04  2.614E-13  2.412E-05  4.052E-03  8.858E-03  1.438E-13  4.320E-03  6.804E-09  2.447E-07  3.634E-09  2.722E-08  3.087E-07  1.115E-19
 9.403E+07  4.669E-04  2.562E-13  2.348E-05  3.996E-03  8.757E-03  1.410E-13  4.283E-03  6.727E-09  2.474E-07  3.471E-09  2.691E-08  3.132E-07  1.115E-19
 9.697E+07  4.600E-04  2.511E-13  2.285E-05  3.940E-03  8.658E-03  1.382E-13  4.246E-03  6.650E-09  2.502E-07  3.315E-09  2.660E-08  3.178E-07  1.115E-19
 1.000E+08  4.532E-04  2.461E-13  2.224E-05  3.884E-03  8.559E-03  1.354E-13  4.209E-03  6.574E-09  2.531E-07  3.166E-09  2.630E-08  3.224E-07  1.115E-19
 piHI=  5.066636990509338E-037
 piHeI=  5.066636990509338E-037
 piHeII=  5.066636990509338E-037
