0 0.45 0.00888889 2682.38 2.06737e+13 1.6875e+07 4.82264e+07 0.0461756
1 0.44382576853404 0.00923932 2661.01 2.06737e+13 1.6235e+07 4.7303e+07 0.0477462
2 0.43773625069963 0.00960323 2639.7 2.06737e+13 1.56197e+07 4.63981e+07 0.0493681
3 0.43173028418217 0.00998113 2618.44 2.06737e+13 1.50284e+07 4.55113e+07 0.051043
4 0.42580672261461 0.0103735 2597.25 2.06737e+13 1.44599e+07 4.46422e+07 0.0527724
5 0.41996443535865 0.010781 2576.12 2.06737e+13 1.39134e+07 4.37905e+07 0.0545581
6 0.41420230728893 0.011204 2555.06 2.06737e+13 1.33881e+07 4.29558e+07 0.0564018
7 0.40851923858018 0.0116432 2534.05 2.06737e+13 1.28831e+07 4.21379e+07 0.0583053
8 0.40291414449732 0.0120992 2513.11 2.06737e+13 1.23975e+07 4.13362e+07 0.0602704
9 0.39738595518835 0.0125725 2492.23 2.06737e+13 1.19308e+07 4.05506e+07 0.062299
10 0.39193361548024 0.0130639 2471.42 2.06737e+13 1.1482e+07 3.97807e+07 0.064393
11 0.38655608467743 0.013574 2450.67 2.06737e+13 1.10505e+07 3.90261e+07 0.0665545
12 0.38125233636327 0.0141034 2429.99 2.06737e+13 1.06357e+07 3.82866e+07 0.0687855
13 0.37602135820406 0.0146529 2409.37 2.06737e+13 1.02369e+07 3.75618e+07 0.071088
14 0.37086215175585 0.0152233 2388.82 2.06737e+13 9.85334e+06 3.68515e+07 0.0734643
15 0.36577373227384 0.0158152 2368.34 2.06737e+13 9.48457e+06 3.61553e+07 0.0759165
16 0.36075512852446 0.0164294 2347.92 2.06737e+13 9.12998e+06 3.5473e+07 0.078447
17 0.35580538259992 0.0170668 2327.58 2.06737e+13 8.789e+06 3.48043e+07 0.0810581
18 0.35092354973547 0.0177282 2307.3 2.06737e+13 8.4611e+06 3.41489e+07 0.0837523
19 0.34610869812897 0.0184144 2287.09 2.06737e+13 8.14578e+06 3.35065e+07 0.0865319
20 0.34135990876313 0.0191265 2266.95 2.06737e+13 7.84253e+06 3.28769e+07 0.0893996
21 0.33667627523002 0.0198652 2246.89 2.06737e+13 7.5509e+06 3.22599e+07 0.0923579
22 0.3320569035581 0.0206315 2226.89 2.06737e+13 7.27043e+06 3.1655e+07 0.0954096
23 0.32750091204157 0.0214265 2206.97 2.06737e+13 7.00067e+06 3.10622e+07 0.0985575
24 0.32300743107211 0.0222512 2187.12 2.06737e+13 6.74122e+06 3.04812e+07 0.101804
25 0.31857560297286 0.0231065 2167.35 2.06737e+13 6.49168e+06 2.99117e+07 0.105153
26 0.31420458183473 0.0239937 2147.64 2.06737e+13 6.25165e+06 2.93535e+07 0.108606
27 0.30989353335492 0.0249138 2128.02 2.06737e+13 6.02077e+06 2.88064e+07 0.112168
28 0.30564163467773 0.025868 2108.46 2.06737e+13 5.79868e+06 2.82701e+07 0.11584
29 0.30144807423744 0.0268575 2088.99 2.06737e+13 5.58504e+06 2.77444e+07 0.119627
30 0.29731205160342 0.0278835 2069.59 2.06737e+13 5.37952e+06 2.72292e+07 0.123531
31 0.29323277732738 0.0289474 2050.26 2.06737e+13 5.18181e+06 2.67241e+07 0.127557
32 0.28920947279266 0.0300505 2031.02 2.06737e+13 4.9916e+06 2.62291e+07 0.131706
33 0.28524137006562 0.0311941 2011.85 2.06737e+13 4.8086e+06 2.57438e+07 0.135984
34 0.28132771174906 0.0323796 1992.76 2.06737e+13 4.63254e+06 2.52681e+07 0.140394
35 0.27746775083767 0.0336086 1973.75 2.06737e+13 4.46314e+06 2.48018e+07 0.144939
36 0.27366075057542 0.0348825 1954.83 2.06737e+13 4.30015e+06 2.43447e+07 0.149624
37 0.26990598431498 0.0362028 1935.98 2.06737e+13 4.14332e+06 2.38967e+07 0.154452
38 0.26620273537896 0.0375713 1917.21 2.06737e+13 3.99241e+06 2.34574e+07 0.159427
39 0.26255029692319 0.0389895 1898.53 2.06737e+13 3.84719e+06 2.30269e+07 0.164554
40 0.25894797180172 0.0404592 1879.92 2.06737e+13 3.70744e+06 2.26048e+07 0.169837
41 0.25539507243385 0.041982 1861.4 2.06737e+13 3.57296e+06 2.2191e+07 0.17528
42 0.2518909206728 0.04356 1842.97 2.06737e+13 3.44353e+06 2.17854e+07 0.180888
43 0.24843484767634 0.0451948 1824.61 2.06737e+13 3.31897e+06 2.13877e+07 0.186665
44 0.24502619377909 0.0468885 1806.35 2.06737e+13 3.19908e+06 2.09979e+07 0.192617
45 0.24166430836661 0.0486431 1788.16 2.06737e+13 3.08369e+06 2.06157e+07 0.198747
46 0.23834854975125 0.0504605 1770.07 2.06737e+13 2.97262e+06 2.0241e+07 0.205061
47 0.2350782850496 0.0523431 1752.06 2.06737e+13 2.86571e+06 1.98737e+07 0.211564
48 0.23185289006179 0.0542928 1734.14 2.06737e+13 2.7628e+06 1.95136e+07 0.218261
49 0.22867174915225 0.0563121 1716.3 2.06737e+13 2.66373e+06 1.91605e+07 0.225157
50 0.22553425513227 0.0584032 1698.56 2.06737e+13 2.56835e+06 1.88144e+07 0.232259
51 0.22243980914408 0.0605684 1680.9 2.06737e+13 2.47654e+06 1.8475e+07 0.239571
52 0.21938782054652 0.0628104 1663.33 2.06737e+13 2.38814e+06 1.81423e+07 0.247099
53 0.21637770680238 0.0651316 1645.85 2.06737e+13 2.30303e+06 1.78161e+07 0.254849
54 0.21340889336711 0.0675346 1628.46 2.06737e+13 2.22108e+06 1.74963e+07 0.262827
55 0.21048081357924 0.0700222 1611.16 2.06737e+13 2.14218e+06 1.71827e+07 0.271039
56 0.20759290855217 0.0725972 1593.96 2.06737e+13 2.0662e+06 1.68752e+07 0.279492
57 0.20474462706752 0.0752623 1576.84 2.06737e+13 1.99303e+06 1.65737e+07 0.288192
58 0.20193542546991 0.0780205 1559.82 2.06737e+13 1.92257e+06 1.62781e+07 0.297145
59 0.19916476756318 0.080875 1542.9 2.06737e+13 1.85471e+06 1.59883e+07 0.306358
60 0.19643212450807 0.0838287 1526.06 2.06737e+13 1.78936e+06 1.57041e+07 0.315838
61 0.19373697472127 0.086885 1509.32 2.06737e+13 1.72642e+06 1.54254e+07 0.325592
62 0.19107880377584 0.090047 1492.67 2.06737e+13 1.6658e+06 1.51521e+07 0.335628
63 0.18845710430306 0.0933183 1476.12 2.06737e+13 1.6074e+06 1.48842e+07 0.345952
64 0.18587137589557 0.0967023 1459.67 2.06737e+13 1.55115e+06 1.46214e+07 0.356572
65 0.18332112501185 0.100203 1443.31 2.06737e+13 1.49697e+06 1.43638e+07 0.367496
66 0.18080586488202 0.103823 1427.05 2.06737e+13 1.44477e+06 1.41111e+07 0.378731
67 0.17832511541495 0.107567 1410.88 2.06737e+13 1.39448e+06 1.38634e+07 0.390286
68 0.17587840310658 0.111439 1394.81 2.06737e+13 1.34603e+06 1.36204e+07 0.402169
69 0.1734652609496 0.115443 1378.84 2.06737e+13 1.29934e+06 1.33821e+07 0.414389
70 0.17108522834425 0.119583 1362.97 2.06737e+13 1.25436e+06 1.31485e+07 0.426953
71 0.16873785101047 0.123862 1347.2 2.06737e+13 1.21102e+06 1.29193e+07 0.43987
72 0.16642268090112 0.128287 1331.53 2.06737e+13 1.16926e+06 1.26946e+07 0.453151
73 0.16413927611652 0.13286 1315.95 2.06737e+13 1.12901e+06 1.24742e+07 0.466802
74 0.16188720082008 0.137587 1300.48 2.06737e+13 1.09022e+06 1.2258e+07 0.480835
75 0.15966602515511 0.142473 1285.11 2.06737e+13 1.05283e+06 1.2046e+07 0.495258
76 0.15747532516276 0.147521 1269.84 2.06737e+13 1.0168e+06 1.18381e+07 0.510082
77 0.15531468270114 0.152738 1254.66 2.06737e+13 982073 1.16342e+07 0.525316
78 0.15318368536545 0.158128 1239.6 2.06737e+13 948596 1.14341e+07 0.540969
79 0.15108192640933 0.163697 1224.63 2.06737e+13 916326 1.1238e+07 0.557054
80 0.14900900466717 0.16945 1209.77 2.06737e+13 885216 1.10456e+07 0.57358
81 0.14696452447755 0.175393 1195 2.06737e+13 855224 1.08568e+07 0.590557
82 0.14494809560775 0.18153 1180.35 2.06737e+13 826308 1.06717e+07 0.607998
83 0.14295933317924 0.187869 1165.79 2.06737e+13 798427 1.04901e+07 0.625912
84 0.1409978575942 0.194415 1151.34 2.06737e+13 771544 1.0312e+07 0.644312
85 0.13906329446311 0.201175 1136.99 2.06737e+13 745621 1.01373e+07 0.663209
86 0.13715527453326 0.208153 1122.75 2.06737e+13 720623 9.96591e+06 0.682616
87 0.13527343361827 0.215358 1108.61 2.06737e+13 696514 9.79779e+06 0.702543
88 0.1334174125286 0.222795 1094.58 2.06737e+13 673263 9.63286e+06 0.723004
89 0.13158685700295 0.230472 1080.65 2.06737e+13 650838 9.47108e+06 0.744011
90 0.1297814176407 0.238395 1066.83 2.06737e+13 629207 9.31236e+06 0.765577
91 0.12800074983516 0.246572 1053.12 2.06737e+13 608342 9.15665e+06 0.787715
92 0.12624451370783 0.255009 1039.51 2.06737e+13 588214 9.0039e+06 0.810439
93 0.12451237404352 0.263715 1026 2.06737e+13 568796 8.85403e+06 0.833761
94 0.12280400022636 0.272697 1012.61 2.06737e+13 550062 8.707e+06 0.857696
95 0.12111906617671 0.281962 999.316 2.06737e+13 531987 8.56275e+06 0.882258
96 0.1194572502889 0.291519 986.133 2.06737e+13 514546 8.42122e+06 0.907461
97 0.11781823536985 0.301376 973.056 2.06737e+13 497717 8.28236e+06 0.93332
98 0.11620170857856 0.311542 960.087 2.06737e+13 481476 8.14611e+06 0.95985
99 0.11460736136633 0.322025 947.225 2.06737e+13 465803 8.01243e+06 0.987066
100 0.11303488941793 0.332833 934.471 2.06737e+13 450677 7.88126e+06 1.01498
101 0.1114839925935 0.343976 921.824 2.06737e+13 436077 7.75255e+06 1.04362
102 0.10995437487123 0.355464 909.285 2.06737e+13 421984 7.62625e+06 1.07298
103 0.1084457442909 0.367305 896.854 2.06737e+13 408381 7.50232e+06 1.1031
104 0.10695781289812 0.379509 884.531 2.06737e+13 395248 7.38071e+06 1.13398
105 0.1054902966894 0.392086 872.316 2.06737e+13 382570 7.26136e+06 1.16565
106 0.1040429155579 0.405046 860.209 2.06737e+13 370329 7.14425e+06 1.19811
107 0.10261539324002 0.418399 848.21 2.06737e+13 358509 7.02932e+06 1.23139
108 0.10120745726261 0.432157 836.319 2.06737e+13 347097 6.91653e+06 1.26551
109 0.09981883889101 0.446329 824.536 2.06737e+13 336075 6.80583e+06 1.30048
110 0.09844927307773 0.460926 812.861 2.06737e+13 325432 6.6972e+06 1.33632
111 0.09709849841187 0.475961 801.295 2.06737e+13 315152 6.59057e+06 1.37305
112 0.095766257069222 0.491443 789.836 2.06737e+13 305223 6.48593e+06 1.41068
113 0.094452294763059 0.507386 778.486 2.06737e+13 295633 6.38321e+06 1.44925
114 0.093156360695597 0.523801 767.244 2.06737e+13 286368 6.2824e+06 1.48876
115 0.091878207510129 0.5407 756.11 2.06737e+13 277418 6.18345e+06 1.52925
116 0.090617591243807 0.558095 745.083 2.06737e+13 268772 6.08632e+06 1.57072
117 0.089374271281082 0.576 734.165 2.06737e+13 260417 5.99098e+06 1.61319
118 0.08814801030777 0.594427 723.354 2.06737e+13 252344 5.89739e+06 1.6567
119 0.086938574265762 0.613389 712.651 2.06737e+13 244543 5.80552e+06 1.70125
120 0.085745732308346 0.6329 702.055 2.06737e+13 237004 5.71533e+06 1.74688
121 0.084569256756147 0.652974 691.566 2.06737e+13 229718 5.62679e+06 1.7936
122 0.083408923053667 0.673624 681.185 2.06737e+13 222676 5.53987e+06 1.84144
123 0.082264509726423 0.694866 670.91 2.06737e+13 215869 5.45454e+06 1.89041
124 0.081135798338681 0.716712 660.743 2.06737e+13 209289 5.37077e+06 1.94055
125 0.080022573451752 0.73918 650.681 2.06737e+13 202928 5.28851e+06 1.99187
126 0.078924622582879 0.762282 640.727 2.06737e+13 196778 5.20776e+06 2.0444
127 0.07784173616468 0.786036 630.878 2.06737e+13 190831 5.12847e+06 2.09816
128 0.076773707505141 0.810455 621.135 2.06737e+13 185081 5.05061e+06 2.15317
129 0.075720332748171 0.835558 611.498 2.06737e+13 179521 4.97417e+06 2.20947
130 0.07468141083469 0.861359 601.966 2.06737e+13 174144 4.8991e+06 2.26707
131 0.073656743464251 0.887875 592.539 2.06737e+13 168943 4.82539e+06 2.326
132 0.072646135057192 0.915124 583.217 2.06737e+13 163912 4.75301e+06 2.38629
133 0.071649392717303 0.943121 573.999 2.06737e+13 159046 4.68193e+06 2.44796
134 0.07066632619501 0.971886 564.885 2.06737e+13 154339 4.61213e+06 2.51104
135 0.069696747851062 1.00144 555.875 2.06737e+13 149785 4.54357e+06 2.57555
136 0.068740472620713 1.03179 546.969 2.06737e+13 145379 4.47624e+06 2.64153
137 0.067797317978403 1.06296 538.165 2.06737e+13 141116 4.41012e+06 2.709
138 0.066867103902915 1.09497 529.465 2.06737e+13 136990 4.34518e+06 2.77798
139 0.065949652843016 1.12784 520.866 2.06737e+13 132997 4.28139e+06 2.84852
140 0.065044789683567 1.16159 512.369 2.06737e+13 129133 4.21873e+06 2.92062
141 0.064152341712098 1.19624 503.974 2.06737e+13 125393 4.15719e+06 2.99434
142 0.063272138585846 1.2318 495.68 2.06737e+13 121773 4.09674e+06 3.06968
143 0.062404012299235 1.26831 487.486 2.06737e+13 118268 4.03735e+06 3.14669
144 0.061547797151813 1.30577 479.392 2.06737e+13 114875 3.97902e+06 3.2254
145 0.060703329716624 1.34421 471.398 2.06737e+13 111590 3.92171e+06 3.30583
146 0.059870448809014 1.38365 463.503 2.06737e+13 108409 3.86541e+06 3.38801
147 0.059048995455864 1.42411 455.707 2.06737e+13 105329 3.8101e+06 3.47199
148 0.058238812865249 1.46562 448.009 2.06737e+13 102346 3.75576e+06 3.55778
149 0.05743974639651 1.5082 440.408 2.06737e+13 99456.7 3.70237e+06 3.64542
150 0.056651643530738 1.55186 432.905 2.06737e+13 96658.3 3.64991e+06 3.73495
151 0.055874353841659 1.59664 425.498 2.06737e+13 93947.6 3.59837e+06 3.8264
152 0.055107728966927 1.64255 418.187 2.06737e+13 91321.6 3.54772e+06 3.9198
153 0.054351622579805 1.68962 410.972 2.06737e+13 88777.5 3.49796e+06 4.01518
154 0.053605890361232 1.73788 403.851 2.06737e+13 86312.4 3.44905e+06 4.11258
155 0.052870389972279 1.78734 396.825 2.06737e+13 83923.8 3.40099e+06 4.21204
156 0.052144981026981 1.83803 389.893 2.06737e+13 81609.1 3.35376e+06 4.31358
157 0.05142952506554 1.88999 383.054 2.06737e+13 79365.8 3.30735e+06 4.41725
158 0.050723885527898 1.94322 376.307 2.06737e+13 77191.5 3.26173e+06 4.52309
159 0.050027927727672 1.99777 369.652 2.06737e+13 75083.9 3.21689e+06 4.63112
160 0.049341518826443 2.05365 363.089 2.06737e+13 73040.9 3.17282e+06 4.74139
161 0.048664527808407 2.11089 356.616 2.06737e+13 71060.2 3.12951e+06 4.85393
162 0.047996825455362 2.16952 350.233 2.06737e+13 69139.9 3.08693e+06 4.96878
163 0.047338284322045 2.22956 343.939 2.06737e+13 67277.8 3.04508e+06 5.08598
164 0.046688778711811 2.29105 337.735 2.06737e+13 65472.2 3.00394e+06 5.20557
165 0.046048184652634 2.35401 331.618 2.06737e+13 63721 2.9635e+06 5.32758
166 0.045416379873451 2.41848 325.588 2.06737e+13 62022.7 2.92374e+06 5.45207
167 0.044793243780819 2.48446 319.645 2.06737e+13 60375.3 2.88465e+06 5.57906
168 0.044178657435899 2.55201 313.789 2.06737e+13 58777.3 2.84622e+06 5.7086
169 0.043572503531756 2.62114 308.017 2.06737e+13 57227 2.80843e+06 5.84074
170 0.042974666370965 2.6919 302.33 2.06737e+13 55722.9 2.77128e+06 5.9755
171 0.042385031843528 2.76429 296.727 2.06737e+13 54263.5 2.73475e+06 6.11294
172 0.041803487405097 2.83837 291.207 2.06737e+13 52847.3 2.69882e+06 6.25309
173 0.04122992205549 2.91416 285.77 2.06737e+13 51473 2.6635e+06 6.39601
174 0.040664226317504 2.99168 280.414 2.06737e+13 50139.1 2.62876e+06 6.54173
175 0.040106292216019 3.07098 275.139 2.06737e+13 48844.4 2.5946e+06 6.6903
176 0.03955601325739 3.15209 269.945 2.06737e+13 47587.7 2.561e+06 6.84176
177 0.03901328440912 3.23503 264.83 2.06737e+13 46367.6 2.52796e+06 6.99616
178 0.038478002079811 3.31984 259.794 2.06737e+13 45183 2.49546e+06 7.15355
179 0.037950064099392 3.40655 254.836 2.06737e+13 44032.9 2.46349e+06 7.31397
180 0.03742936969962 3.49521 249.955 2.06737e+13 42916 2.43205e+06 7.47746
181 0.036915819494842 3.58583 245.15 2.06737e+13 41831.4 2.40112e+06 7.64408
182 0.036409315463027 3.67846 240.422 2.06737e+13 40778 2.3707e+06 7.81388
183 0.035909760927059 3.77314 235.768 2.06737e+13 39754.8 2.34077e+06 7.9869
184 0.035417060536279 3.86989 231.189 2.06737e+13 38760.9 2.31132e+06 8.16319
185 0.034931120248291 3.96875 226.683 2.06737e+13 37795.4 2.28235e+06 8.3428
186 0.034451847311007 4.06976 222.25 2.06737e+13 36857.3 2.25385e+06 8.52578
187 0.033979150244945 4.17296 217.889 2.06737e+13 35945.8 2.2258e+06 8.71219
188 0.03351293882577 4.27839 213.599 2.06737e+13 35060.1 2.19821e+06 8.90207
189 0.03305312406707 4.38607 209.379 2.06737e+13 34199.3 2.17106e+06 9.09548
190 0.032599618203375 4.49605 205.229 2.06737e+13 33362.7 2.14434e+06 9.29246
191 0.032152334673398 4.60837 201.148 2.06737e+13 32549.6 2.11805e+06 9.49308
192 0.031711188103522 4.72307 197.134 2.06737e+13 31759.1 2.09217e+06 9.69739
193 0.031276094291496 4.84018 193.188 2.06737e+13 30990.7 2.0667e+06 9.90544
194 0.03084697019037 4.95975 189.309 2.06737e+13 30243.6 2.04164e+06 10.1173
195 0.030423733892639 5.08182 185.495 2.06737e+13 29517.1 2.01697e+06 10.333
196 0.030006304614613 5.20642 181.747 2.06737e+13 28810.7 1.99269e+06 10.5526
197 0.029594602680994 5.3336 178.062 2.06737e+13 28123.7 1.96879e+06 10.7762
198 0.029188549509671 5.4634 174.441 2.06737e+13 27455.6 1.94526e+06 11.0038
199 0.028788067596719 5.59586 170.882 2.06737e+13 26805.7 1.9221e+06 11.2354
200 0.028393080501609 5.73102 167.386 2.06737e+13 26173.5 1.8993e+06 11.4713
201 0.028003512832612 5.86893 163.95 2.06737e+13 25558.4 1.87685e+06 11.7113
202 0.027619290232416 6.00964 160.575 2.06737e+13 24960 1.85475e+06 11.9556
203 0.027240339363926 6.15317 157.259 2.06737e+13 24377.8 1.83299e+06 12.2042
204 0.026866587896273 6.29959 154.002 2.06737e+13 23811.2 1.81156e+06 12.4572
205 0.026497964491002 6.44893 150.803 2.06738e+13 23259.8 1.79046e+06 12.7146
206 0.026134398788459 6.60124 147.662 2.06738e+13 22723.1 1.76969e+06 12.9766
207 0.025775821394362 6.75657 144.576 2.06738e+13 22200.7 1.74923e+06 13.2431
208 0.025422163866554 6.91496 141.547 2.06738e+13 21692.2 1.72908e+06 13.5143
209 0.025073358701937 7.07646 138.573 2.06738e+13 21197.2 1.70924e+06 13.7902
210 0.024729339323593 7.24111 135.652 2.06738e+13 20715.2 1.68969e+06 14.0708
211 0.024390040068073 7.40897 132.786 2.06738e+13 20245.8 1.67044e+06 14.3563
212 0.024055396172864 7.58008 129.972 2.06738e+13 19788.8 1.65148e+06 14.6467
213 0.023725343764027 7.7545 127.21 2.06738e+13 19343.7 1.6328e+06 14.9421
214 0.023399819844008 7.93227 124.499 2.06738e+13 18910.2 1.6144e+06 15.2426
215 0.023078762279611 8.11344 121.839 2.06738e+13 18487.9 1.59627e+06 15.5481
216 0.02276210979014 8.29807 119.228 2.06738e+13 18076.6 1.57842e+06 15.8589
217 0.022449801935701 8.4862 116.667 2.06738e+13 17675.9 1.56082e+06 16.1749
218 0.022141779105665 8.67788 114.154 2.06738e+13 17285.4 1.54349e+06 16.4963
219 0.021837982507295 8.87318 111.689 2.06738e+13 16905 1.52641e+06 16.823
220 0.021538354154519 9.07214 109.271 2.06738e+13 16534.3 1.50958e+06 17.1553
221 0.021242836856862 9.27481 106.899 2.06738e+13 16172.9 1.49299e+06 17.4931
222 0.020951374208533 9.48126 104.573 2.06738e+13 15820.8 1.47665e+06 17.8365
223 0.020663910577659 9.69153 102.291 2.06738e+13 15477.5 1.46054e+06 18.1857
224 0.020380391095663 9.90568 100.054 2.06738e+13 15142.9 1.44467e+06 18.5407
225 0.020100761646793 10.1238 97.8596 2.06738e+13 14816.7 1.42902e+06 18.9015
226 0.019824968857795 10.3458 95.7086 2.06738e+13 14498.7 1.4136e+06 19.2683
227 0.019552960087721 10.572 93.5996 2.06738e+13 14188.6 1.3984e+06 19.6411
228 0.019284683417885 10.8022 91.5321 2.06738e+13 13886.1 1.38342e+06 20.0201
229 0.019020087641952 11.0366 89.5055 2.06738e+13 13591.2 1.36865e+06 20.4053
230 0.018759122256165 11.2753 87.519 2.06738e+13 13303.6 1.35409e+06 20.7967
231 0.018501737449703 11.5182 85.572 2.06738e+13 13023 1.33973e+06 21.1946
232 0.018247884095177 11.7655 83.6639 2.06738e+13 12749.3 1.32558e+06 21.5989
233 0.017997513739249 12.0171 81.794 2.06738e+13 12482.3 1.31163e+06 22.0097
234 0.017750578593388 12.2733 79.9618 2.06738e+13 12221.8 1.29787e+06 22.4272
235 0.017507031524743 12.534 78.1665 2.06738e+13 11967.6 1.2843e+06 22.8514
236 0.017266826047153 12.7993 76.4076 2.06738e+13 11719.5 1.27092e+06 23.2825
237 0.017029916312269 13.0692 74.6844 2.06738e+13 11477.4 1.25772e+06 23.7204
238 0.016796257100807 13.3439 72.9964 2.06738e+13 11241.2 1.24471e+06 24.1654
239 0.016565803813914 13.6234 71.343 2.06738e+13 11010.6 1.23188e+06 24.6175
240 0.016338512464655 13.9077 69.7235 2.06739e+13 10785.5 1.21922e+06 25.0768
241 0.016114339669619 14.197 68.1374 2.06739e+13 10565.7 1.20674e+06 25.5434
242 0.015893242640638 14.4912 66.5841 2.06739e+13 10351.2 1.19442e+06 26.0174
243 0.015675179176621 14.7906 65.063 2.06739e+13 10141.7 1.18227e+06 26.4988
244 0.015460107655494 15.095 63.5736 2.06739e+13 9937.15 1.17029e+06 26.9879
245 0.015247987026264 15.4047 62.1153 2.06739e+13 9737.39 1.15847e+06 27.4847
246 0.015038776801175 15.7196 60.6875 2.06739e+13 9542.3 1.1468e+06 27.9893
247 0.014832437047986 16.0399 59.2898 2.06739e+13 9351.76 1.1353e+06 28.5018
248 0.014628928382345 16.3657 57.9215 2.06739e+13 9165.63 1.12394e+06 29.0223
249 0.014428211960275 16.6969 56.5822 2.06739e+13 8983.81 1.11274e+06 29.551
250 0.014230249470758 17.0337 55.2712 2.06739e+13 8806.19 1.10168e+06 30.0879
251 0.014035003128423 17.3761 53.9882 2.06739e+13 8632.64 1.09077e+06 30.6331
252 0.013842435666333 17.7243 52.7326 2.06739e+13 8463.07 1.08001e+06 31.1868
253 0.013652510328874 18.0783 51.5038 2.06739e+13 8297.36 1.06938e+06 31.7491
254 0.013465190864737 18.4381 50.3014 2.06739e+13 8135.42 1.0589e+06 32.3201
255 0.013280441519999 18.8039 49.1249 2.06739e+13 7977.16 1.04854e+06 32.8999
256 0.0130982270313 19.1758 47.9738 2.06739e+13 7822.46 1.03833e+06 33.4886
257 0.012918512619111 19.5538 46.8477 2.06739e+13 7671.25 1.02824e+06 34.0864
258 0.012741263981097 19.938 45.746 2.06739e+13 7523.43 1.01829e+06 34.6933
259 0.012566447285568 20.3285 44.6683 2.06739e+13 7378.91 1.00846e+06 35.3095
260 0.012394029165022 20.7253 43.6141 2.06739e+13 7237.62 998759 35.9352
261 0.012223976709776 21.1287 42.583 2.06739e+13 7099.46 989181 36.5704
262 0.012056257461686 21.5385 41.5746 2.06739e+13 6964.36 979723 37.2152
263 0.011890839407949 21.9551 40.5883 2.06739e+13 6832.23 970385 37.8699
264 0.011727690974995 22.3783 39.6239 2.06739e+13 6703.01 961165 38.5345
265 0.01156678102246 22.8084 38.6808 2.0674e+13 6576.62 952060 39.2092
266 0.011408078837241 23.2454 37.7586 2.0674e+13 6452.99 943069 39.8941
267 0.011251554127634 23.6894 36.8569 2.0674e+13 6332.05 934190 40.5893
268 0.011097177017555 24.1404 35.9753 2.0674e+13 6213.73 925421 41.295
269 0.010944918040832 24.5987 35.1135 2.0674e+13 6097.97 916760 42.0113
270 0.010794748135588 25.0643 34.2709 2.0674e+13 5984.7 908206 42.7384
271 0.010646638638686 25.5372 33.4473 2.0674e+13 5873.87 899757 43.4764
272 0.010500561280265 26.0177 32.6422 2.0674e+13 5765.4 891411 44.2255
273 0.010356488178338 26.5057 31.8554 2.0674e+13 5659.25 883166 44.9858
274 0.010214391833477 27.0014 31.0863 2.0674e+13 5555.35 875022 45.7574
275 0.010074245123558 27.5049 30.3347 2.0674e+13 5453.66 866975 46.5406
276 0.009936021298585 28.0164 29.6001 2.0674e+13 5354.11 859026 47.3354
277 0.0097996939755892 28.5358 28.8823 2.0674e+13 5256.65 851172 48.142
278 0.0096652371335874 29.0633 28.1809 2.0674e+13 5161.24 843412 48.9607
279 0.0095326251086183 29.599 27.4955 2.0674e+13 5067.82 835745 49.7914
280 0.0094018325888432 30.1431 26.8259 2.0674e+13 4976.35 828168 50.6345
281 0.009272834609715 30.6956 26.1716 2.0674e+13 4886.78 820681 51.4901
282 0.009145606549213 31.2567 25.5325 2.0674e+13 4799.07 813282 52.3583
283 0.0090201241231432 31.8264 24.9081 2.0674e+13 4713.16 805970 53.2393
284 0.0088963633805034 32.4049 24.2981 2.0674e+13 4629.02 798744 54.1334
285 0.0087743006989112 32.9923 23.7023 2.0674e+13 4546.6 791601 55.0405
286 0.0086539127800957 33.5887 23.1203 2.06741e+13 4465.87 784542 55.9611
287 0.0085351766454502 34.1943 22.5519 2.06741e+13 4386.78 777564 56.8951
288 0.0084180696316461 34.8091 21.9967 2.06741e+13 4309.3 770666 57.8429
289 0.0083025693863076 35.4333 21.4545 2.06741e+13 4233.39 763848 58.8045
290 0.0081886538637449 36.0671 20.925 2.06741e+13 4159 757108 59.7802
291 0.0080763013207464 36.7104 20.4079 2.06741e+13 4086.12 750444 60.7702
292 0.0079654903124284 37.3636 19.903 2.06741e+13 4014.69 743856 61.7747
293 0.0078561996881423 38.0266 19.4099 2.06741e+13 3944.69 737343 62.7938
294 0.007748408587437 38.6997 18.9285 2.06741e+13 3876.08 730903 63.8278
295 0.0076420964360778 39.3829 18.4585 2.06741e+13 3808.84 724535 64.8768
296 0.007537242942119 40.0765 17.9996 2.06741e+13 3742.93 718239 65.9411
297 0.0074338280920306 40.7804 17.5516 2.06741e+13 3678.32 712012 67.0209
298 0.0073318321468788 41.495 17.1143 2.06741e+13 3614.97 705855 68.1163
299 0.0072312356385579 42.2203 16.6873 2.06741e+13 3552.88 699766 69.2277
300 0.007132019366075 42.9564 16.2706 2.06741e+13 3491.99 693744 70.3551
301 0.0070341643918843 43.7036 15.8638 2.06741e+13 3432.29 687789 71.4989
302 0.006937652038273 44.4619 15.4667 2.06741e+13 3373.75 681898 72.6592
303 0.0068424638837962 45.2316 15.0792 2.06742e+13 3316.35 676072 73.8364
304 0.0067485817597607 46.0127 14.7009 2.06742e+13 3260.05 670309 75.0305
305 0.0066559877467569 46.8054 14.3318 2.06742e+13 3204.84 664609 76.2418
306 0.0065646641712391 47.6099 13.9715 2.06742e+13 3150.69 658970 77.4706
307 0.0064745936021513 48.4263 13.62 2.06742e+13 3097.57 653391 78.7171
308 0.0063857588476009 49.2548 13.2769 2.06742e+13 3045.47 647873 79.9816
309 0.0062981429515768 50.0956 12.9422 2.06742e+13 2994.35 642413 81.2643
310 0.006211729190713 50.9488 12.6155 2.06742e+13 2944.21 637012 82.5653
311 0.0061265010710968 51.8145 12.2968 2.06742e+13 2895.02 631668 83.8851
312 0.0060424423251204 52.6931 11.9858 2.06742e+13 2846.75 626380 85.2239
313 0.005959536908376 53.5845 11.6825 2.06742e+13 2799.39 621148 86.5818
314 0.0058777689965933 54.4891 11.3865 2.06742e+13 2752.92 615970 87.9592
315 0.0057971229826191 55.4069 11.0977 2.06742e+13 2707.32 610847 89.3563
316 0.0057175834734384 56.3382 10.816 2.06742e+13 2662.57 605778 90.7735
317 0.0056391352872364 57.2831 10.5412 2.06742e+13 2618.65 600760 92.2109
318 0.0055617634505003 58.2419 10.2731 2.06742e+13 2575.54 595795 93.6688
319 0.0054854531951619 59.2147 10.0116 2.06742e+13 2533.23 590881 95.1476
320 0.0054101899557784 60.2016 9.75659 2.06743e+13 2491.7 586018 96.6475
321 0.0053359593667522 61.203 9.50782 2.06743e+13 2450.93 581204 98.1688
322 0.0052627472595894 62.2189 9.26518 2.06743e+13 2410.91 576440 99.7118
323 0.0051905396601949 63.2497 9.02854 2.06743e+13 2371.63 571724 101.277
324 0.0051193227862054 64.2954 8.79774 2.06743e+13 2333.05 567055 102.864
325 0.0050490830443588 65.3563 8.57266 2.06743e+13 2295.18 562434 104.474
326 0.0049798070278995 66.4326 8.35316 2.06743e+13 2258 557859 106.107
327 0.0049114815140194 67.5245 8.1391 2.06743e+13 2221.49 553331 107.763
328 0.0048440934613343 68.6322 7.93036 2.06743e+13 2185.63 548847 109.442
329 0.0047776300073943 69.7559 7.72681 2.06743e+13 2150.42 544409 111.146
330 0.004712078466229 70.8959 7.52834 2.06743e+13 2115.85 540014 112.873
331 0.0046474263259263 72.0523 7.33481 2.06743e+13 2081.89 535663 114.626
332 0.0045836612462435 73.2255 7.14611 2.06743e+13 2048.54 531355 116.403
333 0.0045207710562528 74.4155 6.96213 2.06743e+13 2015.78 527089 118.205
334 0.0044587437520175 75.6227 6.78276 2.06743e+13 1983.6 522865 120.033
335 0.0043975674943011 76.8473 6.60787 2.06744e+13 1951.99 518683 121.886
336 0.0043372306063079 78.0895 6.43738 2.06744e+13 1920.94 514541 123.766
337 0.0042777215714533 79.3495 6.27116 2.06744e+13 1890.44 510439 125.673
338 0.0042190290311665 80.6277 6.10912 2.06744e+13 1860.47 506377 127.606
339 0.004161141782722 81.9241 5.95115 2.06744e+13 1831.03 502355 129.567
340 0.0041040487771016 83.2392 5.79717 2.06744e+13 1802.1 498371 131.555
341 0.0040477391168852 84.5731 5.64707 2.06744e+13 1773.68 494425 133.572
342 0.0039922020541708 85.9262 5.50075 2.06744e+13 1745.75 490517 135.617
343 0.0039374269885235 87.2986 5.35813 2.06744e+13 1718.3 486646 137.691
344 0.0038834034649514 88.6906 5.21912 2.06744e+13 1691.34 482812 139.795
345 0.0038301211719107 90.1025 5.08363 2.06744e+13 1664.83 479014 141.928
346 0.0037775699393373 91.5346 4.95157 2.06744e+13 1638.79 475252 144.091
347 0.0037257397367055 92.9871 4.82286 2.06744e+13 1613.19 471526 146.284
348 0.0036746206711137 94.4603 4.69742 2.06744e+13 1588.03 467834 148.509
349 0.0036242029853958 95.9546 4.57516 2.06745e+13 1563.3 464178 150.765
350 0.0035744770562593 97.4701 4.45602 2.06745e+13 1538.99 460555 153.052
351 0.003525433392448 99.0073 4.33991 2.06745e+13 1515.1 456966 155.372
352 0.0034770626329307 100.566 4.22675 2.06745e+13 1491.61 453410 157.725
353 0.0034293555451144 102.147 4.11648 2.06745e+13 1468.52 449887 160.11
354 0.0033823030230819 103.751 4.00903 2.06745e+13 1445.83 446397 162.529
355 0.0033358960858541 105.378 3.90432 2.06745e+13 1423.51 442938 164.983
356 0.0032901258756754 107.027 3.80229 2.06745e+13 1401.57 439512 167.47
357 0.003244983656323 108.7 3.70287 2.06745e+13 1380 436117 169.993
358 0.00320046081144 110.397 3.606 2.06745e+13 1358.79 432752 172.551
359 0.0031565488428899 112.118 3.51161 2.06745e+13 1337.94 429419 175.146
360 0.0031132393691352 113.863 3.41964 2.06745e+13 1317.43 426115 177.776
361 0.0030705241236375 115.633 3.33004 2.06745e+13 1297.27 422841 180.444
362 0.0030283949532794 117.428 3.24273 2.06745e+13 1277.44 419597 183.149
363 0.0029868438168086 119.248 3.15767 2.06746e+13 1257.94 416382 185.892
364 0.0029458627833027 121.094 3.0748 2.06746e+13 1238.76 413196 188.673
365 0.002905444030656 122.966 2.99407 2.06746e+13 1219.9 410039 191.494
366 0.0028655798440856 124.865 2.91542 2.06746e+13 1201.35 406909 194.354
367 0.0028262626146599 126.791 2.83879 2.06746e+13 1183.1 403808 197.254
368 0.0027874848378455 128.744 2.76414 2.06746e+13 1165.16 400734 200.195
369 0.0027492391120751 130.724 2.69142 2.06746e+13 1147.51 397687 203.177
370 0.0027115181373346 132.732 2.62058 2.06746e+13 1130.15 394667 206.201
371 0.0026743147137701 134.769 2.55158 2.06746e+13 1113.07 391673 209.267
372 0.0026376217403131 136.834 2.48436 2.06746e+13 1096.27 388706 212.377
373 0.0026014322133257 138.929 2.41888 2.06746e+13 1079.74 385765 215.529
374 0.0025657392252634 141.053 2.3551 2.06746e+13 1063.48 382849 218.726
375 0.0025305359633566 143.207 2.29297 2.06746e+13 1047.49 379959 221.968
376 0.0024958157083106 145.391 2.23245 2.06747e+13 1031.75 377094 225.255
377 0.0024615718330229 147.606 2.17351 2.06747e+13 1016.27 374254 228.589
378 0.0024277978013181 149.853 2.1161 2.06747e+13 1001.03 371439 231.968
379 0.0023944871667006 152.131 2.06018 2.06747e+13 986.045 368647 235.396
380 0.002361633571124 154.44 2.00572 2.06747e+13 971.297 365880 238.871
381 0.0023292307437776 156.783 1.95268 2.06747e+13 956.785 363137 242.395
382 0.0022972724998893 159.158 1.90101 2.06747e+13 942.506 360417 245.968
383 0.0022657527395456 161.567 1.8507 2.06747e+13 928.454 357720 249.591
384 0.0022346654465265 164.01 1.8017 2.06747e+13 914.627 355046 253.264
385 0.002204004687158 166.487 1.75397 2.06747e+13 901.019 352395 256.989
386 0.002173764609179 168.999 1.7075 2.06747e+13 887.628 349767 260.767
387 0.0021439394406244 171.546 1.66223 2.06747e+13 874.449 347160 264.597
388 0.0021145234887235 174.129 1.61815 2.06747e+13 861.478 344576 268.48
389 0.0020855111388133 176.748 1.57523 2.06748e+13 848.713 342014 272.418
390 0.0020568968532669 179.404 1.53342 2.06748e+13 836.149 339473 276.411
391 0.0020286751704366 182.097 1.49272 2.06748e+13 823.783 336953 280.46
392 0.002000840703611 184.828 1.45308 2.06748e+13 811.612 334455 284.565
393 0.0019733881399874 187.597 1.41447 2.06748e+13 799.631 331977 288.727
394 0.0019463122396575 190.405 1.37689 2.06748e+13 787.839 329520 292.948
395 0.0019196078346072 193.252 1.34028 2.06748e+13 776.231 327083 297.228
396 0.00189326982773 196.14 1.30464 2.06748e+13 764.804 324667 301.567
397 0.0018672931918546 199.067 1.26994 2.06748e+13 753.556 322271 305.967
398 0.001841672968785 202.036 1.23614 2.06748e+13 742.483 319894 310.429
399 0.0018164042683542 205.047 1.20324 2.06748e+13 731.582 317537 314.952
400 0.0017914822674907 208.099 1.1712 2.06748e+13 720.851 315200 319.539
401 0.0017669022092982 211.195 1.14001 2.06749e+13 710.286 312881 324.19
402 0.0017426594021473 214.333 1.10963 2.06749e+13 699.885 310582 328.906
403 0.0017187492187802 217.516 1.08006 2.06749e+13 689.645 308302 333.688
404 0.0016951670954276 220.743 1.05127 2.06749e+13 679.562 306040 338.536
405 0.0016719085309373 224.016 1.02323 2.06749e+13 669.636 303796 343.452
406 0.0016489690859153 227.334 0.995937 2.06749e+13 659.862 301571 348.437
407 0.0016263443818783 230.698 0.969362 2.06749e+13 650.239 299364 353.491
408 0.0016040301004181 234.11 0.94349 2.06749e+13 640.763 297175 358.616
409 0.0015820219823773 237.57 0.918301 2.06749e+13 631.433 295003 363.812
410 0.0015603158270364 241.077 0.893777 2.06749e+13 622.245 292849 369.081
411 0.0015389074913117 244.634 0.869902 2.06749e+13 613.199 290712 374.423
412 0.0015177928889649 248.241 0.846658 2.06749e+13 604.29 288593 379.84
413 0.001496967989823 251.898 0.82403 2.0675e+13 595.517 286490 385.332
414 0.001476428819009 255.606 0.802 2.0675e+13 586.878 284405 390.901
415 0.0014561714561833 259.366 0.780554 2.0675e+13 578.371 282336 396.548
416 0.0014361920347953 263.178 0.759676 2.0675e+13 569.993 280284 402.273
417 0.0014164867413456 267.044 0.739351 2.0675e+13 561.742 278247 408.078
418 0.0013970518146578 270.964 0.719565 2.0675e+13 553.616 276228 413.964
419 0.0013778835451608 274.938 0.700304 2.0675e+13 545.613 274224 419.932
420 0.0013589782741809 278.968 0.681554 2.0675e+13 537.731 272236 425.984
421 0.0013403323932431 283.055 0.663301 2.0675e+13 529.968 270264 432.119
422 0.0013219423433827 287.198 0.645534 2.0675e+13 522.323 268307 438.34
423 0.0013038046144656 291.399 0.628238 2.0675e+13 514.792 266366 444.648
424 0.0012859157445187 295.659 0.611401 2.0675e+13 507.375 264440 451.044
425 0.001268272319069 299.978 0.595012 2.06751e+13 500.07 262530 457.529
426 0.0012508709704917 304.358 0.579059 2.06751e+13 492.874 260634 464.104
427 0.0012337083773675 308.799 0.56353 2.06751e+13 485.786 258753 470.771
428 0.001216781263849 313.302 0.548415 2.06751e+13 478.805 256887 477.531
429 0.0012000863990347 317.867 0.533701 2.06751e+13 471.927 255035 484.385
430 0.0011836205963529 322.497 0.51938 2.06751e+13 465.153 253198 491.335
431 0.0011673807129535 327.191 0.505439 2.06751e+13 458.48 251376 498.381
432 0.0011513636491075 331.95 0.49187 2.06751e+13 451.907 249567 505.526
433 0.0011355663476163 336.776 0.478663 2.06751e+13 445.431 247773 512.77
434 0.0011199857932271 341.669 0.465808 2.06751e+13 439.052 245992 520.115
435 0.0011046190120583 346.631 0.453295 2.06751e+13 432.768 244225 527.562
436 0.0010894630710313 351.661 0.441116 2.06751e+13 426.577 242472 535.113
437 0.0010745150773109 356.762 0.429262 2.06752e+13 420.478 240733 542.77
438 0.0010597721777532 361.934 0.417725 2.06752e+13 414.47 239006 550.532
439 0.0010452315583607 367.178 0.406495 2.06752e+13 408.551 237294 558.404
440 0.0010308904437455 372.496 0.395566 2.06752e+13 402.719 235594 566.384
441 0.0010167460965994 377.887 0.384928 2.06752e+13 396.973 233907 574.476
442 0.0010027958171716 383.354 0.374574 2.06752e+13 391.313 232234 582.681
443 0.00098903694275317 388.896 0.364497 2.06752e+13 385.736 230573 590.999
444 0.00097546684716886 394.516 0.35469 2.06752e+13 380.241 228925 599.434
445 0.000962082940276 400.215 0.345145 2.06752e+13 374.827 227289 607.986
446 0.00094888266746998 405.993 0.335855 2.06752e+13 369.493 225666 616.657
447 0.00093586350919666 411.851 0.326813 2.06752e+13 364.237 224055 625.449
448 0.0009230229804715 417.791 0.318014 2.06752e+13 359.059 222457 634.364
449 0.00091035863040522 423.814 0.30945 2.06753e+13 353.956 220871 643.402
450 0.000897868041736 429.921 0.301115 2.06753e+13 348.929 219296 652.567
451 0.00088554883036808 436.113 0.293003 2.06753e+13 343.975 217734 661.859
452 0.00087339864491675 442.391 0.285109 2.06753e+13 339.094 216184 671.28
453 0.00086141516625949 448.756 0.277426 2.06753e+13 334.284 214645 680.833
454 0.00084959610709333 455.211 0.26995 2.06753e+13 329.544 213118 690.518
455 0.00083793921149829 461.755 0.262673 2.06753e+13 324.874 211602 700.339
456 0.00082644225450676 468.39 0.255592 2.06753e+13 320.271 210098 710.296
457 0.00081510304167882 475.118 0.2487 2.06753e+13 315.736 208605 720.392
458 0.00080391940868342 481.94 0.241993 2.06753e+13 311.267 207124 730.628
459 0.00079288922088523 488.857 0.235467 2.06753e+13 306.863 205653 741.007
460 0.00078201037293722 495.87 0.229115 2.06753e+13 302.524 204194 751.53
461 0.00077128078837879 502.981 0.222934 2.06754e+13 298.247 202745 762.2
462 0.00076069841923947 510.19 0.216919 2.06754e+13 294.032 201308 773.018
463 0.00075026124564798 517.501 0.211065 2.06754e+13 289.879 199881 783.987
464 0.00073996727544672 524.913 0.205369 2.06754e+13 285.786 198465 795.109
465 0.00072981454381152 532.428 0.199825 2.06754e+13 281.752 197059 806.385
466 0.0007198011128766 540.048 0.194431 2.06754e+13 277.777 195664 817.819
467 0.00070992507136471 547.774 0.189181 2.06754e+13 273.859 194279 829.411
468 0.00070018453422228 555.608 0.184072 2.06754e+13 269.998 192905 841.165
469 0.00069057764225968 563.551 0.179101 2.06754e+13 266.192 191541 853.083
470 0.00068110256179629 571.604 0.174264 2.06754e+13 262.442 190186 865.166
471 0.00067175748431055 579.77 0.169556 2.06754e+13 258.746 188842 877.418
472 0.00066254062609472 588.049 0.164975 2.06755e+13 255.103 187508 889.84
473 0.00065345022791448 596.444 0.160518 2.06755e+13 251.513 186184 902.435
474 0.00064448455467309 604.955 0.15618 2.06755e+13 247.974 184870 915.205
475 0.00063564189508024 613.585 0.151959 2.06755e+13 244.486 183565 928.153
476 0.00062692056132539 622.335 0.147852 2.06755e+13 241.049 182270 941.282
477 0.00061831888875563 631.207 0.143855 2.06755e+13 237.661 180985 954.593
478 0.00060983523555797 640.203 0.139966 2.06755e+13 234.322 179709 968.089
479 0.0006014679824459 649.324 0.136182 2.06755e+13 231.03 178442 981.773
480 0.00059321553235038 658.571 0.132499 2.06755e+13 227.786 177185 995.648
481 0.00058507631011498 667.948 0.128916 2.06755e+13 224.589 175937 1009.72
482 0.00057704876219521 677.455 0.125429 2.06755e+13 221.437 174698 1023.98
483 0.00056913135636202 687.095 0.122036 2.06755e+13 218.331 173468 1038.44
484 0.00056132258140932 696.868 0.118735 2.06756e+13 215.269 172248 1053.1
485 0.00055362094686557 706.778 0.115523 2.06756e+13 212.25 171036 1067.97
486 0.00054602498270924 716.826 0.112397 2.06756e+13 209.275 169833 1083.05
487 0.00053853323908826 727.013 0.109355 2.06756e+13 206.343 168639 1098.33
488 0.00053114428604328 737.342 0.106396 2.06756e+13 203.452 167454 1113.83
489 0.00052385671323472 747.816 0.103516 2.06756e+13 200.603 166277 1129.54
490 0.0005166691296736 758.434 0.100714 2.06756e+13 197.795 165109 1145.47
491 0.000509580163456 769.201 0.0979878 2.06756e+13 195.026 163949 1161.62
492 0.00050258846150125 780.118 0.095335 2.06756e+13 192.297 162798 1178
493 0.00049569268929364 791.186 0.0927537 2.06756e+13 189.607 161655 1194.6
494 0.00048889153062768 802.409 0.0902421 2.06756e+13 186.955 160521 1211.44
495 0.00048218368735692 813.788 0.0877984 2.06757e+13 184.341 159395 1228.51
496 0.00047556787914615 825.325 0.0854205 2.06757e+13 181.764 158277 1245.82
497 0.00046904284322699 837.023 0.0831069 2.06757e+13 179.224 157167 1263.37
498 0.00046260733415691 848.884 0.0808558 2.06757e+13 176.72 156065 1281.16
499 0.00045626012358151 860.909 0.0786654 2.06757e+13 174.252 154971 1299.2
#m200 = 2.76414
